[2020-09-01 09:07:42] local.ERROR: ErrorException: Undefined property: App\Http\Controllers\Contact\ContactController::$page in D:\Code\api.gejia.com\app\Http\Controllers\Contact\ContactController.php:67
Stack trace:
#0 D:\Code\api.gejia.com\app\Http\Controllers\Contact\ContactController.php(67): Laravel\Lumen\Application->Laravel\Lumen\Concerns\{closure}(8, 'Undefined prope...', 'D:\\Code\\api.gej...', 67, Array)
#1 [internal function]: App\Http\Controllers\Contact\ContactController->getContactList(Object(Laravel\Lumen\Http\Request))
#2 D:\Code\api.gejia.com\vendor\illuminate\container\BoundMethod.php(37): call_user_func_array(Array, Array)
#3 D:\Code\api.gejia.com\vendor\illuminate\container\Util.php(37): Illuminate\Container\BoundMethod::Illuminate\Container\{closure}()
#4 D:\Code\api.gejia.com\vendor\illuminate\container\BoundMethod.php(95): Illuminate\Container\Util::unwrapIfClosure(Object(Closure))
#5 D:\Code\api.gejia.com\vendor\illuminate\container\BoundMethod.php(39): Illuminate\Container\BoundMethod::callBoundMethod(Object(Laravel\Lumen\Application), Array, Object(Closure))
#6 D:\Code\api.gejia.com\vendor\illuminate\container\Container.php(596): Illuminate\Container\BoundMethod::call(Object(Laravel\Lumen\Application), Array, Array, NULL)
#7 D:\Code\api.gejia.com\vendor\laravel\lumen-framework\src\Concerns\RoutesRequests.php(386): Illuminate\Container\Container->call(Array, Array)
#8 D:\Code\api.gejia.com\vendor\laravel\lumen-framework\src\Concerns\RoutesRequests.php(352): Laravel\Lumen\Application->callControllerCallable(Array, Array)
#9 D:\Code\api.gejia.com\vendor\laravel\lumen-framework\src\Concerns\RoutesRequests.php(326): Laravel\Lumen\Application->callLumenController(Object(App\Http\Controllers\Contact\ContactController), 'getContactList', Array)
#10 D:\Code\api.gejia.com\vendor\laravel\lumen-framework\src\Concerns\RoutesRequests.php(279): Laravel\Lumen\Application->callControllerAction(Array)
#11 D:\Code\api.gejia.com\vendor\laravel\lumen-framework\src\Concerns\RoutesRequests.php(264): Laravel\Lumen\Application->callActionOnArrayBasedRoute(Array)
#12 D:\Code\api.gejia.com\vendor\laravel\lumen-framework\src\Concerns\RoutesRequests.php(166): Laravel\Lumen\Application->handleFoundRoute(Array)
#13 D:\Code\api.gejia.com\vendor\laravel\lumen-framework\src\Concerns\RoutesRequests.php(426): Laravel\Lumen\Application->Laravel\Lumen\Concerns\{closure}(Object(Laravel\Lumen\Http\Request))
#14 D:\Code\api.gejia.com\vendor\laravel\lumen-framework\src\Concerns\RoutesRequests.php(172): Laravel\Lumen\Application->sendThroughPipeline(Array, Object(Closure))
#15 D:\Code\api.gejia.com\vendor\laravel\lumen-framework\src\Concerns\RoutesRequests.php(109): Laravel\Lumen\Application->dispatch(NULL)
#16 D:\Code\api.gejia.com\public\index.php(28): Laravel\Lumen\Application->run()
#17 {main} {"exception":"[object] (ErrorException(code: 0): Undefined property: App\\Http\\Controllers\\Contact\\ContactController::$page at D:\\Code\\api.gejia.com\\app\\Http\\Controllers\\Contact\\ContactController.php:67)
[stacktrace]
#0 D:\\Code\\api.gejia.com\\app\\Http\\Controllers\\Contact\\ContactController.php(67): Laravel\\Lumen\\Application->Laravel\\Lumen\\Concerns\\{closure}(8, 'Undefined prope...', 'D:\\\\Code\\\\api.gej...', 67, Array)
#1 [internal function]: App\\Http\\Controllers\\Contact\\ContactController->getContactList(Object(Laravel\\Lumen\\Http\\Request))
#2 D:\\Code\\api.gejia.com\\vendor\\illuminate\\container\\BoundMethod.php(37): call_user_func_array(Array, Array)
#3 D:\\Code\\api.gejia.com\\vendor\\illuminate\\container\\Util.php(37): Illuminate\\Container\\BoundMethod::Illuminate\\Container\\{closure}()
#4 D:\\Code\\api.gejia.com\\vendor\\illuminate\\container\\BoundMethod.php(95): Illuminate\\Container\\Util::unwrapIfClosure(Object(Closure))
#5 D:\\Code\\api.gejia.com\\vendor\\illuminate\\container\\BoundMethod.php(39): Illuminate\\Container\\BoundMethod::callBoundMethod(Object(Laravel\\Lumen\\Application), Array, Object(Closure))
#6 D:\\Code\\api.gejia.com\\vendor\\illuminate\\container\\Container.php(596): Illuminate\\Container\\BoundMethod::call(Object(Laravel\\Lumen\\Application), Array, Array, NULL)
#7 D:\\Code\\api.gejia.com\\vendor\\laravel\\lumen-framework\\src\\Concerns\\RoutesRequests.php(386): Illuminate\\Container\\Container->call(Array, Array)
#8 D:\\Code\\api.gejia.com\\vendor\\laravel\\lumen-framework\\src\\Concerns\\RoutesRequests.php(352): Laravel\\Lumen\\Application->callControllerCallable(Array, Array)
#9 D:\\Code\\api.gejia.com\\vendor\\laravel\\lumen-framework\\src\\Concerns\\RoutesRequests.php(326): Laravel\\Lumen\\Application->callLumenController(Object(App\\Http\\Controllers\\Contact\\ContactController), 'getContactList', Array)
#10 D:\\Code\\api.gejia.com\\vendor\\laravel\\lumen-framework\\src\\Concerns\\RoutesRequests.php(279): Laravel\\Lumen\\Application->callControllerAction(Array)
#11 D:\\Code\\api.gejia.com\\vendor\\laravel\\lumen-framework\\src\\Concerns\\RoutesRequests.php(264): Laravel\\Lumen\\Application->callActionOnArrayBasedRoute(Array)
#12 D:\\Code\\api.gejia.com\\vendor\\laravel\\lumen-framework\\src\\Concerns\\RoutesRequests.php(166): Laravel\\Lumen\\Application->handleFoundRoute(Array)
#13 D:\\Code\\api.gejia.com\\vendor\\laravel\\lumen-framework\\src\\Concerns\\RoutesRequests.php(426): Laravel\\Lumen\\Application->Laravel\\Lumen\\Concerns\\{closure}(Object(Laravel\\Lumen\\Http\\Request))
#14 D:\\Code\\api.gejia.com\\vendor\\laravel\\lumen-framework\\src\\Concerns\\RoutesRequests.php(172): Laravel\\Lumen\\Application->sendThroughPipeline(Array, Object(Closure))
#15 D:\\Code\\api.gejia.com\\vendor\\laravel\\lumen-framework\\src\\Concerns\\RoutesRequests.php(109): Laravel\\Lumen\\Application->dispatch(NULL)
#16 D:\\Code\\api.gejia.com\\public\\index.php(28): Laravel\\Lumen\\Application->run()
#17 {main}
"} 
[2020-09-01 09:07:53] local.ERROR: ErrorException: Undefined property: App\Http\Controllers\Contact\ContactController::$page in D:\Code\api.gejia.com\app\Http\Controllers\Contact\ContactController.php:67
Stack trace:
#0 D:\Code\api.gejia.com\app\Http\Controllers\Contact\ContactController.php(67): Laravel\Lumen\Application->Laravel\Lumen\Concerns\{closure}(8, 'Undefined prope...', 'D:\\Code\\api.gej...', 67, Array)
#1 [internal function]: App\Http\Controllers\Contact\ContactController->getContactList(Object(Laravel\Lumen\Http\Request))
#2 D:\Code\api.gejia.com\vendor\illuminate\container\BoundMethod.php(37): call_user_func_array(Array, Array)
#3 D:\Code\api.gejia.com\vendor\illuminate\container\Util.php(37): Illuminate\Container\BoundMethod::Illuminate\Container\{closure}()
#4 D:\Code\api.gejia.com\vendor\illuminate\container\BoundMethod.php(95): Illuminate\Container\Util::unwrapIfClosure(Object(Closure))
#5 D:\Code\api.gejia.com\vendor\illuminate\container\BoundMethod.php(39): Illuminate\Container\BoundMethod::callBoundMethod(Object(Laravel\Lumen\Application), Array, Object(Closure))
#6 D:\Code\api.gejia.com\vendor\illuminate\container\Container.php(596): Illuminate\Container\BoundMethod::call(Object(Laravel\Lumen\Application), Array, Array, NULL)
#7 D:\Code\api.gejia.com\vendor\laravel\lumen-framework\src\Concerns\RoutesRequests.php(386): Illuminate\Container\Container->call(Array, Array)
#8 D:\Code\api.gejia.com\vendor\laravel\lumen-framework\src\Concerns\RoutesRequests.php(352): Laravel\Lumen\Application->callControllerCallable(Array, Array)
#9 D:\Code\api.gejia.com\vendor\laravel\lumen-framework\src\Concerns\RoutesRequests.php(326): Laravel\Lumen\Application->callLumenController(Object(App\Http\Controllers\Contact\ContactController), 'getContactList', Array)
#10 D:\Code\api.gejia.com\vendor\laravel\lumen-framework\src\Concerns\RoutesRequests.php(279): Laravel\Lumen\Application->callControllerAction(Array)
#11 D:\Code\api.gejia.com\vendor\laravel\lumen-framework\src\Concerns\RoutesRequests.php(264): Laravel\Lumen\Application->callActionOnArrayBasedRoute(Array)
#12 D:\Code\api.gejia.com\vendor\laravel\lumen-framework\src\Concerns\RoutesRequests.php(166): Laravel\Lumen\Application->handleFoundRoute(Array)
#13 D:\Code\api.gejia.com\vendor\laravel\lumen-framework\src\Concerns\RoutesRequests.php(426): Laravel\Lumen\Application->Laravel\Lumen\Concerns\{closure}(Object(Laravel\Lumen\Http\Request))
#14 D:\Code\api.gejia.com\vendor\laravel\lumen-framework\src\Concerns\RoutesRequests.php(172): Laravel\Lumen\Application->sendThroughPipeline(Array, Object(Closure))
#15 D:\Code\api.gejia.com\vendor\laravel\lumen-framework\src\Concerns\RoutesRequests.php(109): Laravel\Lumen\Application->dispatch(NULL)
#16 D:\Code\api.gejia.com\public\index.php(28): Laravel\Lumen\Application->run()
#17 {main} {"exception":"[object] (ErrorException(code: 0): Undefined property: App\\Http\\Controllers\\Contact\\ContactController::$page at D:\\Code\\api.gejia.com\\app\\Http\\Controllers\\Contact\\ContactController.php:67)
[stacktrace]
#0 D:\\Code\\api.gejia.com\\app\\Http\\Controllers\\Contact\\ContactController.php(67): Laravel\\Lumen\\Application->Laravel\\Lumen\\Concerns\\{closure}(8, 'Undefined prope...', 'D:\\\\Code\\\\api.gej...', 67, Array)
#1 [internal function]: App\\Http\\Controllers\\Contact\\ContactController->getContactList(Object(Laravel\\Lumen\\Http\\Request))
#2 D:\\Code\\api.gejia.com\\vendor\\illuminate\\container\\BoundMethod.php(37): call_user_func_array(Array, Array)
#3 D:\\Code\\api.gejia.com\\vendor\\illuminate\\container\\Util.php(37): Illuminate\\Container\\BoundMethod::Illuminate\\Container\\{closure}()
#4 D:\\Code\\api.gejia.com\\vendor\\illuminate\\container\\BoundMethod.php(95): Illuminate\\Container\\Util::unwrapIfClosure(Object(Closure))
#5 D:\\Code\\api.gejia.com\\vendor\\illuminate\\container\\BoundMethod.php(39): Illuminate\\Container\\BoundMethod::callBoundMethod(Object(Laravel\\Lumen\\Application), Array, Object(Closure))
#6 D:\\Code\\api.gejia.com\\vendor\\illuminate\\container\\Container.php(596): Illuminate\\Container\\BoundMethod::call(Object(Laravel\\Lumen\\Application), Array, Array, NULL)
#7 D:\\Code\\api.gejia.com\\vendor\\laravel\\lumen-framework\\src\\Concerns\\RoutesRequests.php(386): Illuminate\\Container\\Container->call(Array, Array)
#8 D:\\Code\\api.gejia.com\\vendor\\laravel\\lumen-framework\\src\\Concerns\\RoutesRequests.php(352): Laravel\\Lumen\\Application->callControllerCallable(Array, Array)
#9 D:\\Code\\api.gejia.com\\vendor\\laravel\\lumen-framework\\src\\Concerns\\RoutesRequests.php(326): Laravel\\Lumen\\Application->callLumenController(Object(App\\Http\\Controllers\\Contact\\ContactController), 'getContactList', Array)
#10 D:\\Code\\api.gejia.com\\vendor\\laravel\\lumen-framework\\src\\Concerns\\RoutesRequests.php(279): Laravel\\Lumen\\Application->callControllerAction(Array)
#11 D:\\Code\\api.gejia.com\\vendor\\laravel\\lumen-framework\\src\\Concerns\\RoutesRequests.php(264): Laravel\\Lumen\\Application->callActionOnArrayBasedRoute(Array)
#12 D:\\Code\\api.gejia.com\\vendor\\laravel\\lumen-framework\\src\\Concerns\\RoutesRequests.php(166): Laravel\\Lumen\\Application->handleFoundRoute(Array)
#13 D:\\Code\\api.gejia.com\\vendor\\laravel\\lumen-framework\\src\\Concerns\\RoutesRequests.php(426): Laravel\\Lumen\\Application->Laravel\\Lumen\\Concerns\\{closure}(Object(Laravel\\Lumen\\Http\\Request))
#14 D:\\Code\\api.gejia.com\\vendor\\laravel\\lumen-framework\\src\\Concerns\\RoutesRequests.php(172): Laravel\\Lumen\\Application->sendThroughPipeline(Array, Object(Closure))
#15 D:\\Code\\api.gejia.com\\vendor\\laravel\\lumen-framework\\src\\Concerns\\RoutesRequests.php(109): Laravel\\Lumen\\Application->dispatch(NULL)
#16 D:\\Code\\api.gejia.com\\public\\index.php(28): Laravel\\Lumen\\Application->run()
#17 {main}
"} 
[2020-09-01 09:07:56] local.ERROR: ErrorException: Undefined property: App\Http\Controllers\Contact\ContactController::$page in D:\Code\api.gejia.com\app\Http\Controllers\Contact\ContactController.php:67
Stack trace:
#0 D:\Code\api.gejia.com\app\Http\Controllers\Contact\ContactController.php(67): Laravel\Lumen\Application->Laravel\Lumen\Concerns\{closure}(8, 'Undefined prope...', 'D:\\Code\\api.gej...', 67, Array)
#1 [internal function]: App\Http\Controllers\Contact\ContactController->getContactList(Object(Laravel\Lumen\Http\Request))
#2 D:\Code\api.gejia.com\vendor\illuminate\container\BoundMethod.php(37): call_user_func_array(Array, Array)
#3 D:\Code\api.gejia.com\vendor\illuminate\container\Util.php(37): Illuminate\Container\BoundMethod::Illuminate\Container\{closure}()
#4 D:\Code\api.gejia.com\vendor\illuminate\container\BoundMethod.php(95): Illuminate\Container\Util::unwrapIfClosure(Object(Closure))
#5 D:\Code\api.gejia.com\vendor\illuminate\container\BoundMethod.php(39): Illuminate\Container\BoundMethod::callBoundMethod(Object(Laravel\Lumen\Application), Array, Object(Closure))
#6 D:\Code\api.gejia.com\vendor\illuminate\container\Container.php(596): Illuminate\Container\BoundMethod::call(Object(Laravel\Lumen\Application), Array, Array, NULL)
#7 D:\Code\api.gejia.com\vendor\laravel\lumen-framework\src\Concerns\RoutesRequests.php(386): Illuminate\Container\Container->call(Array, Array)
#8 D:\Code\api.gejia.com\vendor\laravel\lumen-framework\src\Concerns\RoutesRequests.php(352): Laravel\Lumen\Application->callControllerCallable(Array, Array)
#9 D:\Code\api.gejia.com\vendor\laravel\lumen-framework\src\Concerns\RoutesRequests.php(326): Laravel\Lumen\Application->callLumenController(Object(App\Http\Controllers\Contact\ContactController), 'getContactList', Array)
#10 D:\Code\api.gejia.com\vendor\laravel\lumen-framework\src\Concerns\RoutesRequests.php(279): Laravel\Lumen\Application->callControllerAction(Array)
#11 D:\Code\api.gejia.com\vendor\laravel\lumen-framework\src\Concerns\RoutesRequests.php(264): Laravel\Lumen\Application->callActionOnArrayBasedRoute(Array)
#12 D:\Code\api.gejia.com\vendor\laravel\lumen-framework\src\Concerns\RoutesRequests.php(166): Laravel\Lumen\Application->handleFoundRoute(Array)
#13 D:\Code\api.gejia.com\vendor\laravel\lumen-framework\src\Concerns\RoutesRequests.php(426): Laravel\Lumen\Application->Laravel\Lumen\Concerns\{closure}(Object(Laravel\Lumen\Http\Request))
#14 D:\Code\api.gejia.com\vendor\laravel\lumen-framework\src\Concerns\RoutesRequests.php(172): Laravel\Lumen\Application->sendThroughPipeline(Array, Object(Closure))
#15 D:\Code\api.gejia.com\vendor\laravel\lumen-framework\src\Concerns\RoutesRequests.php(109): Laravel\Lumen\Application->dispatch(NULL)
#16 D:\Code\api.gejia.com\public\index.php(28): Laravel\Lumen\Application->run()
#17 {main} {"exception":"[object] (ErrorException(code: 0): Undefined property: App\\Http\\Controllers\\Contact\\ContactController::$page at D:\\Code\\api.gejia.com\\app\\Http\\Controllers\\Contact\\ContactController.php:67)
[stacktrace]
#0 D:\\Code\\api.gejia.com\\app\\Http\\Controllers\\Contact\\ContactController.php(67): Laravel\\Lumen\\Application->Laravel\\Lumen\\Concerns\\{closure}(8, 'Undefined prope...', 'D:\\\\Code\\\\api.gej...', 67, Array)
#1 [internal function]: App\\Http\\Controllers\\Contact\\ContactController->getContactList(Object(Laravel\\Lumen\\Http\\Request))
#2 D:\\Code\\api.gejia.com\\vendor\\illuminate\\container\\BoundMethod.php(37): call_user_func_array(Array, Array)
#3 D:\\Code\\api.gejia.com\\vendor\\illuminate\\container\\Util.php(37): Illuminate\\Container\\BoundMethod::Illuminate\\Container\\{closure}()
#4 D:\\Code\\api.gejia.com\\vendor\\illuminate\\container\\BoundMethod.php(95): Illuminate\\Container\\Util::unwrapIfClosure(Object(Closure))
#5 D:\\Code\\api.gejia.com\\vendor\\illuminate\\container\\BoundMethod.php(39): Illuminate\\Container\\BoundMethod::callBoundMethod(Object(Laravel\\Lumen\\Application), Array, Object(Closure))
#6 D:\\Code\\api.gejia.com\\vendor\\illuminate\\container\\Container.php(596): Illuminate\\Container\\BoundMethod::call(Object(Laravel\\Lumen\\Application), Array, Array, NULL)
#7 D:\\Code\\api.gejia.com\\vendor\\laravel\\lumen-framework\\src\\Concerns\\RoutesRequests.php(386): Illuminate\\Container\\Container->call(Array, Array)
#8 D:\\Code\\api.gejia.com\\vendor\\laravel\\lumen-framework\\src\\Concerns\\RoutesRequests.php(352): Laravel\\Lumen\\Application->callControllerCallable(Array, Array)
#9 D:\\Code\\api.gejia.com\\vendor\\laravel\\lumen-framework\\src\\Concerns\\RoutesRequests.php(326): Laravel\\Lumen\\Application->callLumenController(Object(App\\Http\\Controllers\\Contact\\ContactController), 'getContactList', Array)
#10 D:\\Code\\api.gejia.com\\vendor\\laravel\\lumen-framework\\src\\Concerns\\RoutesRequests.php(279): Laravel\\Lumen\\Application->callControllerAction(Array)
#11 D:\\Code\\api.gejia.com\\vendor\\laravel\\lumen-framework\\src\\Concerns\\RoutesRequests.php(264): Laravel\\Lumen\\Application->callActionOnArrayBasedRoute(Array)
#12 D:\\Code\\api.gejia.com\\vendor\\laravel\\lumen-framework\\src\\Concerns\\RoutesRequests.php(166): Laravel\\Lumen\\Application->handleFoundRoute(Array)
#13 D:\\Code\\api.gejia.com\\vendor\\laravel\\lumen-framework\\src\\Concerns\\RoutesRequests.php(426): Laravel\\Lumen\\Application->Laravel\\Lumen\\Concerns\\{closure}(Object(Laravel\\Lumen\\Http\\Request))
#14 D:\\Code\\api.gejia.com\\vendor\\laravel\\lumen-framework\\src\\Concerns\\RoutesRequests.php(172): Laravel\\Lumen\\Application->sendThroughPipeline(Array, Object(Closure))
#15 D:\\Code\\api.gejia.com\\vendor\\laravel\\lumen-framework\\src\\Concerns\\RoutesRequests.php(109): Laravel\\Lumen\\Application->dispatch(NULL)
#16 D:\\Code\\api.gejia.com\\public\\index.php(28): Laravel\\Lumen\\Application->run()
#17 {main}
"} 
[2020-09-01 14:50:20] local.ERROR: ErrorException: Trying to get property 'status' of non-object in D:\Code\api.gejia.com\app\Http\Controllers\PublicController.php:23
Stack trace:
#0 D:\Code\api.gejia.com\app\Http\Controllers\PublicController.php(23): Laravel\Lumen\Application->Laravel\Lumen\Concerns\{closure}(8, 'Trying to get p...', 'D:\\Code\\api.gej...', 23, Array)
#1 D:\Code\api.gejia.com\app\Http\Controllers\Admin\AdminController.php(126): App\Http\Controllers\PublicController::checkAdminExist('test')
#2 [internal function]: App\Http\Controllers\Admin\AdminController->doAdminAdd(Object(Laravel\Lumen\Http\Request))
#3 D:\Code\api.gejia.com\vendor\illuminate\container\BoundMethod.php(37): call_user_func_array(Array, Array)
#4 D:\Code\api.gejia.com\vendor\illuminate\container\Util.php(37): Illuminate\Container\BoundMethod::Illuminate\Container\{closure}()
#5 D:\Code\api.gejia.com\vendor\illuminate\container\BoundMethod.php(95): Illuminate\Container\Util::unwrapIfClosure(Object(Closure))
#6 D:\Code\api.gejia.com\vendor\illuminate\container\BoundMethod.php(39): Illuminate\Container\BoundMethod::callBoundMethod(Object(Laravel\Lumen\Application), Array, Object(Closure))
#7 D:\Code\api.gejia.com\vendor\illuminate\container\Container.php(596): Illuminate\Container\BoundMethod::call(Object(Laravel\Lumen\Application), Array, Array, NULL)
#8 D:\Code\api.gejia.com\vendor\laravel\lumen-framework\src\Concerns\RoutesRequests.php(386): Illuminate\Container\Container->call(Array, Array)
#9 D:\Code\api.gejia.com\vendor\laravel\lumen-framework\src\Concerns\RoutesRequests.php(352): Laravel\Lumen\Application->callControllerCallable(Array, Array)
#10 D:\Code\api.gejia.com\vendor\laravel\lumen-framework\src\Concerns\RoutesRequests.php(326): Laravel\Lumen\Application->callLumenController(Object(App\Http\Controllers\Admin\AdminController), 'doAdminAdd', Array)
#11 D:\Code\api.gejia.com\vendor\laravel\lumen-framework\src\Concerns\RoutesRequests.php(279): Laravel\Lumen\Application->callControllerAction(Array)
#12 D:\Code\api.gejia.com\vendor\laravel\lumen-framework\src\Concerns\RoutesRequests.php(264): Laravel\Lumen\Application->callActionOnArrayBasedRoute(Array)
#13 D:\Code\api.gejia.com\vendor\laravel\lumen-framework\src\Concerns\RoutesRequests.php(166): Laravel\Lumen\Application->handleFoundRoute(Array)
#14 D:\Code\api.gejia.com\vendor\laravel\lumen-framework\src\Concerns\RoutesRequests.php(426): Laravel\Lumen\Application->Laravel\Lumen\Concerns\{closure}(Object(Laravel\Lumen\Http\Request))
#15 D:\Code\api.gejia.com\vendor\laravel\lumen-framework\src\Concerns\RoutesRequests.php(172): Laravel\Lumen\Application->sendThroughPipeline(Array, Object(Closure))
#16 D:\Code\api.gejia.com\vendor\laravel\lumen-framework\src\Concerns\RoutesRequests.php(109): Laravel\Lumen\Application->dispatch(NULL)
#17 D:\Code\api.gejia.com\public\index.php(28): Laravel\Lumen\Application->run()
#18 {main} {"exception":"[object] (ErrorException(code: 0): Trying to get property 'status' of non-object at D:\\Code\\api.gejia.com\\app\\Http\\Controllers\\PublicController.php:23)
[stacktrace]
#0 D:\\Code\\api.gejia.com\\app\\Http\\Controllers\\PublicController.php(23): Laravel\\Lumen\\Application->Laravel\\Lumen\\Concerns\\{closure}(8, 'Trying to get p...', 'D:\\\\Code\\\\api.gej...', 23, Array)
#1 D:\\Code\\api.gejia.com\\app\\Http\\Controllers\\Admin\\AdminController.php(126): App\\Http\\Controllers\\PublicController::checkAdminExist('test')
#2 [internal function]: App\\Http\\Controllers\\Admin\\AdminController->doAdminAdd(Object(Laravel\\Lumen\\Http\\Request))
#3 D:\\Code\\api.gejia.com\\vendor\\illuminate\\container\\BoundMethod.php(37): call_user_func_array(Array, Array)
#4 D:\\Code\\api.gejia.com\\vendor\\illuminate\\container\\Util.php(37): Illuminate\\Container\\BoundMethod::Illuminate\\Container\\{closure}()
#5 D:\\Code\\api.gejia.com\\vendor\\illuminate\\container\\BoundMethod.php(95): Illuminate\\Container\\Util::unwrapIfClosure(Object(Closure))
#6 D:\\Code\\api.gejia.com\\vendor\\illuminate\\container\\BoundMethod.php(39): Illuminate\\Container\\BoundMethod::callBoundMethod(Object(Laravel\\Lumen\\Application), Array, Object(Closure))
#7 D:\\Code\\api.gejia.com\\vendor\\illuminate\\container\\Container.php(596): Illuminate\\Container\\BoundMethod::call(Object(Laravel\\Lumen\\Application), Array, Array, NULL)
#8 D:\\Code\\api.gejia.com\\vendor\\laravel\\lumen-framework\\src\\Concerns\\RoutesRequests.php(386): Illuminate\\Container\\Container->call(Array, Array)
#9 D:\\Code\\api.gejia.com\\vendor\\laravel\\lumen-framework\\src\\Concerns\\RoutesRequests.php(352): Laravel\\Lumen\\Application->callControllerCallable(Array, Array)
#10 D:\\Code\\api.gejia.com\\vendor\\laravel\\lumen-framework\\src\\Concerns\\RoutesRequests.php(326): Laravel\\Lumen\\Application->callLumenController(Object(App\\Http\\Controllers\\Admin\\AdminController), 'doAdminAdd', Array)
#11 D:\\Code\\api.gejia.com\\vendor\\laravel\\lumen-framework\\src\\Concerns\\RoutesRequests.php(279): Laravel\\Lumen\\Application->callControllerAction(Array)
#12 D:\\Code\\api.gejia.com\\vendor\\laravel\\lumen-framework\\src\\Concerns\\RoutesRequests.php(264): Laravel\\Lumen\\Application->callActionOnArrayBasedRoute(Array)
#13 D:\\Code\\api.gejia.com\\vendor\\laravel\\lumen-framework\\src\\Concerns\\RoutesRequests.php(166): Laravel\\Lumen\\Application->handleFoundRoute(Array)
#14 D:\\Code\\api.gejia.com\\vendor\\laravel\\lumen-framework\\src\\Concerns\\RoutesRequests.php(426): Laravel\\Lumen\\Application->Laravel\\Lumen\\Concerns\\{closure}(Object(Laravel\\Lumen\\Http\\Request))
#15 D:\\Code\\api.gejia.com\\vendor\\laravel\\lumen-framework\\src\\Concerns\\RoutesRequests.php(172): Laravel\\Lumen\\Application->sendThroughPipeline(Array, Object(Closure))
#16 D:\\Code\\api.gejia.com\\vendor\\laravel\\lumen-framework\\src\\Concerns\\RoutesRequests.php(109): Laravel\\Lumen\\Application->dispatch(NULL)
#17 D:\\Code\\api.gejia.com\\public\\index.php(28): Laravel\\Lumen\\Application->run()
#18 {main}
"} 
[2020-09-01 14:54:57] local.ERROR: ErrorException: Trying to get property 'status' of non-object in D:\Code\api.gejia.com\app\Http\Controllers\PublicController.php:23
Stack trace:
#0 D:\Code\api.gejia.com\app\Http\Controllers\PublicController.php(23): Laravel\Lumen\Application->Laravel\Lumen\Concerns\{closure}(8, 'Trying to get p...', 'D:\\Code\\api.gej...', 23, Array)
#1 D:\Code\api.gejia.com\app\Http\Controllers\Admin\AdminController.php(126): App\Http\Controllers\PublicController::checkAdminExist('test')
#2 [internal function]: App\Http\Controllers\Admin\AdminController->doAdminAdd(Object(Laravel\Lumen\Http\Request))
#3 D:\Code\api.gejia.com\vendor\illuminate\container\BoundMethod.php(37): call_user_func_array(Array, Array)
#4 D:\Code\api.gejia.com\vendor\illuminate\container\Util.php(37): Illuminate\Container\BoundMethod::Illuminate\Container\{closure}()
#5 D:\Code\api.gejia.com\vendor\illuminate\container\BoundMethod.php(95): Illuminate\Container\Util::unwrapIfClosure(Object(Closure))
#6 D:\Code\api.gejia.com\vendor\illuminate\container\BoundMethod.php(39): Illuminate\Container\BoundMethod::callBoundMethod(Object(Laravel\Lumen\Application), Array, Object(Closure))
#7 D:\Code\api.gejia.com\vendor\illuminate\container\Container.php(596): Illuminate\Container\BoundMethod::call(Object(Laravel\Lumen\Application), Array, Array, NULL)
#8 D:\Code\api.gejia.com\vendor\laravel\lumen-framework\src\Concerns\RoutesRequests.php(386): Illuminate\Container\Container->call(Array, Array)
#9 D:\Code\api.gejia.com\vendor\laravel\lumen-framework\src\Concerns\RoutesRequests.php(352): Laravel\Lumen\Application->callControllerCallable(Array, Array)
#10 D:\Code\api.gejia.com\vendor\laravel\lumen-framework\src\Concerns\RoutesRequests.php(326): Laravel\Lumen\Application->callLumenController(Object(App\Http\Controllers\Admin\AdminController), 'doAdminAdd', Array)
#11 D:\Code\api.gejia.com\vendor\laravel\lumen-framework\src\Concerns\RoutesRequests.php(279): Laravel\Lumen\Application->callControllerAction(Array)
#12 D:\Code\api.gejia.com\vendor\laravel\lumen-framework\src\Concerns\RoutesRequests.php(264): Laravel\Lumen\Application->callActionOnArrayBasedRoute(Array)
#13 D:\Code\api.gejia.com\vendor\laravel\lumen-framework\src\Concerns\RoutesRequests.php(166): Laravel\Lumen\Application->handleFoundRoute(Array)
#14 D:\Code\api.gejia.com\vendor\laravel\lumen-framework\src\Concerns\RoutesRequests.php(426): Laravel\Lumen\Application->Laravel\Lumen\Concerns\{closure}(Object(Laravel\Lumen\Http\Request))
#15 D:\Code\api.gejia.com\vendor\laravel\lumen-framework\src\Concerns\RoutesRequests.php(172): Laravel\Lumen\Application->sendThroughPipeline(Array, Object(Closure))
#16 D:\Code\api.gejia.com\vendor\laravel\lumen-framework\src\Concerns\RoutesRequests.php(109): Laravel\Lumen\Application->dispatch(NULL)
#17 D:\Code\api.gejia.com\public\index.php(28): Laravel\Lumen\Application->run()
#18 {main} {"exception":"[object] (ErrorException(code: 0): Trying to get property 'status' of non-object at D:\\Code\\api.gejia.com\\app\\Http\\Controllers\\PublicController.php:23)
[stacktrace]
#0 D:\\Code\\api.gejia.com\\app\\Http\\Controllers\\PublicController.php(23): Laravel\\Lumen\\Application->Laravel\\Lumen\\Concerns\\{closure}(8, 'Trying to get p...', 'D:\\\\Code\\\\api.gej...', 23, Array)
#1 D:\\Code\\api.gejia.com\\app\\Http\\Controllers\\Admin\\AdminController.php(126): App\\Http\\Controllers\\PublicController::checkAdminExist('test')
#2 [internal function]: App\\Http\\Controllers\\Admin\\AdminController->doAdminAdd(Object(Laravel\\Lumen\\Http\\Request))
#3 D:\\Code\\api.gejia.com\\vendor\\illuminate\\container\\BoundMethod.php(37): call_user_func_array(Array, Array)
#4 D:\\Code\\api.gejia.com\\vendor\\illuminate\\container\\Util.php(37): Illuminate\\Container\\BoundMethod::Illuminate\\Container\\{closure}()
#5 D:\\Code\\api.gejia.com\\vendor\\illuminate\\container\\BoundMethod.php(95): Illuminate\\Container\\Util::unwrapIfClosure(Object(Closure))
#6 D:\\Code\\api.gejia.com\\vendor\\illuminate\\container\\BoundMethod.php(39): Illuminate\\Container\\BoundMethod::callBoundMethod(Object(Laravel\\Lumen\\Application), Array, Object(Closure))
#7 D:\\Code\\api.gejia.com\\vendor\\illuminate\\container\\Container.php(596): Illuminate\\Container\\BoundMethod::call(Object(Laravel\\Lumen\\Application), Array, Array, NULL)
#8 D:\\Code\\api.gejia.com\\vendor\\laravel\\lumen-framework\\src\\Concerns\\RoutesRequests.php(386): Illuminate\\Container\\Container->call(Array, Array)
#9 D:\\Code\\api.gejia.com\\vendor\\laravel\\lumen-framework\\src\\Concerns\\RoutesRequests.php(352): Laravel\\Lumen\\Application->callControllerCallable(Array, Array)
#10 D:\\Code\\api.gejia.com\\vendor\\laravel\\lumen-framework\\src\\Concerns\\RoutesRequests.php(326): Laravel\\Lumen\\Application->callLumenController(Object(App\\Http\\Controllers\\Admin\\AdminController), 'doAdminAdd', Array)
#11 D:\\Code\\api.gejia.com\\vendor\\laravel\\lumen-framework\\src\\Concerns\\RoutesRequests.php(279): Laravel\\Lumen\\Application->callControllerAction(Array)
#12 D:\\Code\\api.gejia.com\\vendor\\laravel\\lumen-framework\\src\\Concerns\\RoutesRequests.php(264): Laravel\\Lumen\\Application->callActionOnArrayBasedRoute(Array)
#13 D:\\Code\\api.gejia.com\\vendor\\laravel\\lumen-framework\\src\\Concerns\\RoutesRequests.php(166): Laravel\\Lumen\\Application->handleFoundRoute(Array)
#14 D:\\Code\\api.gejia.com\\vendor\\laravel\\lumen-framework\\src\\Concerns\\RoutesRequests.php(426): Laravel\\Lumen\\Application->Laravel\\Lumen\\Concerns\\{closure}(Object(Laravel\\Lumen\\Http\\Request))
#15 D:\\Code\\api.gejia.com\\vendor\\laravel\\lumen-framework\\src\\Concerns\\RoutesRequests.php(172): Laravel\\Lumen\\Application->sendThroughPipeline(Array, Object(Closure))
#16 D:\\Code\\api.gejia.com\\vendor\\laravel\\lumen-framework\\src\\Concerns\\RoutesRequests.php(109): Laravel\\Lumen\\Application->dispatch(NULL)
#17 D:\\Code\\api.gejia.com\\public\\index.php(28): Laravel\\Lumen\\Application->run()
#18 {main}
"} 
[2020-09-01 14:59:34] local.ERROR: ErrorException: Trying to get property 'status' of non-object in D:\Code\api.gejia.com\app\Http\Controllers\PublicController.php:23
Stack trace:
#0 D:\Code\api.gejia.com\app\Http\Controllers\PublicController.php(23): Laravel\Lumen\Application->Laravel\Lumen\Concerns\{closure}(8, 'Trying to get p...', 'D:\\Code\\api.gej...', 23, Array)
#1 D:\Code\api.gejia.com\app\Http\Controllers\Admin\AdminController.php(126): App\Http\Controllers\PublicController::checkAdminExist('test')
#2 [internal function]: App\Http\Controllers\Admin\AdminController->doAdminAdd(Object(Laravel\Lumen\Http\Request))
#3 D:\Code\api.gejia.com\vendor\illuminate\container\BoundMethod.php(37): call_user_func_array(Array, Array)
#4 D:\Code\api.gejia.com\vendor\illuminate\container\Util.php(37): Illuminate\Container\BoundMethod::Illuminate\Container\{closure}()
#5 D:\Code\api.gejia.com\vendor\illuminate\container\BoundMethod.php(95): Illuminate\Container\Util::unwrapIfClosure(Object(Closure))
#6 D:\Code\api.gejia.com\vendor\illuminate\container\BoundMethod.php(39): Illuminate\Container\BoundMethod::callBoundMethod(Object(Laravel\Lumen\Application), Array, Object(Closure))
#7 D:\Code\api.gejia.com\vendor\illuminate\container\Container.php(596): Illuminate\Container\BoundMethod::call(Object(Laravel\Lumen\Application), Array, Array, NULL)
#8 D:\Code\api.gejia.com\vendor\laravel\lumen-framework\src\Concerns\RoutesRequests.php(386): Illuminate\Container\Container->call(Array, Array)
#9 D:\Code\api.gejia.com\vendor\laravel\lumen-framework\src\Concerns\RoutesRequests.php(352): Laravel\Lumen\Application->callControllerCallable(Array, Array)
#10 D:\Code\api.gejia.com\vendor\laravel\lumen-framework\src\Concerns\RoutesRequests.php(326): Laravel\Lumen\Application->callLumenController(Object(App\Http\Controllers\Admin\AdminController), 'doAdminAdd', Array)
#11 D:\Code\api.gejia.com\vendor\laravel\lumen-framework\src\Concerns\RoutesRequests.php(279): Laravel\Lumen\Application->callControllerAction(Array)
#12 D:\Code\api.gejia.com\vendor\laravel\lumen-framework\src\Concerns\RoutesRequests.php(264): Laravel\Lumen\Application->callActionOnArrayBasedRoute(Array)
#13 D:\Code\api.gejia.com\vendor\laravel\lumen-framework\src\Concerns\RoutesRequests.php(166): Laravel\Lumen\Application->handleFoundRoute(Array)
#14 D:\Code\api.gejia.com\vendor\laravel\lumen-framework\src\Concerns\RoutesRequests.php(426): Laravel\Lumen\Application->Laravel\Lumen\Concerns\{closure}(Object(Laravel\Lumen\Http\Request))
#15 D:\Code\api.gejia.com\vendor\laravel\lumen-framework\src\Concerns\RoutesRequests.php(172): Laravel\Lumen\Application->sendThroughPipeline(Array, Object(Closure))
#16 D:\Code\api.gejia.com\vendor\laravel\lumen-framework\src\Concerns\RoutesRequests.php(109): Laravel\Lumen\Application->dispatch(NULL)
#17 D:\Code\api.gejia.com\public\index.php(28): Laravel\Lumen\Application->run()
#18 {main} {"exception":"[object] (ErrorException(code: 0): Trying to get property 'status' of non-object at D:\\Code\\api.gejia.com\\app\\Http\\Controllers\\PublicController.php:23)
[stacktrace]
#0 D:\\Code\\api.gejia.com\\app\\Http\\Controllers\\PublicController.php(23): Laravel\\Lumen\\Application->Laravel\\Lumen\\Concerns\\{closure}(8, 'Trying to get p...', 'D:\\\\Code\\\\api.gej...', 23, Array)
#1 D:\\Code\\api.gejia.com\\app\\Http\\Controllers\\Admin\\AdminController.php(126): App\\Http\\Controllers\\PublicController::checkAdminExist('test')
#2 [internal function]: App\\Http\\Controllers\\Admin\\AdminController->doAdminAdd(Object(Laravel\\Lumen\\Http\\Request))
#3 D:\\Code\\api.gejia.com\\vendor\\illuminate\\container\\BoundMethod.php(37): call_user_func_array(Array, Array)
#4 D:\\Code\\api.gejia.com\\vendor\\illuminate\\container\\Util.php(37): Illuminate\\Container\\BoundMethod::Illuminate\\Container\\{closure}()
#5 D:\\Code\\api.gejia.com\\vendor\\illuminate\\container\\BoundMethod.php(95): Illuminate\\Container\\Util::unwrapIfClosure(Object(Closure))
#6 D:\\Code\\api.gejia.com\\vendor\\illuminate\\container\\BoundMethod.php(39): Illuminate\\Container\\BoundMethod::callBoundMethod(Object(Laravel\\Lumen\\Application), Array, Object(Closure))
#7 D:\\Code\\api.gejia.com\\vendor\\illuminate\\container\\Container.php(596): Illuminate\\Container\\BoundMethod::call(Object(Laravel\\Lumen\\Application), Array, Array, NULL)
#8 D:\\Code\\api.gejia.com\\vendor\\laravel\\lumen-framework\\src\\Concerns\\RoutesRequests.php(386): Illuminate\\Container\\Container->call(Array, Array)
#9 D:\\Code\\api.gejia.com\\vendor\\laravel\\lumen-framework\\src\\Concerns\\RoutesRequests.php(352): Laravel\\Lumen\\Application->callControllerCallable(Array, Array)
#10 D:\\Code\\api.gejia.com\\vendor\\laravel\\lumen-framework\\src\\Concerns\\RoutesRequests.php(326): Laravel\\Lumen\\Application->callLumenController(Object(App\\Http\\Controllers\\Admin\\AdminController), 'doAdminAdd', Array)
#11 D:\\Code\\api.gejia.com\\vendor\\laravel\\lumen-framework\\src\\Concerns\\RoutesRequests.php(279): Laravel\\Lumen\\Application->callControllerAction(Array)
#12 D:\\Code\\api.gejia.com\\vendor\\laravel\\lumen-framework\\src\\Concerns\\RoutesRequests.php(264): Laravel\\Lumen\\Application->callActionOnArrayBasedRoute(Array)
#13 D:\\Code\\api.gejia.com\\vendor\\laravel\\lumen-framework\\src\\Concerns\\RoutesRequests.php(166): Laravel\\Lumen\\Application->handleFoundRoute(Array)
#14 D:\\Code\\api.gejia.com\\vendor\\laravel\\lumen-framework\\src\\Concerns\\RoutesRequests.php(426): Laravel\\Lumen\\Application->Laravel\\Lumen\\Concerns\\{closure}(Object(Laravel\\Lumen\\Http\\Request))
#15 D:\\Code\\api.gejia.com\\vendor\\laravel\\lumen-framework\\src\\Concerns\\RoutesRequests.php(172): Laravel\\Lumen\\Application->sendThroughPipeline(Array, Object(Closure))
#16 D:\\Code\\api.gejia.com\\vendor\\laravel\\lumen-framework\\src\\Concerns\\RoutesRequests.php(109): Laravel\\Lumen\\Application->dispatch(NULL)
#17 D:\\Code\\api.gejia.com\\public\\index.php(28): Laravel\\Lumen\\Application->run()
#18 {main}
"} 
[2020-09-01 15:09:44] local.ERROR: ErrorException: Trying to get property 'status' of non-object in D:\Code\api.gejia.com\app\Http\Controllers\PublicController.php:23
Stack trace:
#0 D:\Code\api.gejia.com\app\Http\Controllers\PublicController.php(23): Laravel\Lumen\Application->Laravel\Lumen\Concerns\{closure}(8, 'Trying to get p...', 'D:\\Code\\api.gej...', 23, Array)
#1 D:\Code\api.gejia.com\app\Http\Controllers\Admin\AdminController.php(126): App\Http\Controllers\PublicController::checkAdminExist('test')
#2 [internal function]: App\Http\Controllers\Admin\AdminController->doAdminAdd(Object(Laravel\Lumen\Http\Request))
#3 D:\Code\api.gejia.com\vendor\illuminate\container\BoundMethod.php(37): call_user_func_array(Array, Array)
#4 D:\Code\api.gejia.com\vendor\illuminate\container\Util.php(37): Illuminate\Container\BoundMethod::Illuminate\Container\{closure}()
#5 D:\Code\api.gejia.com\vendor\illuminate\container\BoundMethod.php(95): Illuminate\Container\Util::unwrapIfClosure(Object(Closure))
#6 D:\Code\api.gejia.com\vendor\illuminate\container\BoundMethod.php(39): Illuminate\Container\BoundMethod::callBoundMethod(Object(Laravel\Lumen\Application), Array, Object(Closure))
#7 D:\Code\api.gejia.com\vendor\illuminate\container\Container.php(596): Illuminate\Container\BoundMethod::call(Object(Laravel\Lumen\Application), Array, Array, NULL)
#8 D:\Code\api.gejia.com\vendor\laravel\lumen-framework\src\Concerns\RoutesRequests.php(386): Illuminate\Container\Container->call(Array, Array)
#9 D:\Code\api.gejia.com\vendor\laravel\lumen-framework\src\Concerns\RoutesRequests.php(352): Laravel\Lumen\Application->callControllerCallable(Array, Array)
#10 D:\Code\api.gejia.com\vendor\laravel\lumen-framework\src\Concerns\RoutesRequests.php(326): Laravel\Lumen\Application->callLumenController(Object(App\Http\Controllers\Admin\AdminController), 'doAdminAdd', Array)
#11 D:\Code\api.gejia.com\vendor\laravel\lumen-framework\src\Concerns\RoutesRequests.php(279): Laravel\Lumen\Application->callControllerAction(Array)
#12 D:\Code\api.gejia.com\vendor\laravel\lumen-framework\src\Concerns\RoutesRequests.php(264): Laravel\Lumen\Application->callActionOnArrayBasedRoute(Array)
#13 D:\Code\api.gejia.com\vendor\laravel\lumen-framework\src\Concerns\RoutesRequests.php(166): Laravel\Lumen\Application->handleFoundRoute(Array)
#14 D:\Code\api.gejia.com\vendor\laravel\lumen-framework\src\Concerns\RoutesRequests.php(426): Laravel\Lumen\Application->Laravel\Lumen\Concerns\{closure}(Object(Laravel\Lumen\Http\Request))
#15 D:\Code\api.gejia.com\vendor\laravel\lumen-framework\src\Concerns\RoutesRequests.php(172): Laravel\Lumen\Application->sendThroughPipeline(Array, Object(Closure))
#16 D:\Code\api.gejia.com\vendor\laravel\lumen-framework\src\Concerns\RoutesRequests.php(109): Laravel\Lumen\Application->dispatch(NULL)
#17 D:\Code\api.gejia.com\public\index.php(28): Laravel\Lumen\Application->run()
#18 {main} {"exception":"[object] (ErrorException(code: 0): Trying to get property 'status' of non-object at D:\\Code\\api.gejia.com\\app\\Http\\Controllers\\PublicController.php:23)
[stacktrace]
#0 D:\\Code\\api.gejia.com\\app\\Http\\Controllers\\PublicController.php(23): Laravel\\Lumen\\Application->Laravel\\Lumen\\Concerns\\{closure}(8, 'Trying to get p...', 'D:\\\\Code\\\\api.gej...', 23, Array)
#1 D:\\Code\\api.gejia.com\\app\\Http\\Controllers\\Admin\\AdminController.php(126): App\\Http\\Controllers\\PublicController::checkAdminExist('test')
#2 [internal function]: App\\Http\\Controllers\\Admin\\AdminController->doAdminAdd(Object(Laravel\\Lumen\\Http\\Request))
#3 D:\\Code\\api.gejia.com\\vendor\\illuminate\\container\\BoundMethod.php(37): call_user_func_array(Array, Array)
#4 D:\\Code\\api.gejia.com\\vendor\\illuminate\\container\\Util.php(37): Illuminate\\Container\\BoundMethod::Illuminate\\Container\\{closure}()
#5 D:\\Code\\api.gejia.com\\vendor\\illuminate\\container\\BoundMethod.php(95): Illuminate\\Container\\Util::unwrapIfClosure(Object(Closure))
#6 D:\\Code\\api.gejia.com\\vendor\\illuminate\\container\\BoundMethod.php(39): Illuminate\\Container\\BoundMethod::callBoundMethod(Object(Laravel\\Lumen\\Application), Array, Object(Closure))
#7 D:\\Code\\api.gejia.com\\vendor\\illuminate\\container\\Container.php(596): Illuminate\\Container\\BoundMethod::call(Object(Laravel\\Lumen\\Application), Array, Array, NULL)
#8 D:\\Code\\api.gejia.com\\vendor\\laravel\\lumen-framework\\src\\Concerns\\RoutesRequests.php(386): Illuminate\\Container\\Container->call(Array, Array)
#9 D:\\Code\\api.gejia.com\\vendor\\laravel\\lumen-framework\\src\\Concerns\\RoutesRequests.php(352): Laravel\\Lumen\\Application->callControllerCallable(Array, Array)
#10 D:\\Code\\api.gejia.com\\vendor\\laravel\\lumen-framework\\src\\Concerns\\RoutesRequests.php(326): Laravel\\Lumen\\Application->callLumenController(Object(App\\Http\\Controllers\\Admin\\AdminController), 'doAdminAdd', Array)
#11 D:\\Code\\api.gejia.com\\vendor\\laravel\\lumen-framework\\src\\Concerns\\RoutesRequests.php(279): Laravel\\Lumen\\Application->callControllerAction(Array)
#12 D:\\Code\\api.gejia.com\\vendor\\laravel\\lumen-framework\\src\\Concerns\\RoutesRequests.php(264): Laravel\\Lumen\\Application->callActionOnArrayBasedRoute(Array)
#13 D:\\Code\\api.gejia.com\\vendor\\laravel\\lumen-framework\\src\\Concerns\\RoutesRequests.php(166): Laravel\\Lumen\\Application->handleFoundRoute(Array)
#14 D:\\Code\\api.gejia.com\\vendor\\laravel\\lumen-framework\\src\\Concerns\\RoutesRequests.php(426): Laravel\\Lumen\\Application->Laravel\\Lumen\\Concerns\\{closure}(Object(Laravel\\Lumen\\Http\\Request))
#15 D:\\Code\\api.gejia.com\\vendor\\laravel\\lumen-framework\\src\\Concerns\\RoutesRequests.php(172): Laravel\\Lumen\\Application->sendThroughPipeline(Array, Object(Closure))
#16 D:\\Code\\api.gejia.com\\vendor\\laravel\\lumen-framework\\src\\Concerns\\RoutesRequests.php(109): Laravel\\Lumen\\Application->dispatch(NULL)
#17 D:\\Code\\api.gejia.com\\public\\index.php(28): Laravel\\Lumen\\Application->run()
#18 {main}
"} 
[2020-09-01 15:10:39] local.ERROR: ErrorException: Trying to get property 'status' of non-object in D:\Code\api.gejia.com\app\Http\Controllers\PublicController.php:23
Stack trace:
#0 D:\Code\api.gejia.com\app\Http\Controllers\PublicController.php(23): Laravel\Lumen\Application->Laravel\Lumen\Concerns\{closure}(8, 'Trying to get p...', 'D:\\Code\\api.gej...', 23, Array)
#1 D:\Code\api.gejia.com\app\Http\Controllers\Admin\AdminController.php(126): App\Http\Controllers\PublicController::checkAdminExist('test')
#2 [internal function]: App\Http\Controllers\Admin\AdminController->doAdminAdd(Object(Laravel\Lumen\Http\Request))
#3 D:\Code\api.gejia.com\vendor\illuminate\container\BoundMethod.php(37): call_user_func_array(Array, Array)
#4 D:\Code\api.gejia.com\vendor\illuminate\container\Util.php(37): Illuminate\Container\BoundMethod::Illuminate\Container\{closure}()
#5 D:\Code\api.gejia.com\vendor\illuminate\container\BoundMethod.php(95): Illuminate\Container\Util::unwrapIfClosure(Object(Closure))
#6 D:\Code\api.gejia.com\vendor\illuminate\container\BoundMethod.php(39): Illuminate\Container\BoundMethod::callBoundMethod(Object(Laravel\Lumen\Application), Array, Object(Closure))
#7 D:\Code\api.gejia.com\vendor\illuminate\container\Container.php(596): Illuminate\Container\BoundMethod::call(Object(Laravel\Lumen\Application), Array, Array, NULL)
#8 D:\Code\api.gejia.com\vendor\laravel\lumen-framework\src\Concerns\RoutesRequests.php(386): Illuminate\Container\Container->call(Array, Array)
#9 D:\Code\api.gejia.com\vendor\laravel\lumen-framework\src\Concerns\RoutesRequests.php(352): Laravel\Lumen\Application->callControllerCallable(Array, Array)
#10 D:\Code\api.gejia.com\vendor\laravel\lumen-framework\src\Concerns\RoutesRequests.php(326): Laravel\Lumen\Application->callLumenController(Object(App\Http\Controllers\Admin\AdminController), 'doAdminAdd', Array)
#11 D:\Code\api.gejia.com\vendor\laravel\lumen-framework\src\Concerns\RoutesRequests.php(279): Laravel\Lumen\Application->callControllerAction(Array)
#12 D:\Code\api.gejia.com\vendor\laravel\lumen-framework\src\Concerns\RoutesRequests.php(264): Laravel\Lumen\Application->callActionOnArrayBasedRoute(Array)
#13 D:\Code\api.gejia.com\vendor\laravel\lumen-framework\src\Concerns\RoutesRequests.php(166): Laravel\Lumen\Application->handleFoundRoute(Array)
#14 D:\Code\api.gejia.com\vendor\laravel\lumen-framework\src\Concerns\RoutesRequests.php(426): Laravel\Lumen\Application->Laravel\Lumen\Concerns\{closure}(Object(Laravel\Lumen\Http\Request))
#15 D:\Code\api.gejia.com\vendor\laravel\lumen-framework\src\Concerns\RoutesRequests.php(172): Laravel\Lumen\Application->sendThroughPipeline(Array, Object(Closure))
#16 D:\Code\api.gejia.com\vendor\laravel\lumen-framework\src\Concerns\RoutesRequests.php(109): Laravel\Lumen\Application->dispatch(NULL)
#17 D:\Code\api.gejia.com\public\index.php(28): Laravel\Lumen\Application->run()
#18 {main} {"exception":"[object] (ErrorException(code: 0): Trying to get property 'status' of non-object at D:\\Code\\api.gejia.com\\app\\Http\\Controllers\\PublicController.php:23)
[stacktrace]
#0 D:\\Code\\api.gejia.com\\app\\Http\\Controllers\\PublicController.php(23): Laravel\\Lumen\\Application->Laravel\\Lumen\\Concerns\\{closure}(8, 'Trying to get p...', 'D:\\\\Code\\\\api.gej...', 23, Array)
#1 D:\\Code\\api.gejia.com\\app\\Http\\Controllers\\Admin\\AdminController.php(126): App\\Http\\Controllers\\PublicController::checkAdminExist('test')
#2 [internal function]: App\\Http\\Controllers\\Admin\\AdminController->doAdminAdd(Object(Laravel\\Lumen\\Http\\Request))
#3 D:\\Code\\api.gejia.com\\vendor\\illuminate\\container\\BoundMethod.php(37): call_user_func_array(Array, Array)
#4 D:\\Code\\api.gejia.com\\vendor\\illuminate\\container\\Util.php(37): Illuminate\\Container\\BoundMethod::Illuminate\\Container\\{closure}()
#5 D:\\Code\\api.gejia.com\\vendor\\illuminate\\container\\BoundMethod.php(95): Illuminate\\Container\\Util::unwrapIfClosure(Object(Closure))
#6 D:\\Code\\api.gejia.com\\vendor\\illuminate\\container\\BoundMethod.php(39): Illuminate\\Container\\BoundMethod::callBoundMethod(Object(Laravel\\Lumen\\Application), Array, Object(Closure))
#7 D:\\Code\\api.gejia.com\\vendor\\illuminate\\container\\Container.php(596): Illuminate\\Container\\BoundMethod::call(Object(Laravel\\Lumen\\Application), Array, Array, NULL)
#8 D:\\Code\\api.gejia.com\\vendor\\laravel\\lumen-framework\\src\\Concerns\\RoutesRequests.php(386): Illuminate\\Container\\Container->call(Array, Array)
#9 D:\\Code\\api.gejia.com\\vendor\\laravel\\lumen-framework\\src\\Concerns\\RoutesRequests.php(352): Laravel\\Lumen\\Application->callControllerCallable(Array, Array)
#10 D:\\Code\\api.gejia.com\\vendor\\laravel\\lumen-framework\\src\\Concerns\\RoutesRequests.php(326): Laravel\\Lumen\\Application->callLumenController(Object(App\\Http\\Controllers\\Admin\\AdminController), 'doAdminAdd', Array)
#11 D:\\Code\\api.gejia.com\\vendor\\laravel\\lumen-framework\\src\\Concerns\\RoutesRequests.php(279): Laravel\\Lumen\\Application->callControllerAction(Array)
#12 D:\\Code\\api.gejia.com\\vendor\\laravel\\lumen-framework\\src\\Concerns\\RoutesRequests.php(264): Laravel\\Lumen\\Application->callActionOnArrayBasedRoute(Array)
#13 D:\\Code\\api.gejia.com\\vendor\\laravel\\lumen-framework\\src\\Concerns\\RoutesRequests.php(166): Laravel\\Lumen\\Application->handleFoundRoute(Array)
#14 D:\\Code\\api.gejia.com\\vendor\\laravel\\lumen-framework\\src\\Concerns\\RoutesRequests.php(426): Laravel\\Lumen\\Application->Laravel\\Lumen\\Concerns\\{closure}(Object(Laravel\\Lumen\\Http\\Request))
#15 D:\\Code\\api.gejia.com\\vendor\\laravel\\lumen-framework\\src\\Concerns\\RoutesRequests.php(172): Laravel\\Lumen\\Application->sendThroughPipeline(Array, Object(Closure))
#16 D:\\Code\\api.gejia.com\\vendor\\laravel\\lumen-framework\\src\\Concerns\\RoutesRequests.php(109): Laravel\\Lumen\\Application->dispatch(NULL)
#17 D:\\Code\\api.gejia.com\\public\\index.php(28): Laravel\\Lumen\\Application->run()
#18 {main}
"} 
[2020-09-01 15:14:20] local.ERROR: ErrorException: Trying to get property 'status' of non-object in D:\Code\api.gejia.com\app\Http\Controllers\PublicController.php:23
Stack trace:
#0 D:\Code\api.gejia.com\app\Http\Controllers\PublicController.php(23): Laravel\Lumen\Application->Laravel\Lumen\Concerns\{closure}(8, 'Trying to get p...', 'D:\\Code\\api.gej...', 23, Array)
#1 D:\Code\api.gejia.com\app\Http\Controllers\Admin\AdminController.php(126): App\Http\Controllers\PublicController::checkAdminExist('test')
#2 [internal function]: App\Http\Controllers\Admin\AdminController->doAdminAdd(Object(Laravel\Lumen\Http\Request))
#3 D:\Code\api.gejia.com\vendor\illuminate\container\BoundMethod.php(37): call_user_func_array(Array, Array)
#4 D:\Code\api.gejia.com\vendor\illuminate\container\Util.php(37): Illuminate\Container\BoundMethod::Illuminate\Container\{closure}()
#5 D:\Code\api.gejia.com\vendor\illuminate\container\BoundMethod.php(95): Illuminate\Container\Util::unwrapIfClosure(Object(Closure))
#6 D:\Code\api.gejia.com\vendor\illuminate\container\BoundMethod.php(39): Illuminate\Container\BoundMethod::callBoundMethod(Object(Laravel\Lumen\Application), Array, Object(Closure))
#7 D:\Code\api.gejia.com\vendor\illuminate\container\Container.php(596): Illuminate\Container\BoundMethod::call(Object(Laravel\Lumen\Application), Array, Array, NULL)
#8 D:\Code\api.gejia.com\vendor\laravel\lumen-framework\src\Concerns\RoutesRequests.php(386): Illuminate\Container\Container->call(Array, Array)
#9 D:\Code\api.gejia.com\vendor\laravel\lumen-framework\src\Concerns\RoutesRequests.php(352): Laravel\Lumen\Application->callControllerCallable(Array, Array)
#10 D:\Code\api.gejia.com\vendor\laravel\lumen-framework\src\Concerns\RoutesRequests.php(326): Laravel\Lumen\Application->callLumenController(Object(App\Http\Controllers\Admin\AdminController), 'doAdminAdd', Array)
#11 D:\Code\api.gejia.com\vendor\laravel\lumen-framework\src\Concerns\RoutesRequests.php(279): Laravel\Lumen\Application->callControllerAction(Array)
#12 D:\Code\api.gejia.com\vendor\laravel\lumen-framework\src\Concerns\RoutesRequests.php(264): Laravel\Lumen\Application->callActionOnArrayBasedRoute(Array)
#13 D:\Code\api.gejia.com\vendor\laravel\lumen-framework\src\Concerns\RoutesRequests.php(166): Laravel\Lumen\Application->handleFoundRoute(Array)
#14 D:\Code\api.gejia.com\vendor\laravel\lumen-framework\src\Concerns\RoutesRequests.php(426): Laravel\Lumen\Application->Laravel\Lumen\Concerns\{closure}(Object(Laravel\Lumen\Http\Request))
#15 D:\Code\api.gejia.com\vendor\laravel\lumen-framework\src\Concerns\RoutesRequests.php(172): Laravel\Lumen\Application->sendThroughPipeline(Array, Object(Closure))
#16 D:\Code\api.gejia.com\vendor\laravel\lumen-framework\src\Concerns\RoutesRequests.php(109): Laravel\Lumen\Application->dispatch(NULL)
#17 D:\Code\api.gejia.com\public\index.php(28): Laravel\Lumen\Application->run()
#18 {main} {"exception":"[object] (ErrorException(code: 0): Trying to get property 'status' of non-object at D:\\Code\\api.gejia.com\\app\\Http\\Controllers\\PublicController.php:23)
[stacktrace]
#0 D:\\Code\\api.gejia.com\\app\\Http\\Controllers\\PublicController.php(23): Laravel\\Lumen\\Application->Laravel\\Lumen\\Concerns\\{closure}(8, 'Trying to get p...', 'D:\\\\Code\\\\api.gej...', 23, Array)
#1 D:\\Code\\api.gejia.com\\app\\Http\\Controllers\\Admin\\AdminController.php(126): App\\Http\\Controllers\\PublicController::checkAdminExist('test')
#2 [internal function]: App\\Http\\Controllers\\Admin\\AdminController->doAdminAdd(Object(Laravel\\Lumen\\Http\\Request))
#3 D:\\Code\\api.gejia.com\\vendor\\illuminate\\container\\BoundMethod.php(37): call_user_func_array(Array, Array)
#4 D:\\Code\\api.gejia.com\\vendor\\illuminate\\container\\Util.php(37): Illuminate\\Container\\BoundMethod::Illuminate\\Container\\{closure}()
#5 D:\\Code\\api.gejia.com\\vendor\\illuminate\\container\\BoundMethod.php(95): Illuminate\\Container\\Util::unwrapIfClosure(Object(Closure))
#6 D:\\Code\\api.gejia.com\\vendor\\illuminate\\container\\BoundMethod.php(39): Illuminate\\Container\\BoundMethod::callBoundMethod(Object(Laravel\\Lumen\\Application), Array, Object(Closure))
#7 D:\\Code\\api.gejia.com\\vendor\\illuminate\\container\\Container.php(596): Illuminate\\Container\\BoundMethod::call(Object(Laravel\\Lumen\\Application), Array, Array, NULL)
#8 D:\\Code\\api.gejia.com\\vendor\\laravel\\lumen-framework\\src\\Concerns\\RoutesRequests.php(386): Illuminate\\Container\\Container->call(Array, Array)
#9 D:\\Code\\api.gejia.com\\vendor\\laravel\\lumen-framework\\src\\Concerns\\RoutesRequests.php(352): Laravel\\Lumen\\Application->callControllerCallable(Array, Array)
#10 D:\\Code\\api.gejia.com\\vendor\\laravel\\lumen-framework\\src\\Concerns\\RoutesRequests.php(326): Laravel\\Lumen\\Application->callLumenController(Object(App\\Http\\Controllers\\Admin\\AdminController), 'doAdminAdd', Array)
#11 D:\\Code\\api.gejia.com\\vendor\\laravel\\lumen-framework\\src\\Concerns\\RoutesRequests.php(279): Laravel\\Lumen\\Application->callControllerAction(Array)
#12 D:\\Code\\api.gejia.com\\vendor\\laravel\\lumen-framework\\src\\Concerns\\RoutesRequests.php(264): Laravel\\Lumen\\Application->callActionOnArrayBasedRoute(Array)
#13 D:\\Code\\api.gejia.com\\vendor\\laravel\\lumen-framework\\src\\Concerns\\RoutesRequests.php(166): Laravel\\Lumen\\Application->handleFoundRoute(Array)
#14 D:\\Code\\api.gejia.com\\vendor\\laravel\\lumen-framework\\src\\Concerns\\RoutesRequests.php(426): Laravel\\Lumen\\Application->Laravel\\Lumen\\Concerns\\{closure}(Object(Laravel\\Lumen\\Http\\Request))
#15 D:\\Code\\api.gejia.com\\vendor\\laravel\\lumen-framework\\src\\Concerns\\RoutesRequests.php(172): Laravel\\Lumen\\Application->sendThroughPipeline(Array, Object(Closure))
#16 D:\\Code\\api.gejia.com\\vendor\\laravel\\lumen-framework\\src\\Concerns\\RoutesRequests.php(109): Laravel\\Lumen\\Application->dispatch(NULL)
#17 D:\\Code\\api.gejia.com\\public\\index.php(28): Laravel\\Lumen\\Application->run()
#18 {main}
"} 
