[2020-10-29 11:23:57] local.ERROR: Class 'App\Http\Controllers\Jobs\G_news' not found {"exception":"[object] (Error(code: 0): Class 'App\\Http\\Controllers\\Jobs\\G_news' not found at E:\\Company\\Project\\website\\api.gejia.com\\app\\Http\\Controllers\\Jobs\\JobsController.php:375)
[stacktrace]
#0 [internal function]: App\\Http\\Controllers\\Jobs\\JobsController->getJobsInfo(Object(Laravel\\Lumen\\Http\\Request))
#1 E:\\Company\\Project\\website\\api.gejia.com\\vendor\\illuminate\\container\\BoundMethod.php(37): call_user_func_array(Array, Array)
#2 E:\\Company\\Project\\website\\api.gejia.com\\vendor\\illuminate\\container\\Util.php(37): Illuminate\\Container\\BoundMethod::Illuminate\\Container\\{closure}()
#3 E:\\Company\\Project\\website\\api.gejia.com\\vendor\\illuminate\\container\\BoundMethod.php(95): Illuminate\\Container\\Util::unwrapIfClosure(Object(Closure))
#4 E:\\Company\\Project\\website\\api.gejia.com\\vendor\\illuminate\\container\\BoundMethod.php(39): Illuminate\\Container\\BoundMethod::callBoundMethod(Object(Laravel\\Lumen\\Application), Array, Object(Closure))
#5 E:\\Company\\Project\\website\\api.gejia.com\\vendor\\illuminate\\container\\Container.php(596): Illuminate\\Container\\BoundMethod::call(Object(Laravel\\Lumen\\Application), Array, Array, NULL)
#6 E:\\Company\\Project\\website\\api.gejia.com\\vendor\\laravel\\lumen-framework\\src\\Concerns\\RoutesRequests.php(386): Illuminate\\Container\\Container->call(Array, Array)
#7 E:\\Company\\Project\\website\\api.gejia.com\\vendor\\laravel\\lumen-framework\\src\\Concerns\\RoutesRequests.php(352): Laravel\\Lumen\\Application->callControllerCallable(Array, Array)
#8 E:\\Company\\Project\\website\\api.gejia.com\\vendor\\laravel\\lumen-framework\\src\\Concerns\\RoutesRequests.php(326): Laravel\\Lumen\\Application->callLumenController(Object(App\\Http\\Controllers\\Jobs\\JobsController), 'getJobsInfo', Array)
#9 E:\\Company\\Project\\website\\api.gejia.com\\vendor\\laravel\\lumen-framework\\src\\Concerns\\RoutesRequests.php(279): Laravel\\Lumen\\Application->callControllerAction(Array)
#10 E:\\Company\\Project\\website\\api.gejia.com\\vendor\\laravel\\lumen-framework\\src\\Concerns\\RoutesRequests.php(264): Laravel\\Lumen\\Application->callActionOnArrayBasedRoute(Array)
#11 E:\\Company\\Project\\website\\api.gejia.com\\vendor\\laravel\\lumen-framework\\src\\Concerns\\RoutesRequests.php(166): Laravel\\Lumen\\Application->handleFoundRoute(Array)
#12 E:\\Company\\Project\\website\\api.gejia.com\\vendor\\laravel\\lumen-framework\\src\\Concerns\\RoutesRequests.php(426): Laravel\\Lumen\\Application->Laravel\\Lumen\\Concerns\\{closure}(Object(Laravel\\Lumen\\Http\\Request))
#13 E:\\Company\\Project\\website\\api.gejia.com\\vendor\\laravel\\lumen-framework\\src\\Concerns\\RoutesRequests.php(172): Laravel\\Lumen\\Application->sendThroughPipeline(Array, Object(Closure))
#14 E:\\Company\\Project\\website\\api.gejia.com\\vendor\\laravel\\lumen-framework\\src\\Concerns\\RoutesRequests.php(109): Laravel\\Lumen\\Application->dispatch(NULL)
#15 E:\\Company\\Project\\website\\api.gejia.com\\public\\index.php(28): Laravel\\Lumen\\Application->run()
#16 {main}
"} 
[2020-10-29 11:31:40] local.ERROR: syntax error, unexpected 'return' (T_RETURN) {"exception":"[object] (ParseError(code: 0): syntax error, unexpected 'return' (T_RETURN) at E:\\Company\\Project\\website\\api.gejia.com\\app\\Http\\Controllers\\Jobs\\JobsController.php:393)
[stacktrace]
#0 E:\\Company\\Project\\website\\api.gejia.com\\vendor\\composer\\ClassLoader.php(322): Composer\\Autoload\\includeFile('E:\\\\Company\\\\Proj...')
#1 [internal function]: Composer\\Autoload\\ClassLoader->loadClass('App\\\\Http\\\\Contro...')
#2 [internal function]: spl_autoload_call('App\\\\Http\\\\Contro...')
#3 E:\\Company\\Project\\website\\api.gejia.com\\vendor\\illuminate\\container\\Container.php(809): ReflectionClass->__construct('App\\\\Http\\\\Contro...')
#4 E:\\Company\\Project\\website\\api.gejia.com\\vendor\\illuminate\\container\\Container.php(691): Illuminate\\Container\\Container->build('App\\\\Http\\\\Contro...')
#5 E:\\Company\\Project\\website\\api.gejia.com\\vendor\\illuminate\\container\\Container.php(637): Illuminate\\Container\\Container->resolve('App\\\\Http\\\\Contro...', Array)
#6 E:\\Company\\Project\\website\\api.gejia.com\\vendor\\laravel\\lumen-framework\\src\\Application.php(300): Illuminate\\Container\\Container->make('App\\\\Http\\\\Contro...', Array)
#7 E:\\Company\\Project\\website\\api.gejia.com\\vendor\\laravel\\lumen-framework\\src\\Concerns\\RoutesRequests.php(321): Laravel\\Lumen\\Application->make('App\\\\Http\\\\Contro...')
#8 E:\\Company\\Project\\website\\api.gejia.com\\vendor\\laravel\\lumen-framework\\src\\Concerns\\RoutesRequests.php(279): Laravel\\Lumen\\Application->callControllerAction(Array)
#9 E:\\Company\\Project\\website\\api.gejia.com\\vendor\\laravel\\lumen-framework\\src\\Concerns\\RoutesRequests.php(264): Laravel\\Lumen\\Application->callActionOnArrayBasedRoute(Array)
#10 E:\\Company\\Project\\website\\api.gejia.com\\vendor\\laravel\\lumen-framework\\src\\Concerns\\RoutesRequests.php(166): Laravel\\Lumen\\Application->handleFoundRoute(Array)
#11 E:\\Company\\Project\\website\\api.gejia.com\\vendor\\laravel\\lumen-framework\\src\\Concerns\\RoutesRequests.php(426): Laravel\\Lumen\\Application->Laravel\\Lumen\\Concerns\\{closure}(Object(Laravel\\Lumen\\Http\\Request))
#12 E:\\Company\\Project\\website\\api.gejia.com\\vendor\\laravel\\lumen-framework\\src\\Concerns\\RoutesRequests.php(172): Laravel\\Lumen\\Application->sendThroughPipeline(Array, Object(Closure))
#13 E:\\Company\\Project\\website\\api.gejia.com\\vendor\\laravel\\lumen-framework\\src\\Concerns\\RoutesRequests.php(109): Laravel\\Lumen\\Application->dispatch(NULL)
#14 E:\\Company\\Project\\website\\api.gejia.com\\public\\index.php(28): Laravel\\Lumen\\Application->run()
#15 {main}
"} 
