[2020-09-06 01:13:15] local.ERROR: PDOException: PDO::__construct(): MySQL server has gone away in D:\Code\api.gejia.com\vendor\illuminate\database\Connectors\Connector.php:70
Stack trace:
#0 D:\Code\api.gejia.com\vendor\illuminate\database\Connectors\Connector.php(70): PDO->__construct('mysql:host=223....', 'root', 'dgkjcech', Array)
#1 D:\Code\api.gejia.com\vendor\illuminate\database\Connectors\Connector.php(100): Illuminate\Database\Connectors\Connector->createPdoConnection('mysql:host=223....', 'root', 'dgkjcech', Array)
#2 D:\Code\api.gejia.com\vendor\illuminate\database\Connectors\Connector.php(50): Illuminate\Database\Connectors\Connector->tryAgainIfCausedByLostConnection(Object(PDOException), 'mysql:host=223....', 'root', 'dgkjcech', Array)
#3 D:\Code\api.gejia.com\vendor\illuminate\database\Connectors\MySqlConnector.php(24): Illuminate\Database\Connectors\Connector->createConnection('mysql:host=223....', Array, Array)
#4 D:\Code\api.gejia.com\vendor\illuminate\database\Connectors\ConnectionFactory.php(184): Illuminate\Database\Connectors\MySqlConnector->connect(Array)
#5 [internal function]: Illuminate\Database\Connectors\ConnectionFactory->Illuminate\Database\Connectors\{closure}()
#6 D:\Code\api.gejia.com\vendor\illuminate\database\Connection.php(926): call_user_func(Object(Closure))
#7 D:\Code\api.gejia.com\vendor\illuminate\database\Connection.php(961): Illuminate\Database\Connection->getPdo()
#8 D:\Code\api.gejia.com\vendor\illuminate\database\Connection.php(405): Illuminate\Database\Connection->getReadPdo()
#9 D:\Code\api.gejia.com\vendor\illuminate\database\Connection.php(331): Illuminate\Database\Connection->getPdoForSelect(true)
#10 D:\Code\api.gejia.com\vendor\illuminate\database\Connection.php(664): Illuminate\Database\Connection->Illuminate\Database\{closure}('select `id`, `u...', Array)
#11 D:\Code\api.gejia.com\vendor\illuminate\database\Connection.php(745): Illuminate\Database\Connection->runQueryCallback('select `id`, `u...', Array, Object(Closure))
#12 D:\Code\api.gejia.com\vendor\illuminate\database\Connection.php(725): Illuminate\Database\Connection->tryAgainIfCausedByLostConnection(Object(Illuminate\Database\QueryException), 'select `id`, `u...', Array, Object(Closure))
#13 D:\Code\api.gejia.com\vendor\illuminate\database\Connection.php(634): Illuminate\Database\Connection->handleQueryException(Object(Illuminate\Database\QueryException), 'select `id`, `u...', Array, Object(Closure))
#14 D:\Code\api.gejia.com\vendor\illuminate\database\Connection.php(339): Illuminate\Database\Connection->run('select `id`, `u...', Array, Object(Closure))
#15 D:\Code\api.gejia.com\vendor\illuminate\database\Query\Builder.php(2260): Illuminate\Database\Connection->select('select `id`, `u...', Array, true)
#16 D:\Code\api.gejia.com\vendor\illuminate\database\Query\Builder.php(2248): Illuminate\Database\Query\Builder->runSelect()
#17 D:\Code\api.gejia.com\vendor\illuminate\database\Query\Builder.php(2743): Illuminate\Database\Query\Builder->Illuminate\Database\Query\{closure}()
#18 D:\Code\api.gejia.com\vendor\illuminate\database\Query\Builder.php(2249): Illuminate\Database\Query\Builder->onceWithColumns(Array, Object(Closure))
#19 D:\Code\api.gejia.com\vendor\illuminate\database\Eloquent\Builder.php(539): Illuminate\Database\Query\Builder->get(Array)
#20 D:\Code\api.gejia.com\vendor\illuminate\database\Eloquent\Builder.php(523): Illuminate\Database\Eloquent\Builder->getModels(Array)
#21 D:\Code\api.gejia.com\app\Http\Controllers\Admin\AdminController.php(84): Illuminate\Database\Eloquent\Builder->get(Array)
#22 [internal function]: App\Http\Controllers\Admin\AdminController->getAdminList(Object(Laravel\Lumen\Http\Request))
#23 D:\Code\api.gejia.com\vendor\illuminate\container\BoundMethod.php(37): call_user_func_array(Array, Array)
#24 D:\Code\api.gejia.com\vendor\illuminate\container\Util.php(37): Illuminate\Container\BoundMethod::Illuminate\Container\{closure}()
#25 D:\Code\api.gejia.com\vendor\illuminate\container\BoundMethod.php(95): Illuminate\Container\Util::unwrapIfClosure(Object(Closure))
#26 D:\Code\api.gejia.com\vendor\illuminate\container\BoundMethod.php(39): Illuminate\Container\BoundMethod::callBoundMethod(Object(Laravel\Lumen\Application), Array, Object(Closure))
#27 D:\Code\api.gejia.com\vendor\illuminate\container\Container.php(596): Illuminate\Container\BoundMethod::call(Object(Laravel\Lumen\Application), Array, Array, NULL)
#28 D:\Code\api.gejia.com\vendor\laravel\lumen-framework\src\Concerns\RoutesRequests.php(386): Illuminate\Container\Container->call(Array, Array)
#29 D:\Code\api.gejia.com\vendor\laravel\lumen-framework\src\Concerns\RoutesRequests.php(352): Laravel\Lumen\Application->callControllerCallable(Array, Array)
#30 D:\Code\api.gejia.com\vendor\laravel\lumen-framework\src\Concerns\RoutesRequests.php(326): Laravel\Lumen\Application->callLumenController(Object(App\Http\Controllers\Admin\AdminController), 'getAdminList', Array)
#31 D:\Code\api.gejia.com\vendor\laravel\lumen-framework\src\Concerns\RoutesRequests.php(279): Laravel\Lumen\Application->callControllerAction(Array)
#32 D:\Code\api.gejia.com\vendor\laravel\lumen-framework\src\Concerns\RoutesRequests.php(264): Laravel\Lumen\Application->callActionOnArrayBasedRoute(Array)
#33 D:\Code\api.gejia.com\vendor\laravel\lumen-framework\src\Concerns\RoutesRequests.php(166): Laravel\Lumen\Application->handleFoundRoute(Array)
#34 D:\Code\api.gejia.com\vendor\laravel\lumen-framework\src\Concerns\RoutesRequests.php(426): Laravel\Lumen\Application->Laravel\Lumen\Concerns\{closure}(Object(Laravel\Lumen\Http\Request))
#35 D:\Code\api.gejia.com\vendor\laravel\lumen-framework\src\Concerns\RoutesRequests.php(172): Laravel\Lumen\Application->sendThroughPipeline(Array, Object(Closure))
#36 D:\Code\api.gejia.com\vendor\laravel\lumen-framework\src\Concerns\RoutesRequests.php(109): Laravel\Lumen\Application->dispatch(NULL)
#37 D:\Code\api.gejia.com\public\index.php(28): Laravel\Lumen\Application->run()
#38 {main}

Next PDOException: SQLSTATE[HY000] [2006] MySQL server has gone away in D:\Code\api.gejia.com\vendor\illuminate\database\Connectors\Connector.php:70
Stack trace:
#0 D:\Code\api.gejia.com\vendor\illuminate\database\Connectors\Connector.php(70): PDO->__construct('mysql:host=223....', 'root', 'dgkjcech', Array)
#1 D:\Code\api.gejia.com\vendor\illuminate\database\Connectors\Connector.php(100): Illuminate\Database\Connectors\Connector->createPdoConnection('mysql:host=223....', 'root', 'dgkjcech', Array)
#2 D:\Code\api.gejia.com\vendor\illuminate\database\Connectors\Connector.php(50): Illuminate\Database\Connectors\Connector->tryAgainIfCausedByLostConnection(Object(PDOException), 'mysql:host=223....', 'root', 'dgkjcech', Array)
#3 D:\Code\api.gejia.com\vendor\illuminate\database\Connectors\MySqlConnector.php(24): Illuminate\Database\Connectors\Connector->createConnection('mysql:host=223....', Array, Array)
#4 D:\Code\api.gejia.com\vendor\illuminate\database\Connectors\ConnectionFactory.php(184): Illuminate\Database\Connectors\MySqlConnector->connect(Array)
#5 [internal function]: Illuminate\Database\Connectors\ConnectionFactory->Illuminate\Database\Connectors\{closure}()
#6 D:\Code\api.gejia.com\vendor\illuminate\database\Connection.php(926): call_user_func(Object(Closure))
#7 D:\Code\api.gejia.com\vendor\illuminate\database\Connection.php(961): Illuminate\Database\Connection->getPdo()
#8 D:\Code\api.gejia.com\vendor\illuminate\database\Connection.php(405): Illuminate\Database\Connection->getReadPdo()
#9 D:\Code\api.gejia.com\vendor\illuminate\database\Connection.php(331): Illuminate\Database\Connection->getPdoForSelect(true)
#10 D:\Code\api.gejia.com\vendor\illuminate\database\Connection.php(664): Illuminate\Database\Connection->Illuminate\Database\{closure}('select `id`, `u...', Array)
#11 D:\Code\api.gejia.com\vendor\illuminate\database\Connection.php(745): Illuminate\Database\Connection->runQueryCallback('select `id`, `u...', Array, Object(Closure))
#12 D:\Code\api.gejia.com\vendor\illuminate\database\Connection.php(725): Illuminate\Database\Connection->tryAgainIfCausedByLostConnection(Object(Illuminate\Database\QueryException), 'select `id`, `u...', Array, Object(Closure))
#13 D:\Code\api.gejia.com\vendor\illuminate\database\Connection.php(634): Illuminate\Database\Connection->handleQueryException(Object(Illuminate\Database\QueryException), 'select `id`, `u...', Array, Object(Closure))
#14 D:\Code\api.gejia.com\vendor\illuminate\database\Connection.php(339): Illuminate\Database\Connection->run('select `id`, `u...', Array, Object(Closure))
#15 D:\Code\api.gejia.com\vendor\illuminate\database\Query\Builder.php(2260): Illuminate\Database\Connection->select('select `id`, `u...', Array, true)
#16 D:\Code\api.gejia.com\vendor\illuminate\database\Query\Builder.php(2248): Illuminate\Database\Query\Builder->runSelect()
#17 D:\Code\api.gejia.com\vendor\illuminate\database\Query\Builder.php(2743): Illuminate\Database\Query\Builder->Illuminate\Database\Query\{closure}()
#18 D:\Code\api.gejia.com\vendor\illuminate\database\Query\Builder.php(2249): Illuminate\Database\Query\Builder->onceWithColumns(Array, Object(Closure))
#19 D:\Code\api.gejia.com\vendor\illuminate\database\Eloquent\Builder.php(539): Illuminate\Database\Query\Builder->get(Array)
#20 D:\Code\api.gejia.com\vendor\illuminate\database\Eloquent\Builder.php(523): Illuminate\Database\Eloquent\Builder->getModels(Array)
#21 D:\Code\api.gejia.com\app\Http\Controllers\Admin\AdminController.php(84): Illuminate\Database\Eloquent\Builder->get(Array)
#22 [internal function]: App\Http\Controllers\Admin\AdminController->getAdminList(Object(Laravel\Lumen\Http\Request))
#23 D:\Code\api.gejia.com\vendor\illuminate\container\BoundMethod.php(37): call_user_func_array(Array, Array)
#24 D:\Code\api.gejia.com\vendor\illuminate\container\Util.php(37): Illuminate\Container\BoundMethod::Illuminate\Container\{closure}()
#25 D:\Code\api.gejia.com\vendor\illuminate\container\BoundMethod.php(95): Illuminate\Container\Util::unwrapIfClosure(Object(Closure))
#26 D:\Code\api.gejia.com\vendor\illuminate\container\BoundMethod.php(39): Illuminate\Container\BoundMethod::callBoundMethod(Object(Laravel\Lumen\Application), Array, Object(Closure))
#27 D:\Code\api.gejia.com\vendor\illuminate\container\Container.php(596): Illuminate\Container\BoundMethod::call(Object(Laravel\Lumen\Application), Array, Array, NULL)
#28 D:\Code\api.gejia.com\vendor\laravel\lumen-framework\src\Concerns\RoutesRequests.php(386): Illuminate\Container\Container->call(Array, Array)
#29 D:\Code\api.gejia.com\vendor\laravel\lumen-framework\src\Concerns\RoutesRequests.php(352): Laravel\Lumen\Application->callControllerCallable(Array, Array)
#30 D:\Code\api.gejia.com\vendor\laravel\lumen-framework\src\Concerns\RoutesRequests.php(326): Laravel\Lumen\Application->callLumenController(Object(App\Http\Controllers\Admin\AdminController), 'getAdminList', Array)
#31 D:\Code\api.gejia.com\vendor\laravel\lumen-framework\src\Concerns\RoutesRequests.php(279): Laravel\Lumen\Application->callControllerAction(Array)
#32 D:\Code\api.gejia.com\vendor\laravel\lumen-framework\src\Concerns\RoutesRequests.php(264): Laravel\Lumen\Application->callActionOnArrayBasedRoute(Array)
#33 D:\Code\api.gejia.com\vendor\laravel\lumen-framework\src\Concerns\RoutesRequests.php(166): Laravel\Lumen\Application->handleFoundRoute(Array)
#34 D:\Code\api.gejia.com\vendor\laravel\lumen-framework\src\Concerns\RoutesRequests.php(426): Laravel\Lumen\Application->Laravel\Lumen\Concerns\{closure}(Object(Laravel\Lumen\Http\Request))
#35 D:\Code\api.gejia.com\vendor\laravel\lumen-framework\src\Concerns\RoutesRequests.php(172): Laravel\Lumen\Application->sendThroughPipeline(Array, Object(Closure))
#36 D:\Code\api.gejia.com\vendor\laravel\lumen-framework\src\Concerns\RoutesRequests.php(109): Laravel\Lumen\Application->dispatch(NULL)
#37 D:\Code\api.gejia.com\public\index.php(28): Laravel\Lumen\Application->run()
#38 {main}

Next Illuminate\Database\QueryException: SQLSTATE[HY000] [2006] MySQL server has gone away (SQL: select `id`, `username`, `status`, `role_id`, `created_at` from `admin` where `username` like %admin% order by `created_at` asc limit 10 offset 0) in D:\Code\api.gejia.com\vendor\illuminate\database\Connection.php:671
Stack trace:
#0 D:\Code\api.gejia.com\vendor\illuminate\database\Connection.php(745): Illuminate\Database\Connection->runQueryCallback('select `id`, `u...', Array, Object(Closure))
#1 D:\Code\api.gejia.com\vendor\illuminate\database\Connection.php(725): Illuminate\Database\Connection->tryAgainIfCausedByLostConnection(Object(Illuminate\Database\QueryException), 'select `id`, `u...', Array, Object(Closure))
#2 D:\Code\api.gejia.com\vendor\illuminate\database\Connection.php(634): Illuminate\Database\Connection->handleQueryException(Object(Illuminate\Database\QueryException), 'select `id`, `u...', Array, Object(Closure))
#3 D:\Code\api.gejia.com\vendor\illuminate\database\Connection.php(339): Illuminate\Database\Connection->run('select `id`, `u...', Array, Object(Closure))
#4 D:\Code\api.gejia.com\vendor\illuminate\database\Query\Builder.php(2260): Illuminate\Database\Connection->select('select `id`, `u...', Array, true)
#5 D:\Code\api.gejia.com\vendor\illuminate\database\Query\Builder.php(2248): Illuminate\Database\Query\Builder->runSelect()
#6 D:\Code\api.gejia.com\vendor\illuminate\database\Query\Builder.php(2743): Illuminate\Database\Query\Builder->Illuminate\Database\Query\{closure}()
#7 D:\Code\api.gejia.com\vendor\illuminate\database\Query\Builder.php(2249): Illuminate\Database\Query\Builder->onceWithColumns(Array, Object(Closure))
#8 D:\Code\api.gejia.com\vendor\illuminate\database\Eloquent\Builder.php(539): Illuminate\Database\Query\Builder->get(Array)
#9 D:\Code\api.gejia.com\vendor\illuminate\database\Eloquent\Builder.php(523): Illuminate\Database\Eloquent\Builder->getModels(Array)
#10 D:\Code\api.gejia.com\app\Http\Controllers\Admin\AdminController.php(84): Illuminate\Database\Eloquent\Builder->get(Array)
#11 [internal function]: App\Http\Controllers\Admin\AdminController->getAdminList(Object(Laravel\Lumen\Http\Request))
#12 D:\Code\api.gejia.com\vendor\illuminate\container\BoundMethod.php(37): call_user_func_array(Array, Array)
#13 D:\Code\api.gejia.com\vendor\illuminate\container\Util.php(37): Illuminate\Container\BoundMethod::Illuminate\Container\{closure}()
#14 D:\Code\api.gejia.com\vendor\illuminate\container\BoundMethod.php(95): Illuminate\Container\Util::unwrapIfClosure(Object(Closure))
#15 D:\Code\api.gejia.com\vendor\illuminate\container\BoundMethod.php(39): Illuminate\Container\BoundMethod::callBoundMethod(Object(Laravel\Lumen\Application), Array, Object(Closure))
#16 D:\Code\api.gejia.com\vendor\illuminate\container\Container.php(596): Illuminate\Container\BoundMethod::call(Object(Laravel\Lumen\Application), Array, Array, NULL)
#17 D:\Code\api.gejia.com\vendor\laravel\lumen-framework\src\Concerns\RoutesRequests.php(386): Illuminate\Container\Container->call(Array, Array)
#18 D:\Code\api.gejia.com\vendor\laravel\lumen-framework\src\Concerns\RoutesRequests.php(352): Laravel\Lumen\Application->callControllerCallable(Array, Array)
#19 D:\Code\api.gejia.com\vendor\laravel\lumen-framework\src\Concerns\RoutesRequests.php(326): Laravel\Lumen\Application->callLumenController(Object(App\Http\Controllers\Admin\AdminController), 'getAdminList', Array)
#20 D:\Code\api.gejia.com\vendor\laravel\lumen-framework\src\Concerns\RoutesRequests.php(279): Laravel\Lumen\Application->callControllerAction(Array)
#21 D:\Code\api.gejia.com\vendor\laravel\lumen-framework\src\Concerns\RoutesRequests.php(264): Laravel\Lumen\Application->callActionOnArrayBasedRoute(Array)
#22 D:\Code\api.gejia.com\vendor\laravel\lumen-framework\src\Concerns\RoutesRequests.php(166): Laravel\Lumen\Application->handleFoundRoute(Array)
#23 D:\Code\api.gejia.com\vendor\laravel\lumen-framework\src\Concerns\RoutesRequests.php(426): Laravel\Lumen\Application->Laravel\Lumen\Concerns\{closure}(Object(Laravel\Lumen\Http\Request))
#24 D:\Code\api.gejia.com\vendor\laravel\lumen-framework\src\Concerns\RoutesRequests.php(172): Laravel\Lumen\Application->sendThroughPipeline(Array, Object(Closure))
#25 D:\Code\api.gejia.com\vendor\laravel\lumen-framework\src\Concerns\RoutesRequests.php(109): Laravel\Lumen\Application->dispatch(NULL)
#26 D:\Code\api.gejia.com\public\index.php(28): Laravel\Lumen\Application->run()
#27 {main} {"exception":"[object] (Illuminate\\Database\\QueryException(code: 2006): SQLSTATE[HY000] [2006] MySQL server has gone away (SQL: select `id`, `username`, `status`, `role_id`, `created_at` from `admin` where `username` like %admin% order by `created_at` asc limit 10 offset 0) at D:\\Code\\api.gejia.com\\vendor\\illuminate\\database\\Connection.php:671)
[stacktrace]
#0 D:\\Code\\api.gejia.com\\vendor\\illuminate\\database\\Connection.php(745): Illuminate\\Database\\Connection->runQueryCallback('select `id`, `u...', Array, Object(Closure))
#1 D:\\Code\\api.gejia.com\\vendor\\illuminate\\database\\Connection.php(725): Illuminate\\Database\\Connection->tryAgainIfCausedByLostConnection(Object(Illuminate\\Database\\QueryException), 'select `id`, `u...', Array, Object(Closure))
#2 D:\\Code\\api.gejia.com\\vendor\\illuminate\\database\\Connection.php(634): Illuminate\\Database\\Connection->handleQueryException(Object(Illuminate\\Database\\QueryException), 'select `id`, `u...', Array, Object(Closure))
#3 D:\\Code\\api.gejia.com\\vendor\\illuminate\\database\\Connection.php(339): Illuminate\\Database\\Connection->run('select `id`, `u...', Array, Object(Closure))
#4 D:\\Code\\api.gejia.com\\vendor\\illuminate\\database\\Query\\Builder.php(2260): Illuminate\\Database\\Connection->select('select `id`, `u...', Array, true)
#5 D:\\Code\\api.gejia.com\\vendor\\illuminate\\database\\Query\\Builder.php(2248): Illuminate\\Database\\Query\\Builder->runSelect()
#6 D:\\Code\\api.gejia.com\\vendor\\illuminate\\database\\Query\\Builder.php(2743): Illuminate\\Database\\Query\\Builder->Illuminate\\Database\\Query\\{closure}()
#7 D:\\Code\\api.gejia.com\\vendor\\illuminate\\database\\Query\\Builder.php(2249): Illuminate\\Database\\Query\\Builder->onceWithColumns(Array, Object(Closure))
#8 D:\\Code\\api.gejia.com\\vendor\\illuminate\\database\\Eloquent\\Builder.php(539): Illuminate\\Database\\Query\\Builder->get(Array)
#9 D:\\Code\\api.gejia.com\\vendor\\illuminate\\database\\Eloquent\\Builder.php(523): Illuminate\\Database\\Eloquent\\Builder->getModels(Array)
#10 D:\\Code\\api.gejia.com\\app\\Http\\Controllers\\Admin\\AdminController.php(84): Illuminate\\Database\\Eloquent\\Builder->get(Array)
#11 [internal function]: App\\Http\\Controllers\\Admin\\AdminController->getAdminList(Object(Laravel\\Lumen\\Http\\Request))
#12 D:\\Code\\api.gejia.com\\vendor\\illuminate\\container\\BoundMethod.php(37): call_user_func_array(Array, Array)
#13 D:\\Code\\api.gejia.com\\vendor\\illuminate\\container\\Util.php(37): Illuminate\\Container\\BoundMethod::Illuminate\\Container\\{closure}()
#14 D:\\Code\\api.gejia.com\\vendor\\illuminate\\container\\BoundMethod.php(95): Illuminate\\Container\\Util::unwrapIfClosure(Object(Closure))
#15 D:\\Code\\api.gejia.com\\vendor\\illuminate\\container\\BoundMethod.php(39): Illuminate\\Container\\BoundMethod::callBoundMethod(Object(Laravel\\Lumen\\Application), Array, Object(Closure))
#16 D:\\Code\\api.gejia.com\\vendor\\illuminate\\container\\Container.php(596): Illuminate\\Container\\BoundMethod::call(Object(Laravel\\Lumen\\Application), Array, Array, NULL)
#17 D:\\Code\\api.gejia.com\\vendor\\laravel\\lumen-framework\\src\\Concerns\\RoutesRequests.php(386): Illuminate\\Container\\Container->call(Array, Array)
#18 D:\\Code\\api.gejia.com\\vendor\\laravel\\lumen-framework\\src\\Concerns\\RoutesRequests.php(352): Laravel\\Lumen\\Application->callControllerCallable(Array, Array)
#19 D:\\Code\\api.gejia.com\\vendor\\laravel\\lumen-framework\\src\\Concerns\\RoutesRequests.php(326): Laravel\\Lumen\\Application->callLumenController(Object(App\\Http\\Controllers\\Admin\\AdminController), 'getAdminList', Array)
#20 D:\\Code\\api.gejia.com\\vendor\\laravel\\lumen-framework\\src\\Concerns\\RoutesRequests.php(279): Laravel\\Lumen\\Application->callControllerAction(Array)
#21 D:\\Code\\api.gejia.com\\vendor\\laravel\\lumen-framework\\src\\Concerns\\RoutesRequests.php(264): Laravel\\Lumen\\Application->callActionOnArrayBasedRoute(Array)
#22 D:\\Code\\api.gejia.com\\vendor\\laravel\\lumen-framework\\src\\Concerns\\RoutesRequests.php(166): Laravel\\Lumen\\Application->handleFoundRoute(Array)
#23 D:\\Code\\api.gejia.com\\vendor\\laravel\\lumen-framework\\src\\Concerns\\RoutesRequests.php(426): Laravel\\Lumen\\Application->Laravel\\Lumen\\Concerns\\{closure}(Object(Laravel\\Lumen\\Http\\Request))
#24 D:\\Code\\api.gejia.com\\vendor\\laravel\\lumen-framework\\src\\Concerns\\RoutesRequests.php(172): Laravel\\Lumen\\Application->sendThroughPipeline(Array, Object(Closure))
#25 D:\\Code\\api.gejia.com\\vendor\\laravel\\lumen-framework\\src\\Concerns\\RoutesRequests.php(109): Laravel\\Lumen\\Application->dispatch(NULL)
#26 D:\\Code\\api.gejia.com\\public\\index.php(28): Laravel\\Lumen\\Application->run()
#27 {main}

[previous exception] [object] (PDOException(code: 2006): SQLSTATE[HY000] [2006] MySQL server has gone away at D:\\Code\\api.gejia.com\\vendor\\illuminate\\database\\Connectors\\Connector.php:70)
[stacktrace]
#0 D:\\Code\\api.gejia.com\\vendor\\illuminate\\database\\Connectors\\Connector.php(70): PDO->__construct('mysql:host=223....', 'root', 'dgkjcech', Array)
#1 D:\\Code\\api.gejia.com\\vendor\\illuminate\\database\\Connectors\\Connector.php(100): Illuminate\\Database\\Connectors\\Connector->createPdoConnection('mysql:host=223....', 'root', 'dgkjcech', Array)
#2 D:\\Code\\api.gejia.com\\vendor\\illuminate\\database\\Connectors\\Connector.php(50): Illuminate\\Database\\Connectors\\Connector->tryAgainIfCausedByLostConnection(Object(PDOException), 'mysql:host=223....', 'root', 'dgkjcech', Array)
#3 D:\\Code\\api.gejia.com\\vendor\\illuminate\\database\\Connectors\\MySqlConnector.php(24): Illuminate\\Database\\Connectors\\Connector->createConnection('mysql:host=223....', Array, Array)
#4 D:\\Code\\api.gejia.com\\vendor\\illuminate\\database\\Connectors\\ConnectionFactory.php(184): Illuminate\\Database\\Connectors\\MySqlConnector->connect(Array)
#5 [internal function]: Illuminate\\Database\\Connectors\\ConnectionFactory->Illuminate\\Database\\Connectors\\{closure}()
#6 D:\\Code\\api.gejia.com\\vendor\\illuminate\\database\\Connection.php(926): call_user_func(Object(Closure))
#7 D:\\Code\\api.gejia.com\\vendor\\illuminate\\database\\Connection.php(961): Illuminate\\Database\\Connection->getPdo()
#8 D:\\Code\\api.gejia.com\\vendor\\illuminate\\database\\Connection.php(405): Illuminate\\Database\\Connection->getReadPdo()
#9 D:\\Code\\api.gejia.com\\vendor\\illuminate\\database\\Connection.php(331): Illuminate\\Database\\Connection->getPdoForSelect(true)
#10 D:\\Code\\api.gejia.com\\vendor\\illuminate\\database\\Connection.php(664): Illuminate\\Database\\Connection->Illuminate\\Database\\{closure}('select `id`, `u...', Array)
#11 D:\\Code\\api.gejia.com\\vendor\\illuminate\\database\\Connection.php(745): Illuminate\\Database\\Connection->runQueryCallback('select `id`, `u...', Array, Object(Closure))
#12 D:\\Code\\api.gejia.com\\vendor\\illuminate\\database\\Connection.php(725): Illuminate\\Database\\Connection->tryAgainIfCausedByLostConnection(Object(Illuminate\\Database\\QueryException), 'select `id`, `u...', Array, Object(Closure))
#13 D:\\Code\\api.gejia.com\\vendor\\illuminate\\database\\Connection.php(634): Illuminate\\Database\\Connection->handleQueryException(Object(Illuminate\\Database\\QueryException), 'select `id`, `u...', Array, Object(Closure))
#14 D:\\Code\\api.gejia.com\\vendor\\illuminate\\database\\Connection.php(339): Illuminate\\Database\\Connection->run('select `id`, `u...', Array, Object(Closure))
#15 D:\\Code\\api.gejia.com\\vendor\\illuminate\\database\\Query\\Builder.php(2260): Illuminate\\Database\\Connection->select('select `id`, `u...', Array, true)
#16 D:\\Code\\api.gejia.com\\vendor\\illuminate\\database\\Query\\Builder.php(2248): Illuminate\\Database\\Query\\Builder->runSelect()
#17 D:\\Code\\api.gejia.com\\vendor\\illuminate\\database\\Query\\Builder.php(2743): Illuminate\\Database\\Query\\Builder->Illuminate\\Database\\Query\\{closure}()
#18 D:\\Code\\api.gejia.com\\vendor\\illuminate\\database\\Query\\Builder.php(2249): Illuminate\\Database\\Query\\Builder->onceWithColumns(Array, Object(Closure))
#19 D:\\Code\\api.gejia.com\\vendor\\illuminate\\database\\Eloquent\\Builder.php(539): Illuminate\\Database\\Query\\Builder->get(Array)
#20 D:\\Code\\api.gejia.com\\vendor\\illuminate\\database\\Eloquent\\Builder.php(523): Illuminate\\Database\\Eloquent\\Builder->getModels(Array)
#21 D:\\Code\\api.gejia.com\\app\\Http\\Controllers\\Admin\\AdminController.php(84): Illuminate\\Database\\Eloquent\\Builder->get(Array)
#22 [internal function]: App\\Http\\Controllers\\Admin\\AdminController->getAdminList(Object(Laravel\\Lumen\\Http\\Request))
#23 D:\\Code\\api.gejia.com\\vendor\\illuminate\\container\\BoundMethod.php(37): call_user_func_array(Array, Array)
#24 D:\\Code\\api.gejia.com\\vendor\\illuminate\\container\\Util.php(37): Illuminate\\Container\\BoundMethod::Illuminate\\Container\\{closure}()
#25 D:\\Code\\api.gejia.com\\vendor\\illuminate\\container\\BoundMethod.php(95): Illuminate\\Container\\Util::unwrapIfClosure(Object(Closure))
#26 D:\\Code\\api.gejia.com\\vendor\\illuminate\\container\\BoundMethod.php(39): Illuminate\\Container\\BoundMethod::callBoundMethod(Object(Laravel\\Lumen\\Application), Array, Object(Closure))
#27 D:\\Code\\api.gejia.com\\vendor\\illuminate\\container\\Container.php(596): Illuminate\\Container\\BoundMethod::call(Object(Laravel\\Lumen\\Application), Array, Array, NULL)
#28 D:\\Code\\api.gejia.com\\vendor\\laravel\\lumen-framework\\src\\Concerns\\RoutesRequests.php(386): Illuminate\\Container\\Container->call(Array, Array)
#29 D:\\Code\\api.gejia.com\\vendor\\laravel\\lumen-framework\\src\\Concerns\\RoutesRequests.php(352): Laravel\\Lumen\\Application->callControllerCallable(Array, Array)
#30 D:\\Code\\api.gejia.com\\vendor\\laravel\\lumen-framework\\src\\Concerns\\RoutesRequests.php(326): Laravel\\Lumen\\Application->callLumenController(Object(App\\Http\\Controllers\\Admin\\AdminController), 'getAdminList', Array)
#31 D:\\Code\\api.gejia.com\\vendor\\laravel\\lumen-framework\\src\\Concerns\\RoutesRequests.php(279): Laravel\\Lumen\\Application->callControllerAction(Array)
#32 D:\\Code\\api.gejia.com\\vendor\\laravel\\lumen-framework\\src\\Concerns\\RoutesRequests.php(264): Laravel\\Lumen\\Application->callActionOnArrayBasedRoute(Array)
#33 D:\\Code\\api.gejia.com\\vendor\\laravel\\lumen-framework\\src\\Concerns\\RoutesRequests.php(166): Laravel\\Lumen\\Application->handleFoundRoute(Array)
#34 D:\\Code\\api.gejia.com\\vendor\\laravel\\lumen-framework\\src\\Concerns\\RoutesRequests.php(426): Laravel\\Lumen\\Application->Laravel\\Lumen\\Concerns\\{closure}(Object(Laravel\\Lumen\\Http\\Request))
#35 D:\\Code\\api.gejia.com\\vendor\\laravel\\lumen-framework\\src\\Concerns\\RoutesRequests.php(172): Laravel\\Lumen\\Application->sendThroughPipeline(Array, Object(Closure))
#36 D:\\Code\\api.gejia.com\\vendor\\laravel\\lumen-framework\\src\\Concerns\\RoutesRequests.php(109): Laravel\\Lumen\\Application->dispatch(NULL)
#37 D:\\Code\\api.gejia.com\\public\\index.php(28): Laravel\\Lumen\\Application->run()
#38 {main}

[previous exception] [object] (PDOException(code: 0): PDO::__construct(): MySQL server has gone away at D:\\Code\\api.gejia.com\\vendor\\illuminate\\database\\Connectors\\Connector.php:70)
[stacktrace]
#0 D:\\Code\\api.gejia.com\\vendor\\illuminate\\database\\Connectors\\Connector.php(70): PDO->__construct('mysql:host=223....', 'root', 'dgkjcech', Array)
#1 D:\\Code\\api.gejia.com\\vendor\\illuminate\\database\\Connectors\\Connector.php(100): Illuminate\\Database\\Connectors\\Connector->createPdoConnection('mysql:host=223....', 'root', 'dgkjcech', Array)
#2 D:\\Code\\api.gejia.com\\vendor\\illuminate\\database\\Connectors\\Connector.php(50): Illuminate\\Database\\Connectors\\Connector->tryAgainIfCausedByLostConnection(Object(PDOException), 'mysql:host=223....', 'root', 'dgkjcech', Array)
#3 D:\\Code\\api.gejia.com\\vendor\\illuminate\\database\\Connectors\\MySqlConnector.php(24): Illuminate\\Database\\Connectors\\Connector->createConnection('mysql:host=223....', Array, Array)
#4 D:\\Code\\api.gejia.com\\vendor\\illuminate\\database\\Connectors\\ConnectionFactory.php(184): Illuminate\\Database\\Connectors\\MySqlConnector->connect(Array)
#5 [internal function]: Illuminate\\Database\\Connectors\\ConnectionFactory->Illuminate\\Database\\Connectors\\{closure}()
#6 D:\\Code\\api.gejia.com\\vendor\\illuminate\\database\\Connection.php(926): call_user_func(Object(Closure))
#7 D:\\Code\\api.gejia.com\\vendor\\illuminate\\database\\Connection.php(961): Illuminate\\Database\\Connection->getPdo()
#8 D:\\Code\\api.gejia.com\\vendor\\illuminate\\database\\Connection.php(405): Illuminate\\Database\\Connection->getReadPdo()
#9 D:\\Code\\api.gejia.com\\vendor\\illuminate\\database\\Connection.php(331): Illuminate\\Database\\Connection->getPdoForSelect(true)
#10 D:\\Code\\api.gejia.com\\vendor\\illuminate\\database\\Connection.php(664): Illuminate\\Database\\Connection->Illuminate\\Database\\{closure}('select `id`, `u...', Array)
#11 D:\\Code\\api.gejia.com\\vendor\\illuminate\\database\\Connection.php(745): Illuminate\\Database\\Connection->runQueryCallback('select `id`, `u...', Array, Object(Closure))
#12 D:\\Code\\api.gejia.com\\vendor\\illuminate\\database\\Connection.php(725): Illuminate\\Database\\Connection->tryAgainIfCausedByLostConnection(Object(Illuminate\\Database\\QueryException), 'select `id`, `u...', Array, Object(Closure))
#13 D:\\Code\\api.gejia.com\\vendor\\illuminate\\database\\Connection.php(634): Illuminate\\Database\\Connection->handleQueryException(Object(Illuminate\\Database\\QueryException), 'select `id`, `u...', Array, Object(Closure))
#14 D:\\Code\\api.gejia.com\\vendor\\illuminate\\database\\Connection.php(339): Illuminate\\Database\\Connection->run('select `id`, `u...', Array, Object(Closure))
#15 D:\\Code\\api.gejia.com\\vendor\\illuminate\\database\\Query\\Builder.php(2260): Illuminate\\Database\\Connection->select('select `id`, `u...', Array, true)
#16 D:\\Code\\api.gejia.com\\vendor\\illuminate\\database\\Query\\Builder.php(2248): Illuminate\\Database\\Query\\Builder->runSelect()
#17 D:\\Code\\api.gejia.com\\vendor\\illuminate\\database\\Query\\Builder.php(2743): Illuminate\\Database\\Query\\Builder->Illuminate\\Database\\Query\\{closure}()
#18 D:\\Code\\api.gejia.com\\vendor\\illuminate\\database\\Query\\Builder.php(2249): Illuminate\\Database\\Query\\Builder->onceWithColumns(Array, Object(Closure))
#19 D:\\Code\\api.gejia.com\\vendor\\illuminate\\database\\Eloquent\\Builder.php(539): Illuminate\\Database\\Query\\Builder->get(Array)
#20 D:\\Code\\api.gejia.com\\vendor\\illuminate\\database\\Eloquent\\Builder.php(523): Illuminate\\Database\\Eloquent\\Builder->getModels(Array)
#21 D:\\Code\\api.gejia.com\\app\\Http\\Controllers\\Admin\\AdminController.php(84): Illuminate\\Database\\Eloquent\\Builder->get(Array)
#22 [internal function]: App\\Http\\Controllers\\Admin\\AdminController->getAdminList(Object(Laravel\\Lumen\\Http\\Request))
#23 D:\\Code\\api.gejia.com\\vendor\\illuminate\\container\\BoundMethod.php(37): call_user_func_array(Array, Array)
#24 D:\\Code\\api.gejia.com\\vendor\\illuminate\\container\\Util.php(37): Illuminate\\Container\\BoundMethod::Illuminate\\Container\\{closure}()
#25 D:\\Code\\api.gejia.com\\vendor\\illuminate\\container\\BoundMethod.php(95): Illuminate\\Container\\Util::unwrapIfClosure(Object(Closure))
#26 D:\\Code\\api.gejia.com\\vendor\\illuminate\\container\\BoundMethod.php(39): Illuminate\\Container\\BoundMethod::callBoundMethod(Object(Laravel\\Lumen\\Application), Array, Object(Closure))
#27 D:\\Code\\api.gejia.com\\vendor\\illuminate\\container\\Container.php(596): Illuminate\\Container\\BoundMethod::call(Object(Laravel\\Lumen\\Application), Array, Array, NULL)
#28 D:\\Code\\api.gejia.com\\vendor\\laravel\\lumen-framework\\src\\Concerns\\RoutesRequests.php(386): Illuminate\\Container\\Container->call(Array, Array)
#29 D:\\Code\\api.gejia.com\\vendor\\laravel\\lumen-framework\\src\\Concerns\\RoutesRequests.php(352): Laravel\\Lumen\\Application->callControllerCallable(Array, Array)
#30 D:\\Code\\api.gejia.com\\vendor\\laravel\\lumen-framework\\src\\Concerns\\RoutesRequests.php(326): Laravel\\Lumen\\Application->callLumenController(Object(App\\Http\\Controllers\\Admin\\AdminController), 'getAdminList', Array)
#31 D:\\Code\\api.gejia.com\\vendor\\laravel\\lumen-framework\\src\\Concerns\\RoutesRequests.php(279): Laravel\\Lumen\\Application->callControllerAction(Array)
#32 D:\\Code\\api.gejia.com\\vendor\\laravel\\lumen-framework\\src\\Concerns\\RoutesRequests.php(264): Laravel\\Lumen\\Application->callActionOnArrayBasedRoute(Array)
#33 D:\\Code\\api.gejia.com\\vendor\\laravel\\lumen-framework\\src\\Concerns\\RoutesRequests.php(166): Laravel\\Lumen\\Application->handleFoundRoute(Array)
#34 D:\\Code\\api.gejia.com\\vendor\\laravel\\lumen-framework\\src\\Concerns\\RoutesRequests.php(426): Laravel\\Lumen\\Application->Laravel\\Lumen\\Concerns\\{closure}(Object(Laravel\\Lumen\\Http\\Request))
#35 D:\\Code\\api.gejia.com\\vendor\\laravel\\lumen-framework\\src\\Concerns\\RoutesRequests.php(172): Laravel\\Lumen\\Application->sendThroughPipeline(Array, Object(Closure))
#36 D:\\Code\\api.gejia.com\\vendor\\laravel\\lumen-framework\\src\\Concerns\\RoutesRequests.php(109): Laravel\\Lumen\\Application->dispatch(NULL)
#37 D:\\Code\\api.gejia.com\\public\\index.php(28): Laravel\\Lumen\\Application->run()
#38 {main}
"} 
