[2020-08-27 15:26:30] local.ERROR: ErrorException: Undefined index: token in D:\Code\api.gejia.com\app\Http\Controllers\Admin\AdminController.php:37
Stack trace:
#0 D:\Code\api.gejia.com\app\Http\Controllers\Admin\AdminController.php(37): Laravel\Lumen\Application->Laravel\Lumen\Concerns\{closure}(8, 'Undefined index...', 'D:\\Code\\api.gej...', 37, Array)
#1 [internal function]: App\Http\Controllers\Admin\AdminController->getAdminList(Object(Laravel\Lumen\Http\Request))
#2 D:\Code\api.gejia.com\vendor\illuminate\container\BoundMethod.php(37): call_user_func_array(Array, Array)
#3 D:\Code\api.gejia.com\vendor\illuminate\container\Util.php(37): Illuminate\Container\BoundMethod::Illuminate\Container\{closure}()
#4 D:\Code\api.gejia.com\vendor\illuminate\container\BoundMethod.php(95): Illuminate\Container\Util::unwrapIfClosure(Object(Closure))
#5 D:\Code\api.gejia.com\vendor\illuminate\container\BoundMethod.php(39): Illuminate\Container\BoundMethod::callBoundMethod(Object(Laravel\Lumen\Application), Array, Object(Closure))
#6 D:\Code\api.gejia.com\vendor\illuminate\container\Container.php(596): Illuminate\Container\BoundMethod::call(Object(Laravel\Lumen\Application), Array, Array, NULL)
#7 D:\Code\api.gejia.com\vendor\laravel\lumen-framework\src\Concerns\RoutesRequests.php(386): Illuminate\Container\Container->call(Array, Array)
#8 D:\Code\api.gejia.com\vendor\laravel\lumen-framework\src\Concerns\RoutesRequests.php(352): Laravel\Lumen\Application->callControllerCallable(Array, Array)
#9 D:\Code\api.gejia.com\vendor\laravel\lumen-framework\src\Concerns\RoutesRequests.php(326): Laravel\Lumen\Application->callLumenController(Object(App\Http\Controllers\Admin\AdminController), 'getAdminList', Array)
#10 D:\Code\api.gejia.com\vendor\laravel\lumen-framework\src\Concerns\RoutesRequests.php(279): Laravel\Lumen\Application->callControllerAction(Array)
#11 D:\Code\api.gejia.com\vendor\laravel\lumen-framework\src\Concerns\RoutesRequests.php(264): Laravel\Lumen\Application->callActionOnArrayBasedRoute(Array)
#12 D:\Code\api.gejia.com\vendor\laravel\lumen-framework\src\Concerns\RoutesRequests.php(166): Laravel\Lumen\Application->handleFoundRoute(Array)
#13 D:\Code\api.gejia.com\vendor\laravel\lumen-framework\src\Concerns\RoutesRequests.php(426): Laravel\Lumen\Application->Laravel\Lumen\Concerns\{closure}(Object(Laravel\Lumen\Http\Request))
#14 D:\Code\api.gejia.com\vendor\laravel\lumen-framework\src\Concerns\RoutesRequests.php(172): Laravel\Lumen\Application->sendThroughPipeline(Array, Object(Closure))
#15 D:\Code\api.gejia.com\vendor\laravel\lumen-framework\src\Concerns\RoutesRequests.php(109): Laravel\Lumen\Application->dispatch(NULL)
#16 D:\Code\api.gejia.com\public\index.php(28): Laravel\Lumen\Application->run()
#17 {main} {"exception":"[object] (ErrorException(code: 0): Undefined index: token at D:\\Code\\api.gejia.com\\app\\Http\\Controllers\\Admin\\AdminController.php:37)
[stacktrace]
#0 D:\\Code\\api.gejia.com\\app\\Http\\Controllers\\Admin\\AdminController.php(37): Laravel\\Lumen\\Application->Laravel\\Lumen\\Concerns\\{closure}(8, 'Undefined index...', 'D:\\\\Code\\\\api.gej...', 37, Array)
#1 [internal function]: App\\Http\\Controllers\\Admin\\AdminController->getAdminList(Object(Laravel\\Lumen\\Http\\Request))
#2 D:\\Code\\api.gejia.com\\vendor\\illuminate\\container\\BoundMethod.php(37): call_user_func_array(Array, Array)
#3 D:\\Code\\api.gejia.com\\vendor\\illuminate\\container\\Util.php(37): Illuminate\\Container\\BoundMethod::Illuminate\\Container\\{closure}()
#4 D:\\Code\\api.gejia.com\\vendor\\illuminate\\container\\BoundMethod.php(95): Illuminate\\Container\\Util::unwrapIfClosure(Object(Closure))
#5 D:\\Code\\api.gejia.com\\vendor\\illuminate\\container\\BoundMethod.php(39): Illuminate\\Container\\BoundMethod::callBoundMethod(Object(Laravel\\Lumen\\Application), Array, Object(Closure))
#6 D:\\Code\\api.gejia.com\\vendor\\illuminate\\container\\Container.php(596): Illuminate\\Container\\BoundMethod::call(Object(Laravel\\Lumen\\Application), Array, Array, NULL)
#7 D:\\Code\\api.gejia.com\\vendor\\laravel\\lumen-framework\\src\\Concerns\\RoutesRequests.php(386): Illuminate\\Container\\Container->call(Array, Array)
#8 D:\\Code\\api.gejia.com\\vendor\\laravel\\lumen-framework\\src\\Concerns\\RoutesRequests.php(352): Laravel\\Lumen\\Application->callControllerCallable(Array, Array)
#9 D:\\Code\\api.gejia.com\\vendor\\laravel\\lumen-framework\\src\\Concerns\\RoutesRequests.php(326): Laravel\\Lumen\\Application->callLumenController(Object(App\\Http\\Controllers\\Admin\\AdminController), 'getAdminList', Array)
#10 D:\\Code\\api.gejia.com\\vendor\\laravel\\lumen-framework\\src\\Concerns\\RoutesRequests.php(279): Laravel\\Lumen\\Application->callControllerAction(Array)
#11 D:\\Code\\api.gejia.com\\vendor\\laravel\\lumen-framework\\src\\Concerns\\RoutesRequests.php(264): Laravel\\Lumen\\Application->callActionOnArrayBasedRoute(Array)
#12 D:\\Code\\api.gejia.com\\vendor\\laravel\\lumen-framework\\src\\Concerns\\RoutesRequests.php(166): Laravel\\Lumen\\Application->handleFoundRoute(Array)
#13 D:\\Code\\api.gejia.com\\vendor\\laravel\\lumen-framework\\src\\Concerns\\RoutesRequests.php(426): Laravel\\Lumen\\Application->Laravel\\Lumen\\Concerns\\{closure}(Object(Laravel\\Lumen\\Http\\Request))
#14 D:\\Code\\api.gejia.com\\vendor\\laravel\\lumen-framework\\src\\Concerns\\RoutesRequests.php(172): Laravel\\Lumen\\Application->sendThroughPipeline(Array, Object(Closure))
#15 D:\\Code\\api.gejia.com\\vendor\\laravel\\lumen-framework\\src\\Concerns\\RoutesRequests.php(109): Laravel\\Lumen\\Application->dispatch(NULL)
#16 D:\\Code\\api.gejia.com\\public\\index.php(28): Laravel\\Lumen\\Application->run()
#17 {main}
"} 
[2020-08-27 15:26:43] local.ERROR: ErrorException: Trying to get property 'token' of non-object in D:\Code\api.gejia.com\app\Http\Controllers\Admin\AdminController.php:37
Stack trace:
#0 D:\Code\api.gejia.com\app\Http\Controllers\Admin\AdminController.php(37): Laravel\Lumen\Application->Laravel\Lumen\Concerns\{closure}(8, 'Trying to get p...', 'D:\\Code\\api.gej...', 37, Array)
#1 [internal function]: App\Http\Controllers\Admin\AdminController->getAdminList(Object(Laravel\Lumen\Http\Request))
#2 D:\Code\api.gejia.com\vendor\illuminate\container\BoundMethod.php(37): call_user_func_array(Array, Array)
#3 D:\Code\api.gejia.com\vendor\illuminate\container\Util.php(37): Illuminate\Container\BoundMethod::Illuminate\Container\{closure}()
#4 D:\Code\api.gejia.com\vendor\illuminate\container\BoundMethod.php(95): Illuminate\Container\Util::unwrapIfClosure(Object(Closure))
#5 D:\Code\api.gejia.com\vendor\illuminate\container\BoundMethod.php(39): Illuminate\Container\BoundMethod::callBoundMethod(Object(Laravel\Lumen\Application), Array, Object(Closure))
#6 D:\Code\api.gejia.com\vendor\illuminate\container\Container.php(596): Illuminate\Container\BoundMethod::call(Object(Laravel\Lumen\Application), Array, Array, NULL)
#7 D:\Code\api.gejia.com\vendor\laravel\lumen-framework\src\Concerns\RoutesRequests.php(386): Illuminate\Container\Container->call(Array, Array)
#8 D:\Code\api.gejia.com\vendor\laravel\lumen-framework\src\Concerns\RoutesRequests.php(352): Laravel\Lumen\Application->callControllerCallable(Array, Array)
#9 D:\Code\api.gejia.com\vendor\laravel\lumen-framework\src\Concerns\RoutesRequests.php(326): Laravel\Lumen\Application->callLumenController(Object(App\Http\Controllers\Admin\AdminController), 'getAdminList', Array)
#10 D:\Code\api.gejia.com\vendor\laravel\lumen-framework\src\Concerns\RoutesRequests.php(279): Laravel\Lumen\Application->callControllerAction(Array)
#11 D:\Code\api.gejia.com\vendor\laravel\lumen-framework\src\Concerns\RoutesRequests.php(264): Laravel\Lumen\Application->callActionOnArrayBasedRoute(Array)
#12 D:\Code\api.gejia.com\vendor\laravel\lumen-framework\src\Concerns\RoutesRequests.php(166): Laravel\Lumen\Application->handleFoundRoute(Array)
#13 D:\Code\api.gejia.com\vendor\laravel\lumen-framework\src\Concerns\RoutesRequests.php(426): Laravel\Lumen\Application->Laravel\Lumen\Concerns\{closure}(Object(Laravel\Lumen\Http\Request))
#14 D:\Code\api.gejia.com\vendor\laravel\lumen-framework\src\Concerns\RoutesRequests.php(172): Laravel\Lumen\Application->sendThroughPipeline(Array, Object(Closure))
#15 D:\Code\api.gejia.com\vendor\laravel\lumen-framework\src\Concerns\RoutesRequests.php(109): Laravel\Lumen\Application->dispatch(NULL)
#16 D:\Code\api.gejia.com\public\index.php(28): Laravel\Lumen\Application->run()
#17 {main} {"exception":"[object] (ErrorException(code: 0): Trying to get property 'token' of non-object at D:\\Code\\api.gejia.com\\app\\Http\\Controllers\\Admin\\AdminController.php:37)
[stacktrace]
#0 D:\\Code\\api.gejia.com\\app\\Http\\Controllers\\Admin\\AdminController.php(37): Laravel\\Lumen\\Application->Laravel\\Lumen\\Concerns\\{closure}(8, 'Trying to get p...', 'D:\\\\Code\\\\api.gej...', 37, Array)
#1 [internal function]: App\\Http\\Controllers\\Admin\\AdminController->getAdminList(Object(Laravel\\Lumen\\Http\\Request))
#2 D:\\Code\\api.gejia.com\\vendor\\illuminate\\container\\BoundMethod.php(37): call_user_func_array(Array, Array)
#3 D:\\Code\\api.gejia.com\\vendor\\illuminate\\container\\Util.php(37): Illuminate\\Container\\BoundMethod::Illuminate\\Container\\{closure}()
#4 D:\\Code\\api.gejia.com\\vendor\\illuminate\\container\\BoundMethod.php(95): Illuminate\\Container\\Util::unwrapIfClosure(Object(Closure))
#5 D:\\Code\\api.gejia.com\\vendor\\illuminate\\container\\BoundMethod.php(39): Illuminate\\Container\\BoundMethod::callBoundMethod(Object(Laravel\\Lumen\\Application), Array, Object(Closure))
#6 D:\\Code\\api.gejia.com\\vendor\\illuminate\\container\\Container.php(596): Illuminate\\Container\\BoundMethod::call(Object(Laravel\\Lumen\\Application), Array, Array, NULL)
#7 D:\\Code\\api.gejia.com\\vendor\\laravel\\lumen-framework\\src\\Concerns\\RoutesRequests.php(386): Illuminate\\Container\\Container->call(Array, Array)
#8 D:\\Code\\api.gejia.com\\vendor\\laravel\\lumen-framework\\src\\Concerns\\RoutesRequests.php(352): Laravel\\Lumen\\Application->callControllerCallable(Array, Array)
#9 D:\\Code\\api.gejia.com\\vendor\\laravel\\lumen-framework\\src\\Concerns\\RoutesRequests.php(326): Laravel\\Lumen\\Application->callLumenController(Object(App\\Http\\Controllers\\Admin\\AdminController), 'getAdminList', Array)
#10 D:\\Code\\api.gejia.com\\vendor\\laravel\\lumen-framework\\src\\Concerns\\RoutesRequests.php(279): Laravel\\Lumen\\Application->callControllerAction(Array)
#11 D:\\Code\\api.gejia.com\\vendor\\laravel\\lumen-framework\\src\\Concerns\\RoutesRequests.php(264): Laravel\\Lumen\\Application->callActionOnArrayBasedRoute(Array)
#12 D:\\Code\\api.gejia.com\\vendor\\laravel\\lumen-framework\\src\\Concerns\\RoutesRequests.php(166): Laravel\\Lumen\\Application->handleFoundRoute(Array)
#13 D:\\Code\\api.gejia.com\\vendor\\laravel\\lumen-framework\\src\\Concerns\\RoutesRequests.php(426): Laravel\\Lumen\\Application->Laravel\\Lumen\\Concerns\\{closure}(Object(Laravel\\Lumen\\Http\\Request))
#14 D:\\Code\\api.gejia.com\\vendor\\laravel\\lumen-framework\\src\\Concerns\\RoutesRequests.php(172): Laravel\\Lumen\\Application->sendThroughPipeline(Array, Object(Closure))
#15 D:\\Code\\api.gejia.com\\vendor\\laravel\\lumen-framework\\src\\Concerns\\RoutesRequests.php(109): Laravel\\Lumen\\Application->dispatch(NULL)
#16 D:\\Code\\api.gejia.com\\public\\index.php(28): Laravel\\Lumen\\Application->run()
#17 {main}
"} 
[2020-08-27 15:28:35] local.ERROR: Error: Call to a member function toArray() on array in D:\Code\api.gejia.com\app\Http\Controllers\Admin\AdminController.php:36
Stack trace:
#0 [internal function]: App\Http\Controllers\Admin\AdminController->getAdminList(Object(Laravel\Lumen\Http\Request))
#1 D:\Code\api.gejia.com\vendor\illuminate\container\BoundMethod.php(37): call_user_func_array(Array, Array)
#2 D:\Code\api.gejia.com\vendor\illuminate\container\Util.php(37): Illuminate\Container\BoundMethod::Illuminate\Container\{closure}()
#3 D:\Code\api.gejia.com\vendor\illuminate\container\BoundMethod.php(95): Illuminate\Container\Util::unwrapIfClosure(Object(Closure))
#4 D:\Code\api.gejia.com\vendor\illuminate\container\BoundMethod.php(39): Illuminate\Container\BoundMethod::callBoundMethod(Object(Laravel\Lumen\Application), Array, Object(Closure))
#5 D:\Code\api.gejia.com\vendor\illuminate\container\Container.php(596): Illuminate\Container\BoundMethod::call(Object(Laravel\Lumen\Application), Array, Array, NULL)
#6 D:\Code\api.gejia.com\vendor\laravel\lumen-framework\src\Concerns\RoutesRequests.php(386): Illuminate\Container\Container->call(Array, Array)
#7 D:\Code\api.gejia.com\vendor\laravel\lumen-framework\src\Concerns\RoutesRequests.php(352): Laravel\Lumen\Application->callControllerCallable(Array, Array)
#8 D:\Code\api.gejia.com\vendor\laravel\lumen-framework\src\Concerns\RoutesRequests.php(326): Laravel\Lumen\Application->callLumenController(Object(App\Http\Controllers\Admin\AdminController), 'getAdminList', Array)
#9 D:\Code\api.gejia.com\vendor\laravel\lumen-framework\src\Concerns\RoutesRequests.php(279): Laravel\Lumen\Application->callControllerAction(Array)
#10 D:\Code\api.gejia.com\vendor\laravel\lumen-framework\src\Concerns\RoutesRequests.php(264): Laravel\Lumen\Application->callActionOnArrayBasedRoute(Array)
#11 D:\Code\api.gejia.com\vendor\laravel\lumen-framework\src\Concerns\RoutesRequests.php(166): Laravel\Lumen\Application->handleFoundRoute(Array)
#12 D:\Code\api.gejia.com\vendor\laravel\lumen-framework\src\Concerns\RoutesRequests.php(426): Laravel\Lumen\Application->Laravel\Lumen\Concerns\{closure}(Object(Laravel\Lumen\Http\Request))
#13 D:\Code\api.gejia.com\vendor\laravel\lumen-framework\src\Concerns\RoutesRequests.php(172): Laravel\Lumen\Application->sendThroughPipeline(Array, Object(Closure))
#14 D:\Code\api.gejia.com\vendor\laravel\lumen-framework\src\Concerns\RoutesRequests.php(109): Laravel\Lumen\Application->dispatch(NULL)
#15 D:\Code\api.gejia.com\public\index.php(28): Laravel\Lumen\Application->run()
#16 {main} {"exception":"[object] (Error(code: 0): Call to a member function toArray() on array at D:\\Code\\api.gejia.com\\app\\Http\\Controllers\\Admin\\AdminController.php:36)
[stacktrace]
#0 [internal function]: App\\Http\\Controllers\\Admin\\AdminController->getAdminList(Object(Laravel\\Lumen\\Http\\Request))
#1 D:\\Code\\api.gejia.com\\vendor\\illuminate\\container\\BoundMethod.php(37): call_user_func_array(Array, Array)
#2 D:\\Code\\api.gejia.com\\vendor\\illuminate\\container\\Util.php(37): Illuminate\\Container\\BoundMethod::Illuminate\\Container\\{closure}()
#3 D:\\Code\\api.gejia.com\\vendor\\illuminate\\container\\BoundMethod.php(95): Illuminate\\Container\\Util::unwrapIfClosure(Object(Closure))
#4 D:\\Code\\api.gejia.com\\vendor\\illuminate\\container\\BoundMethod.php(39): Illuminate\\Container\\BoundMethod::callBoundMethod(Object(Laravel\\Lumen\\Application), Array, Object(Closure))
#5 D:\\Code\\api.gejia.com\\vendor\\illuminate\\container\\Container.php(596): Illuminate\\Container\\BoundMethod::call(Object(Laravel\\Lumen\\Application), Array, Array, NULL)
#6 D:\\Code\\api.gejia.com\\vendor\\laravel\\lumen-framework\\src\\Concerns\\RoutesRequests.php(386): Illuminate\\Container\\Container->call(Array, Array)
#7 D:\\Code\\api.gejia.com\\vendor\\laravel\\lumen-framework\\src\\Concerns\\RoutesRequests.php(352): Laravel\\Lumen\\Application->callControllerCallable(Array, Array)
#8 D:\\Code\\api.gejia.com\\vendor\\laravel\\lumen-framework\\src\\Concerns\\RoutesRequests.php(326): Laravel\\Lumen\\Application->callLumenController(Object(App\\Http\\Controllers\\Admin\\AdminController), 'getAdminList', Array)
#9 D:\\Code\\api.gejia.com\\vendor\\laravel\\lumen-framework\\src\\Concerns\\RoutesRequests.php(279): Laravel\\Lumen\\Application->callControllerAction(Array)
#10 D:\\Code\\api.gejia.com\\vendor\\laravel\\lumen-framework\\src\\Concerns\\RoutesRequests.php(264): Laravel\\Lumen\\Application->callActionOnArrayBasedRoute(Array)
#11 D:\\Code\\api.gejia.com\\vendor\\laravel\\lumen-framework\\src\\Concerns\\RoutesRequests.php(166): Laravel\\Lumen\\Application->handleFoundRoute(Array)
#12 D:\\Code\\api.gejia.com\\vendor\\laravel\\lumen-framework\\src\\Concerns\\RoutesRequests.php(426): Laravel\\Lumen\\Application->Laravel\\Lumen\\Concerns\\{closure}(Object(Laravel\\Lumen\\Http\\Request))
#13 D:\\Code\\api.gejia.com\\vendor\\laravel\\lumen-framework\\src\\Concerns\\RoutesRequests.php(172): Laravel\\Lumen\\Application->sendThroughPipeline(Array, Object(Closure))
#14 D:\\Code\\api.gejia.com\\vendor\\laravel\\lumen-framework\\src\\Concerns\\RoutesRequests.php(109): Laravel\\Lumen\\Application->dispatch(NULL)
#15 D:\\Code\\api.gejia.com\\public\\index.php(28): Laravel\\Lumen\\Application->run()
#16 {main}
"} 
[2020-08-27 15:47:01] local.ERROR: ErrorException: Undefined index: role in D:\Code\api.gejia.com\app\Http\Controllers\Admin\AdminController.php:69
Stack trace:
#0 D:\Code\api.gejia.com\app\Http\Controllers\Admin\AdminController.php(69): Laravel\Lumen\Application->Laravel\Lumen\Concerns\{closure}(8, 'Undefined index...', 'D:\\Code\\api.gej...', 69, Array)
#1 [internal function]: App\Http\Controllers\Admin\AdminController->getAdminList(Object(Laravel\Lumen\Http\Request))
#2 D:\Code\api.gejia.com\vendor\illuminate\container\BoundMethod.php(37): call_user_func_array(Array, Array)
#3 D:\Code\api.gejia.com\vendor\illuminate\container\Util.php(37): Illuminate\Container\BoundMethod::Illuminate\Container\{closure}()
#4 D:\Code\api.gejia.com\vendor\illuminate\container\BoundMethod.php(95): Illuminate\Container\Util::unwrapIfClosure(Object(Closure))
#5 D:\Code\api.gejia.com\vendor\illuminate\container\BoundMethod.php(39): Illuminate\Container\BoundMethod::callBoundMethod(Object(Laravel\Lumen\Application), Array, Object(Closure))
#6 D:\Code\api.gejia.com\vendor\illuminate\container\Container.php(596): Illuminate\Container\BoundMethod::call(Object(Laravel\Lumen\Application), Array, Array, NULL)
#7 D:\Code\api.gejia.com\vendor\laravel\lumen-framework\src\Concerns\RoutesRequests.php(386): Illuminate\Container\Container->call(Array, Array)
#8 D:\Code\api.gejia.com\vendor\laravel\lumen-framework\src\Concerns\RoutesRequests.php(352): Laravel\Lumen\Application->callControllerCallable(Array, Array)
#9 D:\Code\api.gejia.com\vendor\laravel\lumen-framework\src\Concerns\RoutesRequests.php(326): Laravel\Lumen\Application->callLumenController(Object(App\Http\Controllers\Admin\AdminController), 'getAdminList', Array)
#10 D:\Code\api.gejia.com\vendor\laravel\lumen-framework\src\Concerns\RoutesRequests.php(279): Laravel\Lumen\Application->callControllerAction(Array)
#11 D:\Code\api.gejia.com\vendor\laravel\lumen-framework\src\Concerns\RoutesRequests.php(264): Laravel\Lumen\Application->callActionOnArrayBasedRoute(Array)
#12 D:\Code\api.gejia.com\vendor\laravel\lumen-framework\src\Concerns\RoutesRequests.php(166): Laravel\Lumen\Application->handleFoundRoute(Array)
#13 D:\Code\api.gejia.com\vendor\laravel\lumen-framework\src\Concerns\RoutesRequests.php(426): Laravel\Lumen\Application->Laravel\Lumen\Concerns\{closure}(Object(Laravel\Lumen\Http\Request))
#14 D:\Code\api.gejia.com\vendor\laravel\lumen-framework\src\Concerns\RoutesRequests.php(172): Laravel\Lumen\Application->sendThroughPipeline(Array, Object(Closure))
#15 D:\Code\api.gejia.com\vendor\laravel\lumen-framework\src\Concerns\RoutesRequests.php(109): Laravel\Lumen\Application->dispatch(NULL)
#16 D:\Code\api.gejia.com\public\index.php(28): Laravel\Lumen\Application->run()
#17 {main} {"exception":"[object] (ErrorException(code: 0): Undefined index: role at D:\\Code\\api.gejia.com\\app\\Http\\Controllers\\Admin\\AdminController.php:69)
[stacktrace]
#0 D:\\Code\\api.gejia.com\\app\\Http\\Controllers\\Admin\\AdminController.php(69): Laravel\\Lumen\\Application->Laravel\\Lumen\\Concerns\\{closure}(8, 'Undefined index...', 'D:\\\\Code\\\\api.gej...', 69, Array)
#1 [internal function]: App\\Http\\Controllers\\Admin\\AdminController->getAdminList(Object(Laravel\\Lumen\\Http\\Request))
#2 D:\\Code\\api.gejia.com\\vendor\\illuminate\\container\\BoundMethod.php(37): call_user_func_array(Array, Array)
#3 D:\\Code\\api.gejia.com\\vendor\\illuminate\\container\\Util.php(37): Illuminate\\Container\\BoundMethod::Illuminate\\Container\\{closure}()
#4 D:\\Code\\api.gejia.com\\vendor\\illuminate\\container\\BoundMethod.php(95): Illuminate\\Container\\Util::unwrapIfClosure(Object(Closure))
#5 D:\\Code\\api.gejia.com\\vendor\\illuminate\\container\\BoundMethod.php(39): Illuminate\\Container\\BoundMethod::callBoundMethod(Object(Laravel\\Lumen\\Application), Array, Object(Closure))
#6 D:\\Code\\api.gejia.com\\vendor\\illuminate\\container\\Container.php(596): Illuminate\\Container\\BoundMethod::call(Object(Laravel\\Lumen\\Application), Array, Array, NULL)
#7 D:\\Code\\api.gejia.com\\vendor\\laravel\\lumen-framework\\src\\Concerns\\RoutesRequests.php(386): Illuminate\\Container\\Container->call(Array, Array)
#8 D:\\Code\\api.gejia.com\\vendor\\laravel\\lumen-framework\\src\\Concerns\\RoutesRequests.php(352): Laravel\\Lumen\\Application->callControllerCallable(Array, Array)
#9 D:\\Code\\api.gejia.com\\vendor\\laravel\\lumen-framework\\src\\Concerns\\RoutesRequests.php(326): Laravel\\Lumen\\Application->callLumenController(Object(App\\Http\\Controllers\\Admin\\AdminController), 'getAdminList', Array)
#10 D:\\Code\\api.gejia.com\\vendor\\laravel\\lumen-framework\\src\\Concerns\\RoutesRequests.php(279): Laravel\\Lumen\\Application->callControllerAction(Array)
#11 D:\\Code\\api.gejia.com\\vendor\\laravel\\lumen-framework\\src\\Concerns\\RoutesRequests.php(264): Laravel\\Lumen\\Application->callActionOnArrayBasedRoute(Array)
#12 D:\\Code\\api.gejia.com\\vendor\\laravel\\lumen-framework\\src\\Concerns\\RoutesRequests.php(166): Laravel\\Lumen\\Application->handleFoundRoute(Array)
#13 D:\\Code\\api.gejia.com\\vendor\\laravel\\lumen-framework\\src\\Concerns\\RoutesRequests.php(426): Laravel\\Lumen\\Application->Laravel\\Lumen\\Concerns\\{closure}(Object(Laravel\\Lumen\\Http\\Request))
#14 D:\\Code\\api.gejia.com\\vendor\\laravel\\lumen-framework\\src\\Concerns\\RoutesRequests.php(172): Laravel\\Lumen\\Application->sendThroughPipeline(Array, Object(Closure))
#15 D:\\Code\\api.gejia.com\\vendor\\laravel\\lumen-framework\\src\\Concerns\\RoutesRequests.php(109): Laravel\\Lumen\\Application->dispatch(NULL)
#16 D:\\Code\\api.gejia.com\\public\\index.php(28): Laravel\\Lumen\\Application->run()
#17 {main}
"} 
[2020-08-27 15:50:38] local.ERROR: ErrorException: Undefined property: App\Http\Controllers\Admin\AdminController::$limit in D:\Code\api.gejia.com\app\Http\Controllers\Admin\AdminController.php:63
Stack trace:
#0 D:\Code\api.gejia.com\app\Http\Controllers\Admin\AdminController.php(63): Laravel\Lumen\Application->Laravel\Lumen\Concerns\{closure}(8, 'Undefined prope...', 'D:\\Code\\api.gej...', 63, Array)
#1 [internal function]: App\Http\Controllers\Admin\AdminController->getAdminList(Object(Laravel\Lumen\Http\Request))
#2 D:\Code\api.gejia.com\vendor\illuminate\container\BoundMethod.php(37): call_user_func_array(Array, Array)
#3 D:\Code\api.gejia.com\vendor\illuminate\container\Util.php(37): Illuminate\Container\BoundMethod::Illuminate\Container\{closure}()
#4 D:\Code\api.gejia.com\vendor\illuminate\container\BoundMethod.php(95): Illuminate\Container\Util::unwrapIfClosure(Object(Closure))
#5 D:\Code\api.gejia.com\vendor\illuminate\container\BoundMethod.php(39): Illuminate\Container\BoundMethod::callBoundMethod(Object(Laravel\Lumen\Application), Array, Object(Closure))
#6 D:\Code\api.gejia.com\vendor\illuminate\container\Container.php(596): Illuminate\Container\BoundMethod::call(Object(Laravel\Lumen\Application), Array, Array, NULL)
#7 D:\Code\api.gejia.com\vendor\laravel\lumen-framework\src\Concerns\RoutesRequests.php(386): Illuminate\Container\Container->call(Array, Array)
#8 D:\Code\api.gejia.com\vendor\laravel\lumen-framework\src\Concerns\RoutesRequests.php(352): Laravel\Lumen\Application->callControllerCallable(Array, Array)
#9 D:\Code\api.gejia.com\vendor\laravel\lumen-framework\src\Concerns\RoutesRequests.php(326): Laravel\Lumen\Application->callLumenController(Object(App\Http\Controllers\Admin\AdminController), 'getAdminList', Array)
#10 D:\Code\api.gejia.com\vendor\laravel\lumen-framework\src\Concerns\RoutesRequests.php(279): Laravel\Lumen\Application->callControllerAction(Array)
#11 D:\Code\api.gejia.com\vendor\laravel\lumen-framework\src\Concerns\RoutesRequests.php(264): Laravel\Lumen\Application->callActionOnArrayBasedRoute(Array)
#12 D:\Code\api.gejia.com\vendor\laravel\lumen-framework\src\Concerns\RoutesRequests.php(166): Laravel\Lumen\Application->handleFoundRoute(Array)
#13 D:\Code\api.gejia.com\vendor\laravel\lumen-framework\src\Concerns\RoutesRequests.php(426): Laravel\Lumen\Application->Laravel\Lumen\Concerns\{closure}(Object(Laravel\Lumen\Http\Request))
#14 D:\Code\api.gejia.com\vendor\laravel\lumen-framework\src\Concerns\RoutesRequests.php(172): Laravel\Lumen\Application->sendThroughPipeline(Array, Object(Closure))
#15 D:\Code\api.gejia.com\vendor\laravel\lumen-framework\src\Concerns\RoutesRequests.php(109): Laravel\Lumen\Application->dispatch(NULL)
#16 D:\Code\api.gejia.com\public\index.php(28): Laravel\Lumen\Application->run()
#17 {main} {"exception":"[object] (ErrorException(code: 0): Undefined property: App\\Http\\Controllers\\Admin\\AdminController::$limit at D:\\Code\\api.gejia.com\\app\\Http\\Controllers\\Admin\\AdminController.php:63)
[stacktrace]
#0 D:\\Code\\api.gejia.com\\app\\Http\\Controllers\\Admin\\AdminController.php(63): Laravel\\Lumen\\Application->Laravel\\Lumen\\Concerns\\{closure}(8, 'Undefined prope...', 'D:\\\\Code\\\\api.gej...', 63, Array)
#1 [internal function]: App\\Http\\Controllers\\Admin\\AdminController->getAdminList(Object(Laravel\\Lumen\\Http\\Request))
#2 D:\\Code\\api.gejia.com\\vendor\\illuminate\\container\\BoundMethod.php(37): call_user_func_array(Array, Array)
#3 D:\\Code\\api.gejia.com\\vendor\\illuminate\\container\\Util.php(37): Illuminate\\Container\\BoundMethod::Illuminate\\Container\\{closure}()
#4 D:\\Code\\api.gejia.com\\vendor\\illuminate\\container\\BoundMethod.php(95): Illuminate\\Container\\Util::unwrapIfClosure(Object(Closure))
#5 D:\\Code\\api.gejia.com\\vendor\\illuminate\\container\\BoundMethod.php(39): Illuminate\\Container\\BoundMethod::callBoundMethod(Object(Laravel\\Lumen\\Application), Array, Object(Closure))
#6 D:\\Code\\api.gejia.com\\vendor\\illuminate\\container\\Container.php(596): Illuminate\\Container\\BoundMethod::call(Object(Laravel\\Lumen\\Application), Array, Array, NULL)
#7 D:\\Code\\api.gejia.com\\vendor\\laravel\\lumen-framework\\src\\Concerns\\RoutesRequests.php(386): Illuminate\\Container\\Container->call(Array, Array)
#8 D:\\Code\\api.gejia.com\\vendor\\laravel\\lumen-framework\\src\\Concerns\\RoutesRequests.php(352): Laravel\\Lumen\\Application->callControllerCallable(Array, Array)
#9 D:\\Code\\api.gejia.com\\vendor\\laravel\\lumen-framework\\src\\Concerns\\RoutesRequests.php(326): Laravel\\Lumen\\Application->callLumenController(Object(App\\Http\\Controllers\\Admin\\AdminController), 'getAdminList', Array)
#10 D:\\Code\\api.gejia.com\\vendor\\laravel\\lumen-framework\\src\\Concerns\\RoutesRequests.php(279): Laravel\\Lumen\\Application->callControllerAction(Array)
#11 D:\\Code\\api.gejia.com\\vendor\\laravel\\lumen-framework\\src\\Concerns\\RoutesRequests.php(264): Laravel\\Lumen\\Application->callActionOnArrayBasedRoute(Array)
#12 D:\\Code\\api.gejia.com\\vendor\\laravel\\lumen-framework\\src\\Concerns\\RoutesRequests.php(166): Laravel\\Lumen\\Application->handleFoundRoute(Array)
#13 D:\\Code\\api.gejia.com\\vendor\\laravel\\lumen-framework\\src\\Concerns\\RoutesRequests.php(426): Laravel\\Lumen\\Application->Laravel\\Lumen\\Concerns\\{closure}(Object(Laravel\\Lumen\\Http\\Request))
#14 D:\\Code\\api.gejia.com\\vendor\\laravel\\lumen-framework\\src\\Concerns\\RoutesRequests.php(172): Laravel\\Lumen\\Application->sendThroughPipeline(Array, Object(Closure))
#15 D:\\Code\\api.gejia.com\\vendor\\laravel\\lumen-framework\\src\\Concerns\\RoutesRequests.php(109): Laravel\\Lumen\\Application->dispatch(NULL)
#16 D:\\Code\\api.gejia.com\\public\\index.php(28): Laravel\\Lumen\\Application->run()
#17 {main}
"} 
[2020-08-27 15:51:02] local.ERROR: ErrorException: Undefined property: App\Http\Controllers\Admin\AdminController::$limit in D:\Code\api.gejia.com\app\Http\Controllers\Admin\AdminController.php:63
Stack trace:
#0 D:\Code\api.gejia.com\app\Http\Controllers\Admin\AdminController.php(63): Laravel\Lumen\Application->Laravel\Lumen\Concerns\{closure}(8, 'Undefined prope...', 'D:\\Code\\api.gej...', 63, Array)
#1 [internal function]: App\Http\Controllers\Admin\AdminController->getAdminList(Object(Laravel\Lumen\Http\Request))
#2 D:\Code\api.gejia.com\vendor\illuminate\container\BoundMethod.php(37): call_user_func_array(Array, Array)
#3 D:\Code\api.gejia.com\vendor\illuminate\container\Util.php(37): Illuminate\Container\BoundMethod::Illuminate\Container\{closure}()
#4 D:\Code\api.gejia.com\vendor\illuminate\container\BoundMethod.php(95): Illuminate\Container\Util::unwrapIfClosure(Object(Closure))
#5 D:\Code\api.gejia.com\vendor\illuminate\container\BoundMethod.php(39): Illuminate\Container\BoundMethod::callBoundMethod(Object(Laravel\Lumen\Application), Array, Object(Closure))
#6 D:\Code\api.gejia.com\vendor\illuminate\container\Container.php(596): Illuminate\Container\BoundMethod::call(Object(Laravel\Lumen\Application), Array, Array, NULL)
#7 D:\Code\api.gejia.com\vendor\laravel\lumen-framework\src\Concerns\RoutesRequests.php(386): Illuminate\Container\Container->call(Array, Array)
#8 D:\Code\api.gejia.com\vendor\laravel\lumen-framework\src\Concerns\RoutesRequests.php(352): Laravel\Lumen\Application->callControllerCallable(Array, Array)
#9 D:\Code\api.gejia.com\vendor\laravel\lumen-framework\src\Concerns\RoutesRequests.php(326): Laravel\Lumen\Application->callLumenController(Object(App\Http\Controllers\Admin\AdminController), 'getAdminList', Array)
#10 D:\Code\api.gejia.com\vendor\laravel\lumen-framework\src\Concerns\RoutesRequests.php(279): Laravel\Lumen\Application->callControllerAction(Array)
#11 D:\Code\api.gejia.com\vendor\laravel\lumen-framework\src\Concerns\RoutesRequests.php(264): Laravel\Lumen\Application->callActionOnArrayBasedRoute(Array)
#12 D:\Code\api.gejia.com\vendor\laravel\lumen-framework\src\Concerns\RoutesRequests.php(166): Laravel\Lumen\Application->handleFoundRoute(Array)
#13 D:\Code\api.gejia.com\vendor\laravel\lumen-framework\src\Concerns\RoutesRequests.php(426): Laravel\Lumen\Application->Laravel\Lumen\Concerns\{closure}(Object(Laravel\Lumen\Http\Request))
#14 D:\Code\api.gejia.com\vendor\laravel\lumen-framework\src\Concerns\RoutesRequests.php(172): Laravel\Lumen\Application->sendThroughPipeline(Array, Object(Closure))
#15 D:\Code\api.gejia.com\vendor\laravel\lumen-framework\src\Concerns\RoutesRequests.php(109): Laravel\Lumen\Application->dispatch(NULL)
#16 D:\Code\api.gejia.com\public\index.php(28): Laravel\Lumen\Application->run()
#17 {main} {"exception":"[object] (ErrorException(code: 0): Undefined property: App\\Http\\Controllers\\Admin\\AdminController::$limit at D:\\Code\\api.gejia.com\\app\\Http\\Controllers\\Admin\\AdminController.php:63)
[stacktrace]
#0 D:\\Code\\api.gejia.com\\app\\Http\\Controllers\\Admin\\AdminController.php(63): Laravel\\Lumen\\Application->Laravel\\Lumen\\Concerns\\{closure}(8, 'Undefined prope...', 'D:\\\\Code\\\\api.gej...', 63, Array)
#1 [internal function]: App\\Http\\Controllers\\Admin\\AdminController->getAdminList(Object(Laravel\\Lumen\\Http\\Request))
#2 D:\\Code\\api.gejia.com\\vendor\\illuminate\\container\\BoundMethod.php(37): call_user_func_array(Array, Array)
#3 D:\\Code\\api.gejia.com\\vendor\\illuminate\\container\\Util.php(37): Illuminate\\Container\\BoundMethod::Illuminate\\Container\\{closure}()
#4 D:\\Code\\api.gejia.com\\vendor\\illuminate\\container\\BoundMethod.php(95): Illuminate\\Container\\Util::unwrapIfClosure(Object(Closure))
#5 D:\\Code\\api.gejia.com\\vendor\\illuminate\\container\\BoundMethod.php(39): Illuminate\\Container\\BoundMethod::callBoundMethod(Object(Laravel\\Lumen\\Application), Array, Object(Closure))
#6 D:\\Code\\api.gejia.com\\vendor\\illuminate\\container\\Container.php(596): Illuminate\\Container\\BoundMethod::call(Object(Laravel\\Lumen\\Application), Array, Array, NULL)
#7 D:\\Code\\api.gejia.com\\vendor\\laravel\\lumen-framework\\src\\Concerns\\RoutesRequests.php(386): Illuminate\\Container\\Container->call(Array, Array)
#8 D:\\Code\\api.gejia.com\\vendor\\laravel\\lumen-framework\\src\\Concerns\\RoutesRequests.php(352): Laravel\\Lumen\\Application->callControllerCallable(Array, Array)
#9 D:\\Code\\api.gejia.com\\vendor\\laravel\\lumen-framework\\src\\Concerns\\RoutesRequests.php(326): Laravel\\Lumen\\Application->callLumenController(Object(App\\Http\\Controllers\\Admin\\AdminController), 'getAdminList', Array)
#10 D:\\Code\\api.gejia.com\\vendor\\laravel\\lumen-framework\\src\\Concerns\\RoutesRequests.php(279): Laravel\\Lumen\\Application->callControllerAction(Array)
#11 D:\\Code\\api.gejia.com\\vendor\\laravel\\lumen-framework\\src\\Concerns\\RoutesRequests.php(264): Laravel\\Lumen\\Application->callActionOnArrayBasedRoute(Array)
#12 D:\\Code\\api.gejia.com\\vendor\\laravel\\lumen-framework\\src\\Concerns\\RoutesRequests.php(166): Laravel\\Lumen\\Application->handleFoundRoute(Array)
#13 D:\\Code\\api.gejia.com\\vendor\\laravel\\lumen-framework\\src\\Concerns\\RoutesRequests.php(426): Laravel\\Lumen\\Application->Laravel\\Lumen\\Concerns\\{closure}(Object(Laravel\\Lumen\\Http\\Request))
#14 D:\\Code\\api.gejia.com\\vendor\\laravel\\lumen-framework\\src\\Concerns\\RoutesRequests.php(172): Laravel\\Lumen\\Application->sendThroughPipeline(Array, Object(Closure))
#15 D:\\Code\\api.gejia.com\\vendor\\laravel\\lumen-framework\\src\\Concerns\\RoutesRequests.php(109): Laravel\\Lumen\\Application->dispatch(NULL)
#16 D:\\Code\\api.gejia.com\\public\\index.php(28): Laravel\\Lumen\\Application->run()
#17 {main}
"} 
[2020-08-27 15:53:32] local.ERROR: ErrorException: Undefined index: role in D:\Code\api.gejia.com\app\Http\Controllers\Admin\AdminController.php:70
Stack trace:
#0 D:\Code\api.gejia.com\app\Http\Controllers\Admin\AdminController.php(70): Laravel\Lumen\Application->Laravel\Lumen\Concerns\{closure}(8, 'Undefined index...', 'D:\\Code\\api.gej...', 70, Array)
#1 [internal function]: App\Http\Controllers\Admin\AdminController->getAdminList(Object(Laravel\Lumen\Http\Request))
#2 D:\Code\api.gejia.com\vendor\illuminate\container\BoundMethod.php(37): call_user_func_array(Array, Array)
#3 D:\Code\api.gejia.com\vendor\illuminate\container\Util.php(37): Illuminate\Container\BoundMethod::Illuminate\Container\{closure}()
#4 D:\Code\api.gejia.com\vendor\illuminate\container\BoundMethod.php(95): Illuminate\Container\Util::unwrapIfClosure(Object(Closure))
#5 D:\Code\api.gejia.com\vendor\illuminate\container\BoundMethod.php(39): Illuminate\Container\BoundMethod::callBoundMethod(Object(Laravel\Lumen\Application), Array, Object(Closure))
#6 D:\Code\api.gejia.com\vendor\illuminate\container\Container.php(596): Illuminate\Container\BoundMethod::call(Object(Laravel\Lumen\Application), Array, Array, NULL)
#7 D:\Code\api.gejia.com\vendor\laravel\lumen-framework\src\Concerns\RoutesRequests.php(386): Illuminate\Container\Container->call(Array, Array)
#8 D:\Code\api.gejia.com\vendor\laravel\lumen-framework\src\Concerns\RoutesRequests.php(352): Laravel\Lumen\Application->callControllerCallable(Array, Array)
#9 D:\Code\api.gejia.com\vendor\laravel\lumen-framework\src\Concerns\RoutesRequests.php(326): Laravel\Lumen\Application->callLumenController(Object(App\Http\Controllers\Admin\AdminController), 'getAdminList', Array)
#10 D:\Code\api.gejia.com\vendor\laravel\lumen-framework\src\Concerns\RoutesRequests.php(279): Laravel\Lumen\Application->callControllerAction(Array)
#11 D:\Code\api.gejia.com\vendor\laravel\lumen-framework\src\Concerns\RoutesRequests.php(264): Laravel\Lumen\Application->callActionOnArrayBasedRoute(Array)
#12 D:\Code\api.gejia.com\vendor\laravel\lumen-framework\src\Concerns\RoutesRequests.php(166): Laravel\Lumen\Application->handleFoundRoute(Array)
#13 D:\Code\api.gejia.com\vendor\laravel\lumen-framework\src\Concerns\RoutesRequests.php(426): Laravel\Lumen\Application->Laravel\Lumen\Concerns\{closure}(Object(Laravel\Lumen\Http\Request))
#14 D:\Code\api.gejia.com\vendor\laravel\lumen-framework\src\Concerns\RoutesRequests.php(172): Laravel\Lumen\Application->sendThroughPipeline(Array, Object(Closure))
#15 D:\Code\api.gejia.com\vendor\laravel\lumen-framework\src\Concerns\RoutesRequests.php(109): Laravel\Lumen\Application->dispatch(NULL)
#16 D:\Code\api.gejia.com\public\index.php(28): Laravel\Lumen\Application->run()
#17 {main} {"exception":"[object] (ErrorException(code: 0): Undefined index: role at D:\\Code\\api.gejia.com\\app\\Http\\Controllers\\Admin\\AdminController.php:70)
[stacktrace]
#0 D:\\Code\\api.gejia.com\\app\\Http\\Controllers\\Admin\\AdminController.php(70): Laravel\\Lumen\\Application->Laravel\\Lumen\\Concerns\\{closure}(8, 'Undefined index...', 'D:\\\\Code\\\\api.gej...', 70, Array)
#1 [internal function]: App\\Http\\Controllers\\Admin\\AdminController->getAdminList(Object(Laravel\\Lumen\\Http\\Request))
#2 D:\\Code\\api.gejia.com\\vendor\\illuminate\\container\\BoundMethod.php(37): call_user_func_array(Array, Array)
#3 D:\\Code\\api.gejia.com\\vendor\\illuminate\\container\\Util.php(37): Illuminate\\Container\\BoundMethod::Illuminate\\Container\\{closure}()
#4 D:\\Code\\api.gejia.com\\vendor\\illuminate\\container\\BoundMethod.php(95): Illuminate\\Container\\Util::unwrapIfClosure(Object(Closure))
#5 D:\\Code\\api.gejia.com\\vendor\\illuminate\\container\\BoundMethod.php(39): Illuminate\\Container\\BoundMethod::callBoundMethod(Object(Laravel\\Lumen\\Application), Array, Object(Closure))
#6 D:\\Code\\api.gejia.com\\vendor\\illuminate\\container\\Container.php(596): Illuminate\\Container\\BoundMethod::call(Object(Laravel\\Lumen\\Application), Array, Array, NULL)
#7 D:\\Code\\api.gejia.com\\vendor\\laravel\\lumen-framework\\src\\Concerns\\RoutesRequests.php(386): Illuminate\\Container\\Container->call(Array, Array)
#8 D:\\Code\\api.gejia.com\\vendor\\laravel\\lumen-framework\\src\\Concerns\\RoutesRequests.php(352): Laravel\\Lumen\\Application->callControllerCallable(Array, Array)
#9 D:\\Code\\api.gejia.com\\vendor\\laravel\\lumen-framework\\src\\Concerns\\RoutesRequests.php(326): Laravel\\Lumen\\Application->callLumenController(Object(App\\Http\\Controllers\\Admin\\AdminController), 'getAdminList', Array)
#10 D:\\Code\\api.gejia.com\\vendor\\laravel\\lumen-framework\\src\\Concerns\\RoutesRequests.php(279): Laravel\\Lumen\\Application->callControllerAction(Array)
#11 D:\\Code\\api.gejia.com\\vendor\\laravel\\lumen-framework\\src\\Concerns\\RoutesRequests.php(264): Laravel\\Lumen\\Application->callActionOnArrayBasedRoute(Array)
#12 D:\\Code\\api.gejia.com\\vendor\\laravel\\lumen-framework\\src\\Concerns\\RoutesRequests.php(166): Laravel\\Lumen\\Application->handleFoundRoute(Array)
#13 D:\\Code\\api.gejia.com\\vendor\\laravel\\lumen-framework\\src\\Concerns\\RoutesRequests.php(426): Laravel\\Lumen\\Application->Laravel\\Lumen\\Concerns\\{closure}(Object(Laravel\\Lumen\\Http\\Request))
#14 D:\\Code\\api.gejia.com\\vendor\\laravel\\lumen-framework\\src\\Concerns\\RoutesRequests.php(172): Laravel\\Lumen\\Application->sendThroughPipeline(Array, Object(Closure))
#15 D:\\Code\\api.gejia.com\\vendor\\laravel\\lumen-framework\\src\\Concerns\\RoutesRequests.php(109): Laravel\\Lumen\\Application->dispatch(NULL)
#16 D:\\Code\\api.gejia.com\\public\\index.php(28): Laravel\\Lumen\\Application->run()
#17 {main}
"} 
