[2020-08-18 06:44:45] production.ERROR: ErrorException: Undefined variable: app in D:\Code\api.gejia.com\routes\web.php:20
Stack trace:
#0 D:\Code\api.gejia.com\routes\web.php(20): Laravel\Lumen\Application->Laravel\Lumen\Concerns\{closure}(8, 'Undefined varia...', 'D:\\Code\\api.gej...', 20, Array)
#1 D:\Code\api.gejia.com\bootstrap\app.php(112): require('D:\\Code\\api.gej...')
#2 [internal function]: {closure}(Object(Laravel\Lumen\Routing\Router))
#3 D:\Code\api.gejia.com\vendor\laravel\lumen-framework\src\Routing\Router.php(62): call_user_func(Object(Closure), Object(Laravel\Lumen\Routing\Router))
#4 D:\Code\api.gejia.com\bootstrap\app.php(113): Laravel\Lumen\Routing\Router->group(Array, Object(Closure))
#5 D:\Code\api.gejia.com\public\index.php(14): require('D:\\Code\\api.gej...')
#6 {main} {"exception":"[object] (ErrorException(code: 0): Undefined variable: app at D:\\Code\\api.gejia.com\outes\\web.php:20)
[stacktrace]
#0 D:\\Code\\api.gejia.com\outes\\web.php(20): Laravel\\Lumen\\Application->Laravel\\Lumen\\Concerns\\{closure}(8, 'Undefined varia...', 'D:\\\\Code\\\\api.gej...', 20, Array)
#1 D:\\Code\\api.gejia.com\\bootstrap\\app.php(112): require('D:\\\\Code\\\\api.gej...')
#2 [internal function]: {closure}(Object(Laravel\\Lumen\\Routing\\Router))
#3 D:\\Code\\api.gejia.com\\vendor\\laravel\\lumen-framework\\src\\Routing\\Router.php(62): call_user_func(Object(Closure), Object(Laravel\\Lumen\\Routing\\Router))
#4 D:\\Code\\api.gejia.com\\bootstrap\\app.php(113): Laravel\\Lumen\\Routing\\Router->group(Array, Object(Closure))
#5 D:\\Code\\api.gejia.com\\public\\index.php(14): require('D:\\\\Code\\\\api.gej...')
#6 {main}
"} 
[2020-08-18 06:44:56] production.ERROR: ErrorException: Undefined variable: app in D:\Code\api.gejia.com\routes\web.php:20
Stack trace:
#0 D:\Code\api.gejia.com\routes\web.php(20): Laravel\Lumen\Application->Laravel\Lumen\Concerns\{closure}(8, 'Undefined varia...', 'D:\\Code\\api.gej...', 20, Array)
#1 D:\Code\api.gejia.com\bootstrap\app.php(112): require('D:\\Code\\api.gej...')
#2 [internal function]: {closure}(Object(Laravel\Lumen\Routing\Router))
#3 D:\Code\api.gejia.com\vendor\laravel\lumen-framework\src\Routing\Router.php(62): call_user_func(Object(Closure), Object(Laravel\Lumen\Routing\Router))
#4 D:\Code\api.gejia.com\bootstrap\app.php(113): Laravel\Lumen\Routing\Router->group(Array, Object(Closure))
#5 D:\Code\api.gejia.com\public\index.php(14): require('D:\\Code\\api.gej...')
#6 {main} {"exception":"[object] (ErrorException(code: 0): Undefined variable: app at D:\\Code\\api.gejia.com\outes\\web.php:20)
[stacktrace]
#0 D:\\Code\\api.gejia.com\outes\\web.php(20): Laravel\\Lumen\\Application->Laravel\\Lumen\\Concerns\\{closure}(8, 'Undefined varia...', 'D:\\\\Code\\\\api.gej...', 20, Array)
#1 D:\\Code\\api.gejia.com\\bootstrap\\app.php(112): require('D:\\\\Code\\\\api.gej...')
#2 [internal function]: {closure}(Object(Laravel\\Lumen\\Routing\\Router))
#3 D:\\Code\\api.gejia.com\\vendor\\laravel\\lumen-framework\\src\\Routing\\Router.php(62): call_user_func(Object(Closure), Object(Laravel\\Lumen\\Routing\\Router))
#4 D:\\Code\\api.gejia.com\\bootstrap\\app.php(113): Laravel\\Lumen\\Routing\\Router->group(Array, Object(Closure))
#5 D:\\Code\\api.gejia.com\\public\\index.php(14): require('D:\\\\Code\\\\api.gej...')
#6 {main}
"} 
[2020-08-18 06:44:56] production.ERROR: ErrorException: Undefined variable: app in D:\Code\api.gejia.com\routes\web.php:20
Stack trace:
#0 D:\Code\api.gejia.com\routes\web.php(20): Laravel\Lumen\Application->Laravel\Lumen\Concerns\{closure}(8, 'Undefined varia...', 'D:\\Code\\api.gej...', 20, Array)
#1 D:\Code\api.gejia.com\bootstrap\app.php(112): require('D:\\Code\\api.gej...')
#2 [internal function]: {closure}(Object(Laravel\Lumen\Routing\Router))
#3 D:\Code\api.gejia.com\vendor\laravel\lumen-framework\src\Routing\Router.php(62): call_user_func(Object(Closure), Object(Laravel\Lumen\Routing\Router))
#4 D:\Code\api.gejia.com\bootstrap\app.php(113): Laravel\Lumen\Routing\Router->group(Array, Object(Closure))
#5 D:\Code\api.gejia.com\public\index.php(14): require('D:\\Code\\api.gej...')
#6 {main} {"exception":"[object] (ErrorException(code: 0): Undefined variable: app at D:\\Code\\api.gejia.com\outes\\web.php:20)
[stacktrace]
#0 D:\\Code\\api.gejia.com\outes\\web.php(20): Laravel\\Lumen\\Application->Laravel\\Lumen\\Concerns\\{closure}(8, 'Undefined varia...', 'D:\\\\Code\\\\api.gej...', 20, Array)
#1 D:\\Code\\api.gejia.com\\bootstrap\\app.php(112): require('D:\\\\Code\\\\api.gej...')
#2 [internal function]: {closure}(Object(Laravel\\Lumen\\Routing\\Router))
#3 D:\\Code\\api.gejia.com\\vendor\\laravel\\lumen-framework\\src\\Routing\\Router.php(62): call_user_func(Object(Closure), Object(Laravel\\Lumen\\Routing\\Router))
#4 D:\\Code\\api.gejia.com\\bootstrap\\app.php(113): Laravel\\Lumen\\Routing\\Router->group(Array, Object(Closure))
#5 D:\\Code\\api.gejia.com\\public\\index.php(14): require('D:\\\\Code\\\\api.gej...')
#6 {main}
"} 
[2020-08-18 06:45:58] production.ERROR: ErrorException: Undefined variable: app in D:\Code\api.gejia.com\routes\web.php:20
Stack trace:
#0 D:\Code\api.gejia.com\routes\web.php(20): Laravel\Lumen\Application->Laravel\Lumen\Concerns\{closure}(8, 'Undefined varia...', 'D:\\Code\\api.gej...', 20, Array)
#1 D:\Code\api.gejia.com\bootstrap\app.php(112): require('D:\\Code\\api.gej...')
#2 [internal function]: {closure}(Object(Laravel\Lumen\Routing\Router))
#3 D:\Code\api.gejia.com\vendor\laravel\lumen-framework\src\Routing\Router.php(62): call_user_func(Object(Closure), Object(Laravel\Lumen\Routing\Router))
#4 D:\Code\api.gejia.com\bootstrap\app.php(113): Laravel\Lumen\Routing\Router->group(Array, Object(Closure))
#5 D:\Code\api.gejia.com\public\index.php(14): require('D:\\Code\\api.gej...')
#6 {main} {"exception":"[object] (ErrorException(code: 0): Undefined variable: app at D:\\Code\\api.gejia.com\outes\\web.php:20)
[stacktrace]
#0 D:\\Code\\api.gejia.com\outes\\web.php(20): Laravel\\Lumen\\Application->Laravel\\Lumen\\Concerns\\{closure}(8, 'Undefined varia...', 'D:\\\\Code\\\\api.gej...', 20, Array)
#1 D:\\Code\\api.gejia.com\\bootstrap\\app.php(112): require('D:\\\\Code\\\\api.gej...')
#2 [internal function]: {closure}(Object(Laravel\\Lumen\\Routing\\Router))
#3 D:\\Code\\api.gejia.com\\vendor\\laravel\\lumen-framework\\src\\Routing\\Router.php(62): call_user_func(Object(Closure), Object(Laravel\\Lumen\\Routing\\Router))
#4 D:\\Code\\api.gejia.com\\bootstrap\\app.php(113): Laravel\\Lumen\\Routing\\Router->group(Array, Object(Closure))
#5 D:\\Code\\api.gejia.com\\public\\index.php(14): require('D:\\\\Code\\\\api.gej...')
#6 {main}
"} 
[2020-08-18 10:00:57] local.ERROR: ReflectionException: Class App\Http\Controllers\Agent/AgentController does not exist in D:\Code\api.gejia.com\vendor\illuminate\container\Container.php:809
Stack trace:
#0 D:\Code\api.gejia.com\vendor\illuminate\container\Container.php(809): ReflectionClass->__construct('App\\Http\\Contro...')
#1 D:\Code\api.gejia.com\vendor\illuminate\container\Container.php(691): Illuminate\Container\Container->build('App\\Http\\Contro...')
#2 D:\Code\api.gejia.com\vendor\illuminate\container\Container.php(637): Illuminate\Container\Container->resolve('App\\Http\\Contro...', Array)
#3 D:\Code\api.gejia.com\vendor\laravel\lumen-framework\src\Application.php(300): Illuminate\Container\Container->make('App\\Http\\Contro...', Array)
#4 D:\Code\api.gejia.com\vendor\laravel\lumen-framework\src\Concerns\RoutesRequests.php(321): Laravel\Lumen\Application->make('App\\Http\\Contro...')
#5 D:\Code\api.gejia.com\vendor\laravel\lumen-framework\src\Concerns\RoutesRequests.php(279): Laravel\Lumen\Application->callControllerAction(Array)
#6 D:\Code\api.gejia.com\vendor\laravel\lumen-framework\src\Concerns\RoutesRequests.php(264): Laravel\Lumen\Application->callActionOnArrayBasedRoute(Array)
#7 D:\Code\api.gejia.com\vendor\laravel\lumen-framework\src\Concerns\RoutesRequests.php(166): Laravel\Lumen\Application->handleFoundRoute(Array)
#8 D:\Code\api.gejia.com\vendor\laravel\lumen-framework\src\Concerns\RoutesRequests.php(426): Laravel\Lumen\Application->Laravel\Lumen\Concerns\{closure}(Object(Laravel\Lumen\Http\Request))
#9 D:\Code\api.gejia.com\vendor\laravel\lumen-framework\src\Concerns\RoutesRequests.php(172): Laravel\Lumen\Application->sendThroughPipeline(Array, Object(Closure))
#10 D:\Code\api.gejia.com\vendor\laravel\lumen-framework\src\Concerns\RoutesRequests.php(109): Laravel\Lumen\Application->dispatch(NULL)
#11 D:\Code\api.gejia.com\public\index.php(28): Laravel\Lumen\Application->run()
#12 {main}

Next Illuminate\Contracts\Container\BindingResolutionException: Target class [App\Http\Controllers\Agent/AgentController] does not exist. in D:\Code\api.gejia.com\vendor\illuminate\container\Container.php:811
Stack trace:
#0 D:\Code\api.gejia.com\vendor\illuminate\container\Container.php(691): Illuminate\Container\Container->build('App\\Http\\Contro...')
#1 D:\Code\api.gejia.com\vendor\illuminate\container\Container.php(637): Illuminate\Container\Container->resolve('App\\Http\\Contro...', Array)
#2 D:\Code\api.gejia.com\vendor\laravel\lumen-framework\src\Application.php(300): Illuminate\Container\Container->make('App\\Http\\Contro...', Array)
#3 D:\Code\api.gejia.com\vendor\laravel\lumen-framework\src\Concerns\RoutesRequests.php(321): Laravel\Lumen\Application->make('App\\Http\\Contro...')
#4 D:\Code\api.gejia.com\vendor\laravel\lumen-framework\src\Concerns\RoutesRequests.php(279): Laravel\Lumen\Application->callControllerAction(Array)
#5 D:\Code\api.gejia.com\vendor\laravel\lumen-framework\src\Concerns\RoutesRequests.php(264): Laravel\Lumen\Application->callActionOnArrayBasedRoute(Array)
#6 D:\Code\api.gejia.com\vendor\laravel\lumen-framework\src\Concerns\RoutesRequests.php(166): Laravel\Lumen\Application->handleFoundRoute(Array)
#7 D:\Code\api.gejia.com\vendor\laravel\lumen-framework\src\Concerns\RoutesRequests.php(426): Laravel\Lumen\Application->Laravel\Lumen\Concerns\{closure}(Object(Laravel\Lumen\Http\Request))
#8 D:\Code\api.gejia.com\vendor\laravel\lumen-framework\src\Concerns\RoutesRequests.php(172): Laravel\Lumen\Application->sendThroughPipeline(Array, Object(Closure))
#9 D:\Code\api.gejia.com\vendor\laravel\lumen-framework\src\Concerns\RoutesRequests.php(109): Laravel\Lumen\Application->dispatch(NULL)
#10 D:\Code\api.gejia.com\public\index.php(28): Laravel\Lumen\Application->run()
#11 {main} {"exception":"[object] (Illuminate\\Contracts\\Container\\BindingResolutionException(code: 0): Target class [App\\Http\\Controllers\\Agent/AgentController] does not exist. at D:\\Code\\api.gejia.com\\vendor\\illuminate\\container\\Container.php:811)
[stacktrace]
#0 D:\\Code\\api.gejia.com\\vendor\\illuminate\\container\\Container.php(691): Illuminate\\Container\\Container->build('App\\\\Http\\\\Contro...')
#1 D:\\Code\\api.gejia.com\\vendor\\illuminate\\container\\Container.php(637): Illuminate\\Container\\Container->resolve('App\\\\Http\\\\Contro...', Array)
#2 D:\\Code\\api.gejia.com\\vendor\\laravel\\lumen-framework\\src\\Application.php(300): Illuminate\\Container\\Container->make('App\\\\Http\\\\Contro...', Array)
#3 D:\\Code\\api.gejia.com\\vendor\\laravel\\lumen-framework\\src\\Concerns\\RoutesRequests.php(321): Laravel\\Lumen\\Application->make('App\\\\Http\\\\Contro...')
#4 D:\\Code\\api.gejia.com\\vendor\\laravel\\lumen-framework\\src\\Concerns\\RoutesRequests.php(279): Laravel\\Lumen\\Application->callControllerAction(Array)
#5 D:\\Code\\api.gejia.com\\vendor\\laravel\\lumen-framework\\src\\Concerns\\RoutesRequests.php(264): Laravel\\Lumen\\Application->callActionOnArrayBasedRoute(Array)
#6 D:\\Code\\api.gejia.com\\vendor\\laravel\\lumen-framework\\src\\Concerns\\RoutesRequests.php(166): Laravel\\Lumen\\Application->handleFoundRoute(Array)
#7 D:\\Code\\api.gejia.com\\vendor\\laravel\\lumen-framework\\src\\Concerns\\RoutesRequests.php(426): Laravel\\Lumen\\Application->Laravel\\Lumen\\Concerns\\{closure}(Object(Laravel\\Lumen\\Http\\Request))
#8 D:\\Code\\api.gejia.com\\vendor\\laravel\\lumen-framework\\src\\Concerns\\RoutesRequests.php(172): Laravel\\Lumen\\Application->sendThroughPipeline(Array, Object(Closure))
#9 D:\\Code\\api.gejia.com\\vendor\\laravel\\lumen-framework\\src\\Concerns\\RoutesRequests.php(109): Laravel\\Lumen\\Application->dispatch(NULL)
#10 D:\\Code\\api.gejia.com\\public\\index.php(28): Laravel\\Lumen\\Application->run()
#11 {main}

[previous exception] [object] (ReflectionException(code: -1): Class App\\Http\\Controllers\\Agent/AgentController does not exist at D:\\Code\\api.gejia.com\\vendor\\illuminate\\container\\Container.php:809)
[stacktrace]
#0 D:\\Code\\api.gejia.com\\vendor\\illuminate\\container\\Container.php(809): ReflectionClass->__construct('App\\\\Http\\\\Contro...')
#1 D:\\Code\\api.gejia.com\\vendor\\illuminate\\container\\Container.php(691): Illuminate\\Container\\Container->build('App\\\\Http\\\\Contro...')
#2 D:\\Code\\api.gejia.com\\vendor\\illuminate\\container\\Container.php(637): Illuminate\\Container\\Container->resolve('App\\\\Http\\\\Contro...', Array)
#3 D:\\Code\\api.gejia.com\\vendor\\laravel\\lumen-framework\\src\\Application.php(300): Illuminate\\Container\\Container->make('App\\\\Http\\\\Contro...', Array)
#4 D:\\Code\\api.gejia.com\\vendor\\laravel\\lumen-framework\\src\\Concerns\\RoutesRequests.php(321): Laravel\\Lumen\\Application->make('App\\\\Http\\\\Contro...')
#5 D:\\Code\\api.gejia.com\\vendor\\laravel\\lumen-framework\\src\\Concerns\\RoutesRequests.php(279): Laravel\\Lumen\\Application->callControllerAction(Array)
#6 D:\\Code\\api.gejia.com\\vendor\\laravel\\lumen-framework\\src\\Concerns\\RoutesRequests.php(264): Laravel\\Lumen\\Application->callActionOnArrayBasedRoute(Array)
#7 D:\\Code\\api.gejia.com\\vendor\\laravel\\lumen-framework\\src\\Concerns\\RoutesRequests.php(166): Laravel\\Lumen\\Application->handleFoundRoute(Array)
#8 D:\\Code\\api.gejia.com\\vendor\\laravel\\lumen-framework\\src\\Concerns\\RoutesRequests.php(426): Laravel\\Lumen\\Application->Laravel\\Lumen\\Concerns\\{closure}(Object(Laravel\\Lumen\\Http\\Request))
#9 D:\\Code\\api.gejia.com\\vendor\\laravel\\lumen-framework\\src\\Concerns\\RoutesRequests.php(172): Laravel\\Lumen\\Application->sendThroughPipeline(Array, Object(Closure))
#10 D:\\Code\\api.gejia.com\\vendor\\laravel\\lumen-framework\\src\\Concerns\\RoutesRequests.php(109): Laravel\\Lumen\\Application->dispatch(NULL)
#11 D:\\Code\\api.gejia.com\\public\\index.php(28): Laravel\\Lumen\\Application->run()
#12 {main}
"} 
[2020-08-18 10:01:16] local.ERROR: Symfony\Component\ErrorHandler\Error\FatalError: Access level to App\Model\G_agent::getDateFormat() must be public (as in class Illuminate\Database\Eloquent\Model) in D:\Code\api.gejia.com\app\Model\G_agent.php:6
Stack trace:
#0 D:\Code\api.gejia.com\vendor\laravel\lumen-framework\src\Concerns\RegistersExceptionHandlers.php(80): Symfony\Component\ErrorHandler\Error\FatalError->__construct(''Access level t...', '0', 'array ('type' =...', '0', '???', '???')
#1 D:\Code\api.gejia.com\vendor\laravel\lumen-framework\src\Concerns\RegistersExceptionHandlers.php(67): Laravel\Lumen\Application->fatalErrorFromPhpError('array ('type' =...', '0')
#2 D:\Code\api.gejia.com\vendor\laravel\lumen-framework\src\Concerns\RegistersExceptionHandlers.php(55): Laravel\Lumen\Application->handleShutdown()
#3 D:\Code\api.gejia.com\vendor\laravel\lumen-framework\src\Concerns\RegistersExceptionHandlers.php(0): Laravel\Lumen\Application->Laravel\Lumen\Concerns\{closure:D:\Code\api.gejia.com\vendor\laravel\lumen-framework\src\Concerns\RegistersExceptionHandlers.php:54-56}()
#4 D:\Code\api.gejia.com\vendor\composer\ClassLoader.php(444): ()
#5 D:\Code\api.gejia.com\vendor\composer\ClassLoader.php(322): Composer\Autoload\includeFile(''D:\\\\Code\\\\api....')
#6 D:\Code\api.gejia.com\app\Http\Controllers\Agent\AgentController.php(23): Composer\Autoload\ClassLoader->loadClass(''App\\\\Model\\\\G_...')
#7 D:\Code\api.gejia.com\app\Http\Controllers\Agent\AgentController.php(23): spl_autoload_call(''App\\\\Model\\\\G_...')
#8 D:\Code\api.gejia.com\vendor\illuminate\container\Container.php(849): App\Http\Controllers\Agent\AgentController->__construct()
#9 D:\Code\api.gejia.com\vendor\illuminate\container\Container.php(849): ReflectionClass->newInstanceArgs('array ()')
#10 D:\Code\api.gejia.com\vendor\illuminate\container\Container.php(691): Laravel\Lumen\Application->build(''App\\\\Http\\\\Con...')
#11 D:\Code\api.gejia.com\vendor\illuminate\container\Container.php(637): Laravel\Lumen\Application->resolve(''App\\\\Http\\\\Con...', 'array ()', '???')
#12 D:\Code\api.gejia.com\vendor\laravel\lumen-framework\src\Application.php(300): Laravel\Lumen\Application->make(''App\\\\Http\\\\Con...', 'array ()')
#13 D:\Code\api.gejia.com\vendor\laravel\lumen-framework\src\Concerns\RoutesRequests.php(321): Laravel\Lumen\Application->make(''App\\\\Http\\\\Con...', '???')
#14 D:\Code\api.gejia.com\vendor\laravel\lumen-framework\src\Concerns\RoutesRequests.php(279): Laravel\Lumen\Application->callControllerAction('array (0 => TRU...')
#15 D:\Code\api.gejia.com\vendor\laravel\lumen-framework\src\Concerns\RoutesRequests.php(264): Laravel\Lumen\Application->callActionOnArrayBasedRoute('array (0 => TRU...')
#16 D:\Code\api.gejia.com\vendor\laravel\lumen-framework\src\Concerns\RoutesRequests.php(166): Laravel\Lumen\Application->handleFoundRoute('array (0 => TRU...')
#17 D:\Code\api.gejia.com\vendor\laravel\lumen-framework\src\Concerns\RoutesRequests.php(426): Laravel\Lumen\Application->Laravel\Lumen\Concerns\{closure:D:\Code\api.gejia.com\vendor\laravel\lumen-framework\src\Concerns\RoutesRequests.php:162-172}('class Laravel\\L...')
#18 D:\Code\api.gejia.com\vendor\laravel\lumen-framework\src\Concerns\RoutesRequests.php(172): Laravel\Lumen\Application->sendThroughPipeline('array ()', 'class Closure {...')
#19 D:\Code\api.gejia.com\vendor\laravel\lumen-framework\src\Concerns\RoutesRequests.php(109): Laravel\Lumen\Application->dispatch('NULL')
#20 D:\Code\api.gejia.com\public\index.php(28): Laravel\Lumen\Application->run('???')
#21 D:\Code\api.gejia.com\public\index.php(0): {main}()
#22 {main} {"exception":"[object] (Symfony\\Component\\ErrorHandler\\Error\\FatalError(code: 0): Access level to App\\Model\\G_agent::getDateFormat() must be public (as in class Illuminate\\Database\\Eloquent\\Model) at D:\\Code\\api.gejia.com\\app\\Model\\G_agent.php:6)
[stacktrace]
#0 D:\\Code\\api.gejia.com\\vendor\\laravel\\lumen-framework\\src\\Concerns\\RegistersExceptionHandlers.php(80): Symfony\\Component\\ErrorHandler\\Error\\FatalError->__construct(''Access level t...', '0', 'array ('type' =...', '0', '???', '???')
#1 D:\\Code\\api.gejia.com\\vendor\\laravel\\lumen-framework\\src\\Concerns\\RegistersExceptionHandlers.php(67): Laravel\\Lumen\\Application->fatalErrorFromPhpError('array ('type' =...', '0')
#2 D:\\Code\\api.gejia.com\\vendor\\laravel\\lumen-framework\\src\\Concerns\\RegistersExceptionHandlers.php(55): Laravel\\Lumen\\Application->handleShutdown()
#3 D:\\Code\\api.gejia.com\\vendor\\laravel\\lumen-framework\\src\\Concerns\\RegistersExceptionHandlers.php(0): Laravel\\Lumen\\Application->Laravel\\Lumen\\Concerns\\{closure:D:\\Code\\api.gejia.com\\vendor\\laravel\\lumen-framework\\src\\Concerns\\RegistersExceptionHandlers.php:54-56}()
#4 D:\\Code\\api.gejia.com\\vendor\\composer\\ClassLoader.php(444): ()
#5 D:\\Code\\api.gejia.com\\vendor\\composer\\ClassLoader.php(322): Composer\\Autoload\\includeFile(''D:\\\\\\\\Code\\\\\\\\api....')
#6 D:\\Code\\api.gejia.com\\app\\Http\\Controllers\\Agent\\AgentController.php(23): Composer\\Autoload\\ClassLoader->loadClass(''App\\\\\\\\Model\\\\\\\\G_...')
#7 D:\\Code\\api.gejia.com\\app\\Http\\Controllers\\Agent\\AgentController.php(23): spl_autoload_call(''App\\\\\\\\Model\\\\\\\\G_...')
#8 D:\\Code\\api.gejia.com\\vendor\\illuminate\\container\\Container.php(849): App\\Http\\Controllers\\Agent\\AgentController->__construct()
#9 D:\\Code\\api.gejia.com\\vendor\\illuminate\\container\\Container.php(849): ReflectionClass->newInstanceArgs('array ()')
#10 D:\\Code\\api.gejia.com\\vendor\\illuminate\\container\\Container.php(691): Laravel\\Lumen\\Application->build(''App\\\\\\\\Http\\\\\\\\Con...')
#11 D:\\Code\\api.gejia.com\\vendor\\illuminate\\container\\Container.php(637): Laravel\\Lumen\\Application->resolve(''App\\\\\\\\Http\\\\\\\\Con...', 'array ()', '???')
#12 D:\\Code\\api.gejia.com\\vendor\\laravel\\lumen-framework\\src\\Application.php(300): Laravel\\Lumen\\Application->make(''App\\\\\\\\Http\\\\\\\\Con...', 'array ()')
#13 D:\\Code\\api.gejia.com\\vendor\\laravel\\lumen-framework\\src\\Concerns\\RoutesRequests.php(321): Laravel\\Lumen\\Application->make(''App\\\\\\\\Http\\\\\\\\Con...', '???')
#14 D:\\Code\\api.gejia.com\\vendor\\laravel\\lumen-framework\\src\\Concerns\\RoutesRequests.php(279): Laravel\\Lumen\\Application->callControllerAction('array (0 => TRU...')
#15 D:\\Code\\api.gejia.com\\vendor\\laravel\\lumen-framework\\src\\Concerns\\RoutesRequests.php(264): Laravel\\Lumen\\Application->callActionOnArrayBasedRoute('array (0 => TRU...')
#16 D:\\Code\\api.gejia.com\\vendor\\laravel\\lumen-framework\\src\\Concerns\\RoutesRequests.php(166): Laravel\\Lumen\\Application->handleFoundRoute('array (0 => TRU...')
#17 D:\\Code\\api.gejia.com\\vendor\\laravel\\lumen-framework\\src\\Concerns\\RoutesRequests.php(426): Laravel\\Lumen\\Application->Laravel\\Lumen\\Concerns\\{closure:D:\\Code\\api.gejia.com\\vendor\\laravel\\lumen-framework\\src\\Concerns\\RoutesRequests.php:162-172}('class Laravel\\\\L...')
#18 D:\\Code\\api.gejia.com\\vendor\\laravel\\lumen-framework\\src\\Concerns\\RoutesRequests.php(172): Laravel\\Lumen\\Application->sendThroughPipeline('array ()', 'class Closure {...')
#19 D:\\Code\\api.gejia.com\\vendor\\laravel\\lumen-framework\\src\\Concerns\\RoutesRequests.php(109): Laravel\\Lumen\\Application->dispatch('NULL')
#20 D:\\Code\\api.gejia.com\\public\\index.php(28): Laravel\\Lumen\\Application->run('???')
#21 D:\\Code\\api.gejia.com\\public\\index.php(0): {main}()
#22 {main}
"} 
[2020-08-18 10:02:01] local.ERROR: Symfony\Component\ErrorHandler\Error\FatalError: Access level to App\Model\G_agent::getDateFormat() must be public (as in class Illuminate\Database\Eloquent\Model) in D:\Code\api.gejia.com\app\Model\G_agent.php:6
Stack trace:
#0 D:\Code\api.gejia.com\vendor\laravel\lumen-framework\src\Concerns\RegistersExceptionHandlers.php(80): Symfony\Component\ErrorHandler\Error\FatalError->__construct(''Access level t...', '0', 'array ('type' =...', '0', '???', '???')
#1 D:\Code\api.gejia.com\vendor\laravel\lumen-framework\src\Concerns\RegistersExceptionHandlers.php(67): Laravel\Lumen\Application->fatalErrorFromPhpError('array ('type' =...', '0')
#2 D:\Code\api.gejia.com\vendor\laravel\lumen-framework\src\Concerns\RegistersExceptionHandlers.php(55): Laravel\Lumen\Application->handleShutdown()
#3 D:\Code\api.gejia.com\vendor\laravel\lumen-framework\src\Concerns\RegistersExceptionHandlers.php(0): Laravel\Lumen\Application->Laravel\Lumen\Concerns\{closure:D:\Code\api.gejia.com\vendor\laravel\lumen-framework\src\Concerns\RegistersExceptionHandlers.php:54-56}()
#4 D:\Code\api.gejia.com\vendor\composer\ClassLoader.php(444): ()
#5 D:\Code\api.gejia.com\vendor\composer\ClassLoader.php(322): Composer\Autoload\includeFile(''D:\\\\Code\\\\api....')
#6 D:\Code\api.gejia.com\app\Http\Controllers\Agent\AgentController.php(23): Composer\Autoload\ClassLoader->loadClass(''App\\\\Model\\\\G_...')
#7 D:\Code\api.gejia.com\app\Http\Controllers\Agent\AgentController.php(23): spl_autoload_call(''App\\\\Model\\\\G_...')
#8 D:\Code\api.gejia.com\vendor\illuminate\container\Container.php(849): App\Http\Controllers\Agent\AgentController->__construct()
#9 D:\Code\api.gejia.com\vendor\illuminate\container\Container.php(849): ReflectionClass->newInstanceArgs('array ()')
#10 D:\Code\api.gejia.com\vendor\illuminate\container\Container.php(691): Laravel\Lumen\Application->build(''App\\\\Http\\\\Con...')
#11 D:\Code\api.gejia.com\vendor\illuminate\container\Container.php(637): Laravel\Lumen\Application->resolve(''App\\\\Http\\\\Con...', 'array ()', '???')
#12 D:\Code\api.gejia.com\vendor\laravel\lumen-framework\src\Application.php(300): Laravel\Lumen\Application->make(''App\\\\Http\\\\Con...', 'array ()')
#13 D:\Code\api.gejia.com\vendor\laravel\lumen-framework\src\Concerns\RoutesRequests.php(321): Laravel\Lumen\Application->make(''App\\\\Http\\\\Con...', '???')
#14 D:\Code\api.gejia.com\vendor\laravel\lumen-framework\src\Concerns\RoutesRequests.php(279): Laravel\Lumen\Application->callControllerAction('array (0 => TRU...')
#15 D:\Code\api.gejia.com\vendor\laravel\lumen-framework\src\Concerns\RoutesRequests.php(264): Laravel\Lumen\Application->callActionOnArrayBasedRoute('array (0 => TRU...')
#16 D:\Code\api.gejia.com\vendor\laravel\lumen-framework\src\Concerns\RoutesRequests.php(166): Laravel\Lumen\Application->handleFoundRoute('array (0 => TRU...')
#17 D:\Code\api.gejia.com\vendor\laravel\lumen-framework\src\Concerns\RoutesRequests.php(426): Laravel\Lumen\Application->Laravel\Lumen\Concerns\{closure:D:\Code\api.gejia.com\vendor\laravel\lumen-framework\src\Concerns\RoutesRequests.php:162-172}('class Laravel\\L...')
#18 D:\Code\api.gejia.com\vendor\laravel\lumen-framework\src\Concerns\RoutesRequests.php(172): Laravel\Lumen\Application->sendThroughPipeline('array ()', 'class Closure {...')
#19 D:\Code\api.gejia.com\vendor\laravel\lumen-framework\src\Concerns\RoutesRequests.php(109): Laravel\Lumen\Application->dispatch('NULL')
#20 D:\Code\api.gejia.com\public\index.php(28): Laravel\Lumen\Application->run('???')
#21 D:\Code\api.gejia.com\public\index.php(0): {main}()
#22 {main} {"exception":"[object] (Symfony\\Component\\ErrorHandler\\Error\\FatalError(code: 0): Access level to App\\Model\\G_agent::getDateFormat() must be public (as in class Illuminate\\Database\\Eloquent\\Model) at D:\\Code\\api.gejia.com\\app\\Model\\G_agent.php:6)
[stacktrace]
#0 D:\\Code\\api.gejia.com\\vendor\\laravel\\lumen-framework\\src\\Concerns\\RegistersExceptionHandlers.php(80): Symfony\\Component\\ErrorHandler\\Error\\FatalError->__construct(''Access level t...', '0', 'array ('type' =...', '0', '???', '???')
#1 D:\\Code\\api.gejia.com\\vendor\\laravel\\lumen-framework\\src\\Concerns\\RegistersExceptionHandlers.php(67): Laravel\\Lumen\\Application->fatalErrorFromPhpError('array ('type' =...', '0')
#2 D:\\Code\\api.gejia.com\\vendor\\laravel\\lumen-framework\\src\\Concerns\\RegistersExceptionHandlers.php(55): Laravel\\Lumen\\Application->handleShutdown()
#3 D:\\Code\\api.gejia.com\\vendor\\laravel\\lumen-framework\\src\\Concerns\\RegistersExceptionHandlers.php(0): Laravel\\Lumen\\Application->Laravel\\Lumen\\Concerns\\{closure:D:\\Code\\api.gejia.com\\vendor\\laravel\\lumen-framework\\src\\Concerns\\RegistersExceptionHandlers.php:54-56}()
#4 D:\\Code\\api.gejia.com\\vendor\\composer\\ClassLoader.php(444): ()
#5 D:\\Code\\api.gejia.com\\vendor\\composer\\ClassLoader.php(322): Composer\\Autoload\\includeFile(''D:\\\\\\\\Code\\\\\\\\api....')
#6 D:\\Code\\api.gejia.com\\app\\Http\\Controllers\\Agent\\AgentController.php(23): Composer\\Autoload\\ClassLoader->loadClass(''App\\\\\\\\Model\\\\\\\\G_...')
#7 D:\\Code\\api.gejia.com\\app\\Http\\Controllers\\Agent\\AgentController.php(23): spl_autoload_call(''App\\\\\\\\Model\\\\\\\\G_...')
#8 D:\\Code\\api.gejia.com\\vendor\\illuminate\\container\\Container.php(849): App\\Http\\Controllers\\Agent\\AgentController->__construct()
#9 D:\\Code\\api.gejia.com\\vendor\\illuminate\\container\\Container.php(849): ReflectionClass->newInstanceArgs('array ()')
#10 D:\\Code\\api.gejia.com\\vendor\\illuminate\\container\\Container.php(691): Laravel\\Lumen\\Application->build(''App\\\\\\\\Http\\\\\\\\Con...')
#11 D:\\Code\\api.gejia.com\\vendor\\illuminate\\container\\Container.php(637): Laravel\\Lumen\\Application->resolve(''App\\\\\\\\Http\\\\\\\\Con...', 'array ()', '???')
#12 D:\\Code\\api.gejia.com\\vendor\\laravel\\lumen-framework\\src\\Application.php(300): Laravel\\Lumen\\Application->make(''App\\\\\\\\Http\\\\\\\\Con...', 'array ()')
#13 D:\\Code\\api.gejia.com\\vendor\\laravel\\lumen-framework\\src\\Concerns\\RoutesRequests.php(321): Laravel\\Lumen\\Application->make(''App\\\\\\\\Http\\\\\\\\Con...', '???')
#14 D:\\Code\\api.gejia.com\\vendor\\laravel\\lumen-framework\\src\\Concerns\\RoutesRequests.php(279): Laravel\\Lumen\\Application->callControllerAction('array (0 => TRU...')
#15 D:\\Code\\api.gejia.com\\vendor\\laravel\\lumen-framework\\src\\Concerns\\RoutesRequests.php(264): Laravel\\Lumen\\Application->callActionOnArrayBasedRoute('array (0 => TRU...')
#16 D:\\Code\\api.gejia.com\\vendor\\laravel\\lumen-framework\\src\\Concerns\\RoutesRequests.php(166): Laravel\\Lumen\\Application->handleFoundRoute('array (0 => TRU...')
#17 D:\\Code\\api.gejia.com\\vendor\\laravel\\lumen-framework\\src\\Concerns\\RoutesRequests.php(426): Laravel\\Lumen\\Application->Laravel\\Lumen\\Concerns\\{closure:D:\\Code\\api.gejia.com\\vendor\\laravel\\lumen-framework\\src\\Concerns\\RoutesRequests.php:162-172}('class Laravel\\\\L...')
#18 D:\\Code\\api.gejia.com\\vendor\\laravel\\lumen-framework\\src\\Concerns\\RoutesRequests.php(172): Laravel\\Lumen\\Application->sendThroughPipeline('array ()', 'class Closure {...')
#19 D:\\Code\\api.gejia.com\\vendor\\laravel\\lumen-framework\\src\\Concerns\\RoutesRequests.php(109): Laravel\\Lumen\\Application->dispatch('NULL')
#20 D:\\Code\\api.gejia.com\\public\\index.php(28): Laravel\\Lumen\\Application->run('???')
#21 D:\\Code\\api.gejia.com\\public\\index.php(0): {main}()
#22 {main}
"} 
[2020-08-18 10:02:51] local.ERROR: Error: Call to a member function connection() on null in D:\Code\api.gejia.com\vendor\illuminate\database\Eloquent\Model.php:1342
Stack trace:
#0 D:\Code\api.gejia.com\vendor\illuminate\database\Eloquent\Model.php(1308): Illuminate\Database\Eloquent\Model::resolveConnection(NULL)
#1 D:\Code\api.gejia.com\vendor\illuminate\database\Eloquent\Model.php(1114): Illuminate\Database\Eloquent\Model->getConnection()
#2 D:\Code\api.gejia.com\vendor\illuminate\database\Eloquent\Model.php(1031): Illuminate\Database\Eloquent\Model->newBaseQueryBuilder()
#3 D:\Code\api.gejia.com\vendor\illuminate\database\Eloquent\Model.php(1067): Illuminate\Database\Eloquent\Model->newModelQuery()
#4 D:\Code\api.gejia.com\vendor\illuminate\database\Eloquent\Model.php(1020): Illuminate\Database\Eloquent\Model->newQueryWithoutScopes()
#5 D:\Code\api.gejia.com\vendor\illuminate\database\Eloquent\Model.php(1734): Illuminate\Database\Eloquent\Model->newQuery()
#6 D:\Code\api.gejia.com\app\Http\Controllers\Agent\AgentController.php(28): Illuminate\Database\Eloquent\Model->__call('get', Array)
#7 [internal function]: App\Http\Controllers\Agent\AgentController->getAgentList(Object(Laravel\Lumen\Http\Request))
#8 D:\Code\api.gejia.com\vendor\illuminate\container\BoundMethod.php(37): call_user_func_array(Array, Array)
#9 D:\Code\api.gejia.com\vendor\illuminate\container\Util.php(37): Illuminate\Container\BoundMethod::Illuminate\Container\{closure}()
#10 D:\Code\api.gejia.com\vendor\illuminate\container\BoundMethod.php(95): Illuminate\Container\Util::unwrapIfClosure(Object(Closure))
#11 D:\Code\api.gejia.com\vendor\illuminate\container\BoundMethod.php(39): Illuminate\Container\BoundMethod::callBoundMethod(Object(Laravel\Lumen\Application), Array, Object(Closure))
#12 D:\Code\api.gejia.com\vendor\illuminate\container\Container.php(596): Illuminate\Container\BoundMethod::call(Object(Laravel\Lumen\Application), Array, Array, NULL)
#13 D:\Code\api.gejia.com\vendor\laravel\lumen-framework\src\Concerns\RoutesRequests.php(386): Illuminate\Container\Container->call(Array, Array)
#14 D:\Code\api.gejia.com\vendor\laravel\lumen-framework\src\Concerns\RoutesRequests.php(352): Laravel\Lumen\Application->callControllerCallable(Array, Array)
#15 D:\Code\api.gejia.com\vendor\laravel\lumen-framework\src\Concerns\RoutesRequests.php(326): Laravel\Lumen\Application->callLumenController(Object(App\Http\Controllers\Agent\AgentController), 'getAgentList', Array)
#16 D:\Code\api.gejia.com\vendor\laravel\lumen-framework\src\Concerns\RoutesRequests.php(279): Laravel\Lumen\Application->callControllerAction(Array)
#17 D:\Code\api.gejia.com\vendor\laravel\lumen-framework\src\Concerns\RoutesRequests.php(264): Laravel\Lumen\Application->callActionOnArrayBasedRoute(Array)
#18 D:\Code\api.gejia.com\vendor\laravel\lumen-framework\src\Concerns\RoutesRequests.php(166): Laravel\Lumen\Application->handleFoundRoute(Array)
#19 D:\Code\api.gejia.com\vendor\laravel\lumen-framework\src\Concerns\RoutesRequests.php(426): Laravel\Lumen\Application->Laravel\Lumen\Concerns\{closure}(Object(Laravel\Lumen\Http\Request))
#20 D:\Code\api.gejia.com\vendor\laravel\lumen-framework\src\Concerns\RoutesRequests.php(172): Laravel\Lumen\Application->sendThroughPipeline(Array, Object(Closure))
#21 D:\Code\api.gejia.com\vendor\laravel\lumen-framework\src\Concerns\RoutesRequests.php(109): Laravel\Lumen\Application->dispatch(NULL)
#22 D:\Code\api.gejia.com\public\index.php(28): Laravel\Lumen\Application->run()
#23 {main} {"exception":"[object] (Error(code: 0): Call to a member function connection() on null at D:\\Code\\api.gejia.com\\vendor\\illuminate\\database\\Eloquent\\Model.php:1342)
[stacktrace]
#0 D:\\Code\\api.gejia.com\\vendor\\illuminate\\database\\Eloquent\\Model.php(1308): Illuminate\\Database\\Eloquent\\Model::resolveConnection(NULL)
#1 D:\\Code\\api.gejia.com\\vendor\\illuminate\\database\\Eloquent\\Model.php(1114): Illuminate\\Database\\Eloquent\\Model->getConnection()
#2 D:\\Code\\api.gejia.com\\vendor\\illuminate\\database\\Eloquent\\Model.php(1031): Illuminate\\Database\\Eloquent\\Model->newBaseQueryBuilder()
#3 D:\\Code\\api.gejia.com\\vendor\\illuminate\\database\\Eloquent\\Model.php(1067): Illuminate\\Database\\Eloquent\\Model->newModelQuery()
#4 D:\\Code\\api.gejia.com\\vendor\\illuminate\\database\\Eloquent\\Model.php(1020): Illuminate\\Database\\Eloquent\\Model->newQueryWithoutScopes()
#5 D:\\Code\\api.gejia.com\\vendor\\illuminate\\database\\Eloquent\\Model.php(1734): Illuminate\\Database\\Eloquent\\Model->newQuery()
#6 D:\\Code\\api.gejia.com\\app\\Http\\Controllers\\Agent\\AgentController.php(28): Illuminate\\Database\\Eloquent\\Model->__call('get', Array)
#7 [internal function]: App\\Http\\Controllers\\Agent\\AgentController->getAgentList(Object(Laravel\\Lumen\\Http\\Request))
#8 D:\\Code\\api.gejia.com\\vendor\\illuminate\\container\\BoundMethod.php(37): call_user_func_array(Array, Array)
#9 D:\\Code\\api.gejia.com\\vendor\\illuminate\\container\\Util.php(37): Illuminate\\Container\\BoundMethod::Illuminate\\Container\\{closure}()
#10 D:\\Code\\api.gejia.com\\vendor\\illuminate\\container\\BoundMethod.php(95): Illuminate\\Container\\Util::unwrapIfClosure(Object(Closure))
#11 D:\\Code\\api.gejia.com\\vendor\\illuminate\\container\\BoundMethod.php(39): Illuminate\\Container\\BoundMethod::callBoundMethod(Object(Laravel\\Lumen\\Application), Array, Object(Closure))
#12 D:\\Code\\api.gejia.com\\vendor\\illuminate\\container\\Container.php(596): Illuminate\\Container\\BoundMethod::call(Object(Laravel\\Lumen\\Application), Array, Array, NULL)
#13 D:\\Code\\api.gejia.com\\vendor\\laravel\\lumen-framework\\src\\Concerns\\RoutesRequests.php(386): Illuminate\\Container\\Container->call(Array, Array)
#14 D:\\Code\\api.gejia.com\\vendor\\laravel\\lumen-framework\\src\\Concerns\\RoutesRequests.php(352): Laravel\\Lumen\\Application->callControllerCallable(Array, Array)
#15 D:\\Code\\api.gejia.com\\vendor\\laravel\\lumen-framework\\src\\Concerns\\RoutesRequests.php(326): Laravel\\Lumen\\Application->callLumenController(Object(App\\Http\\Controllers\\Agent\\AgentController), 'getAgentList', Array)
#16 D:\\Code\\api.gejia.com\\vendor\\laravel\\lumen-framework\\src\\Concerns\\RoutesRequests.php(279): Laravel\\Lumen\\Application->callControllerAction(Array)
#17 D:\\Code\\api.gejia.com\\vendor\\laravel\\lumen-framework\\src\\Concerns\\RoutesRequests.php(264): Laravel\\Lumen\\Application->callActionOnArrayBasedRoute(Array)
#18 D:\\Code\\api.gejia.com\\vendor\\laravel\\lumen-framework\\src\\Concerns\\RoutesRequests.php(166): Laravel\\Lumen\\Application->handleFoundRoute(Array)
#19 D:\\Code\\api.gejia.com\\vendor\\laravel\\lumen-framework\\src\\Concerns\\RoutesRequests.php(426): Laravel\\Lumen\\Application->Laravel\\Lumen\\Concerns\\{closure}(Object(Laravel\\Lumen\\Http\\Request))
#20 D:\\Code\\api.gejia.com\\vendor\\laravel\\lumen-framework\\src\\Concerns\\RoutesRequests.php(172): Laravel\\Lumen\\Application->sendThroughPipeline(Array, Object(Closure))
#21 D:\\Code\\api.gejia.com\\vendor\\laravel\\lumen-framework\\src\\Concerns\\RoutesRequests.php(109): Laravel\\Lumen\\Application->dispatch(NULL)
#22 D:\\Code\\api.gejia.com\\public\\index.php(28): Laravel\\Lumen\\Application->run()
#23 {main}
"} 
[2020-08-18 10:04:35] local.ERROR: PDOException: SQLSTATE[HY000] [1049] Unknown database 'gejai' in D:\Code\api.gejia.com\vendor\illuminate\database\Connectors\Connector.php:70
Stack trace:
#0 D:\Code\api.gejia.com\vendor\illuminate\database\Connectors\Connector.php(70): PDO->__construct('mysql:host=127....', 'root', '123456', Array)
#1 D:\Code\api.gejia.com\vendor\illuminate\database\Connectors\Connector.php(46): Illuminate\Database\Connectors\Connector->createPdoConnection('mysql:host=127....', 'root', '123456', Array)
#2 D:\Code\api.gejia.com\vendor\illuminate\database\Connectors\MySqlConnector.php(24): Illuminate\Database\Connectors\Connector->createConnection('mysql:host=127....', Array, Array)
#3 D:\Code\api.gejia.com\vendor\illuminate\database\Connectors\ConnectionFactory.php(184): Illuminate\Database\Connectors\MySqlConnector->connect(Array)
#4 [internal function]: Illuminate\Database\Connectors\ConnectionFactory->Illuminate\Database\Connectors\{closure}()
#5 D:\Code\api.gejia.com\vendor\illuminate\database\Connection.php(926): call_user_func(Object(Closure))
#6 D:\Code\api.gejia.com\vendor\illuminate\database\Connection.php(961): Illuminate\Database\Connection->getPdo()
#7 D:\Code\api.gejia.com\vendor\illuminate\database\Connection.php(405): Illuminate\Database\Connection->getReadPdo()
#8 D:\Code\api.gejia.com\vendor\illuminate\database\Connection.php(331): Illuminate\Database\Connection->getPdoForSelect(true)
#9 D:\Code\api.gejia.com\vendor\illuminate\database\Connection.php(664): Illuminate\Database\Connection->Illuminate\Database\{closure}('select * from `...', Array)
#10 D:\Code\api.gejia.com\vendor\illuminate\database\Connection.php(631): Illuminate\Database\Connection->runQueryCallback('select * from `...', Array, Object(Closure))
#11 D:\Code\api.gejia.com\vendor\illuminate\database\Connection.php(339): Illuminate\Database\Connection->run('select * from `...', Array, Object(Closure))
#12 D:\Code\api.gejia.com\vendor\illuminate\database\Query\Builder.php(2260): Illuminate\Database\Connection->select('select * from `...', Array, true)
#13 D:\Code\api.gejia.com\vendor\illuminate\database\Query\Builder.php(2248): Illuminate\Database\Query\Builder->runSelect()
#14 D:\Code\api.gejia.com\vendor\illuminate\database\Query\Builder.php(2743): Illuminate\Database\Query\Builder->Illuminate\Database\Query\{closure}()
#15 D:\Code\api.gejia.com\vendor\illuminate\database\Query\Builder.php(2249): Illuminate\Database\Query\Builder->onceWithColumns(Array, Object(Closure))
#16 D:\Code\api.gejia.com\vendor\illuminate\database\Eloquent\Builder.php(539): Illuminate\Database\Query\Builder->get(Array)
#17 D:\Code\api.gejia.com\vendor\illuminate\database\Eloquent\Builder.php(523): Illuminate\Database\Eloquent\Builder->getModels(Array)
#18 D:\Code\api.gejia.com\vendor\illuminate\support\Traits\ForwardsCalls.php(23): Illuminate\Database\Eloquent\Builder->get()
#19 D:\Code\api.gejia.com\vendor\illuminate\database\Eloquent\Model.php(1734): Illuminate\Database\Eloquent\Model->forwardCallTo(Object(Illuminate\Database\Eloquent\Builder), 'get', Array)
#20 D:\Code\api.gejia.com\app\Http\Controllers\Agent\AgentController.php(28): Illuminate\Database\Eloquent\Model->__call('get', Array)
#21 [internal function]: App\Http\Controllers\Agent\AgentController->getAgentList(Object(Laravel\Lumen\Http\Request))
#22 D:\Code\api.gejia.com\vendor\illuminate\container\BoundMethod.php(37): call_user_func_array(Array, Array)
#23 D:\Code\api.gejia.com\vendor\illuminate\container\Util.php(37): Illuminate\Container\BoundMethod::Illuminate\Container\{closure}()
#24 D:\Code\api.gejia.com\vendor\illuminate\container\BoundMethod.php(95): Illuminate\Container\Util::unwrapIfClosure(Object(Closure))
#25 D:\Code\api.gejia.com\vendor\illuminate\container\BoundMethod.php(39): Illuminate\Container\BoundMethod::callBoundMethod(Object(Laravel\Lumen\Application), Array, Object(Closure))
#26 D:\Code\api.gejia.com\vendor\illuminate\container\Container.php(596): Illuminate\Container\BoundMethod::call(Object(Laravel\Lumen\Application), Array, Array, NULL)
#27 D:\Code\api.gejia.com\vendor\laravel\lumen-framework\src\Concerns\RoutesRequests.php(386): Illuminate\Container\Container->call(Array, Array)
#28 D:\Code\api.gejia.com\vendor\laravel\lumen-framework\src\Concerns\RoutesRequests.php(352): Laravel\Lumen\Application->callControllerCallable(Array, Array)
#29 D:\Code\api.gejia.com\vendor\laravel\lumen-framework\src\Concerns\RoutesRequests.php(326): Laravel\Lumen\Application->callLumenController(Object(App\Http\Controllers\Agent\AgentController), 'getAgentList', Array)
#30 D:\Code\api.gejia.com\vendor\laravel\lumen-framework\src\Concerns\RoutesRequests.php(279): Laravel\Lumen\Application->callControllerAction(Array)
#31 D:\Code\api.gejia.com\vendor\laravel\lumen-framework\src\Concerns\RoutesRequests.php(264): Laravel\Lumen\Application->callActionOnArrayBasedRoute(Array)
#32 D:\Code\api.gejia.com\vendor\laravel\lumen-framework\src\Concerns\RoutesRequests.php(166): Laravel\Lumen\Application->handleFoundRoute(Array)
#33 D:\Code\api.gejia.com\vendor\laravel\lumen-framework\src\Concerns\RoutesRequests.php(426): Laravel\Lumen\Application->Laravel\Lumen\Concerns\{closure}(Object(Laravel\Lumen\Http\Request))
#34 D:\Code\api.gejia.com\vendor\laravel\lumen-framework\src\Concerns\RoutesRequests.php(172): Laravel\Lumen\Application->sendThroughPipeline(Array, Object(Closure))
#35 D:\Code\api.gejia.com\vendor\laravel\lumen-framework\src\Concerns\RoutesRequests.php(109): Laravel\Lumen\Application->dispatch(NULL)
#36 D:\Code\api.gejia.com\public\index.php(28): Laravel\Lumen\Application->run()
#37 {main}

Next Illuminate\Database\QueryException: SQLSTATE[HY000] [1049] Unknown database 'gejai' (SQL: select * from `agent`) in D:\Code\api.gejia.com\vendor\illuminate\database\Connection.php:671
Stack trace:
#0 D:\Code\api.gejia.com\vendor\illuminate\database\Connection.php(631): Illuminate\Database\Connection->runQueryCallback('select * from `...', Array, Object(Closure))
#1 D:\Code\api.gejia.com\vendor\illuminate\database\Connection.php(339): Illuminate\Database\Connection->run('select * from `...', Array, Object(Closure))
#2 D:\Code\api.gejia.com\vendor\illuminate\database\Query\Builder.php(2260): Illuminate\Database\Connection->select('select * from `...', Array, true)
#3 D:\Code\api.gejia.com\vendor\illuminate\database\Query\Builder.php(2248): Illuminate\Database\Query\Builder->runSelect()
#4 D:\Code\api.gejia.com\vendor\illuminate\database\Query\Builder.php(2743): Illuminate\Database\Query\Builder->Illuminate\Database\Query\{closure}()
#5 D:\Code\api.gejia.com\vendor\illuminate\database\Query\Builder.php(2249): Illuminate\Database\Query\Builder->onceWithColumns(Array, Object(Closure))
#6 D:\Code\api.gejia.com\vendor\illuminate\database\Eloquent\Builder.php(539): Illuminate\Database\Query\Builder->get(Array)
#7 D:\Code\api.gejia.com\vendor\illuminate\database\Eloquent\Builder.php(523): Illuminate\Database\Eloquent\Builder->getModels(Array)
#8 D:\Code\api.gejia.com\vendor\illuminate\support\Traits\ForwardsCalls.php(23): Illuminate\Database\Eloquent\Builder->get()
#9 D:\Code\api.gejia.com\vendor\illuminate\database\Eloquent\Model.php(1734): Illuminate\Database\Eloquent\Model->forwardCallTo(Object(Illuminate\Database\Eloquent\Builder), 'get', Array)
#10 D:\Code\api.gejia.com\app\Http\Controllers\Agent\AgentController.php(28): Illuminate\Database\Eloquent\Model->__call('get', Array)
#11 [internal function]: App\Http\Controllers\Agent\AgentController->getAgentList(Object(Laravel\Lumen\Http\Request))
#12 D:\Code\api.gejia.com\vendor\illuminate\container\BoundMethod.php(37): call_user_func_array(Array, Array)
#13 D:\Code\api.gejia.com\vendor\illuminate\container\Util.php(37): Illuminate\Container\BoundMethod::Illuminate\Container\{closure}()
#14 D:\Code\api.gejia.com\vendor\illuminate\container\BoundMethod.php(95): Illuminate\Container\Util::unwrapIfClosure(Object(Closure))
#15 D:\Code\api.gejia.com\vendor\illuminate\container\BoundMethod.php(39): Illuminate\Container\BoundMethod::callBoundMethod(Object(Laravel\Lumen\Application), Array, Object(Closure))
#16 D:\Code\api.gejia.com\vendor\illuminate\container\Container.php(596): Illuminate\Container\BoundMethod::call(Object(Laravel\Lumen\Application), Array, Array, NULL)
#17 D:\Code\api.gejia.com\vendor\laravel\lumen-framework\src\Concerns\RoutesRequests.php(386): Illuminate\Container\Container->call(Array, Array)
#18 D:\Code\api.gejia.com\vendor\laravel\lumen-framework\src\Concerns\RoutesRequests.php(352): Laravel\Lumen\Application->callControllerCallable(Array, Array)
#19 D:\Code\api.gejia.com\vendor\laravel\lumen-framework\src\Concerns\RoutesRequests.php(326): Laravel\Lumen\Application->callLumenController(Object(App\Http\Controllers\Agent\AgentController), 'getAgentList', Array)
#20 D:\Code\api.gejia.com\vendor\laravel\lumen-framework\src\Concerns\RoutesRequests.php(279): Laravel\Lumen\Application->callControllerAction(Array)
#21 D:\Code\api.gejia.com\vendor\laravel\lumen-framework\src\Concerns\RoutesRequests.php(264): Laravel\Lumen\Application->callActionOnArrayBasedRoute(Array)
#22 D:\Code\api.gejia.com\vendor\laravel\lumen-framework\src\Concerns\RoutesRequests.php(166): Laravel\Lumen\Application->handleFoundRoute(Array)
#23 D:\Code\api.gejia.com\vendor\laravel\lumen-framework\src\Concerns\RoutesRequests.php(426): Laravel\Lumen\Application->Laravel\Lumen\Concerns\{closure}(Object(Laravel\Lumen\Http\Request))
#24 D:\Code\api.gejia.com\vendor\laravel\lumen-framework\src\Concerns\RoutesRequests.php(172): Laravel\Lumen\Application->sendThroughPipeline(Array, Object(Closure))
#25 D:\Code\api.gejia.com\vendor\laravel\lumen-framework\src\Concerns\RoutesRequests.php(109): Laravel\Lumen\Application->dispatch(NULL)
#26 D:\Code\api.gejia.com\public\index.php(28): Laravel\Lumen\Application->run()
#27 {main} {"exception":"[object] (Illuminate\\Database\\QueryException(code: 1049): SQLSTATE[HY000] [1049] Unknown database 'gejai' (SQL: select * from `agent`) at D:\\Code\\api.gejia.com\\vendor\\illuminate\\database\\Connection.php:671)
[stacktrace]
#0 D:\\Code\\api.gejia.com\\vendor\\illuminate\\database\\Connection.php(631): Illuminate\\Database\\Connection->runQueryCallback('select * from `...', Array, Object(Closure))
#1 D:\\Code\\api.gejia.com\\vendor\\illuminate\\database\\Connection.php(339): Illuminate\\Database\\Connection->run('select * from `...', Array, Object(Closure))
#2 D:\\Code\\api.gejia.com\\vendor\\illuminate\\database\\Query\\Builder.php(2260): Illuminate\\Database\\Connection->select('select * from `...', Array, true)
#3 D:\\Code\\api.gejia.com\\vendor\\illuminate\\database\\Query\\Builder.php(2248): Illuminate\\Database\\Query\\Builder->runSelect()
#4 D:\\Code\\api.gejia.com\\vendor\\illuminate\\database\\Query\\Builder.php(2743): Illuminate\\Database\\Query\\Builder->Illuminate\\Database\\Query\\{closure}()
#5 D:\\Code\\api.gejia.com\\vendor\\illuminate\\database\\Query\\Builder.php(2249): Illuminate\\Database\\Query\\Builder->onceWithColumns(Array, Object(Closure))
#6 D:\\Code\\api.gejia.com\\vendor\\illuminate\\database\\Eloquent\\Builder.php(539): Illuminate\\Database\\Query\\Builder->get(Array)
#7 D:\\Code\\api.gejia.com\\vendor\\illuminate\\database\\Eloquent\\Builder.php(523): Illuminate\\Database\\Eloquent\\Builder->getModels(Array)
#8 D:\\Code\\api.gejia.com\\vendor\\illuminate\\support\\Traits\\ForwardsCalls.php(23): Illuminate\\Database\\Eloquent\\Builder->get()
#9 D:\\Code\\api.gejia.com\\vendor\\illuminate\\database\\Eloquent\\Model.php(1734): Illuminate\\Database\\Eloquent\\Model->forwardCallTo(Object(Illuminate\\Database\\Eloquent\\Builder), 'get', Array)
#10 D:\\Code\\api.gejia.com\\app\\Http\\Controllers\\Agent\\AgentController.php(28): Illuminate\\Database\\Eloquent\\Model->__call('get', Array)
#11 [internal function]: App\\Http\\Controllers\\Agent\\AgentController->getAgentList(Object(Laravel\\Lumen\\Http\\Request))
#12 D:\\Code\\api.gejia.com\\vendor\\illuminate\\container\\BoundMethod.php(37): call_user_func_array(Array, Array)
#13 D:\\Code\\api.gejia.com\\vendor\\illuminate\\container\\Util.php(37): Illuminate\\Container\\BoundMethod::Illuminate\\Container\\{closure}()
#14 D:\\Code\\api.gejia.com\\vendor\\illuminate\\container\\BoundMethod.php(95): Illuminate\\Container\\Util::unwrapIfClosure(Object(Closure))
#15 D:\\Code\\api.gejia.com\\vendor\\illuminate\\container\\BoundMethod.php(39): Illuminate\\Container\\BoundMethod::callBoundMethod(Object(Laravel\\Lumen\\Application), Array, Object(Closure))
#16 D:\\Code\\api.gejia.com\\vendor\\illuminate\\container\\Container.php(596): Illuminate\\Container\\BoundMethod::call(Object(Laravel\\Lumen\\Application), Array, Array, NULL)
#17 D:\\Code\\api.gejia.com\\vendor\\laravel\\lumen-framework\\src\\Concerns\\RoutesRequests.php(386): Illuminate\\Container\\Container->call(Array, Array)
#18 D:\\Code\\api.gejia.com\\vendor\\laravel\\lumen-framework\\src\\Concerns\\RoutesRequests.php(352): Laravel\\Lumen\\Application->callControllerCallable(Array, Array)
#19 D:\\Code\\api.gejia.com\\vendor\\laravel\\lumen-framework\\src\\Concerns\\RoutesRequests.php(326): Laravel\\Lumen\\Application->callLumenController(Object(App\\Http\\Controllers\\Agent\\AgentController), 'getAgentList', Array)
#20 D:\\Code\\api.gejia.com\\vendor\\laravel\\lumen-framework\\src\\Concerns\\RoutesRequests.php(279): Laravel\\Lumen\\Application->callControllerAction(Array)
#21 D:\\Code\\api.gejia.com\\vendor\\laravel\\lumen-framework\\src\\Concerns\\RoutesRequests.php(264): Laravel\\Lumen\\Application->callActionOnArrayBasedRoute(Array)
#22 D:\\Code\\api.gejia.com\\vendor\\laravel\\lumen-framework\\src\\Concerns\\RoutesRequests.php(166): Laravel\\Lumen\\Application->handleFoundRoute(Array)
#23 D:\\Code\\api.gejia.com\\vendor\\laravel\\lumen-framework\\src\\Concerns\\RoutesRequests.php(426): Laravel\\Lumen\\Application->Laravel\\Lumen\\Concerns\\{closure}(Object(Laravel\\Lumen\\Http\\Request))
#24 D:\\Code\\api.gejia.com\\vendor\\laravel\\lumen-framework\\src\\Concerns\\RoutesRequests.php(172): Laravel\\Lumen\\Application->sendThroughPipeline(Array, Object(Closure))
#25 D:\\Code\\api.gejia.com\\vendor\\laravel\\lumen-framework\\src\\Concerns\\RoutesRequests.php(109): Laravel\\Lumen\\Application->dispatch(NULL)
#26 D:\\Code\\api.gejia.com\\public\\index.php(28): Laravel\\Lumen\\Application->run()
#27 {main}

[previous exception] [object] (PDOException(code: 1049): SQLSTATE[HY000] [1049] Unknown database 'gejai' at D:\\Code\\api.gejia.com\\vendor\\illuminate\\database\\Connectors\\Connector.php:70)
[stacktrace]
#0 D:\\Code\\api.gejia.com\\vendor\\illuminate\\database\\Connectors\\Connector.php(70): PDO->__construct('mysql:host=127....', 'root', '123456', Array)
#1 D:\\Code\\api.gejia.com\\vendor\\illuminate\\database\\Connectors\\Connector.php(46): Illuminate\\Database\\Connectors\\Connector->createPdoConnection('mysql:host=127....', 'root', '123456', Array)
#2 D:\\Code\\api.gejia.com\\vendor\\illuminate\\database\\Connectors\\MySqlConnector.php(24): Illuminate\\Database\\Connectors\\Connector->createConnection('mysql:host=127....', Array, Array)
#3 D:\\Code\\api.gejia.com\\vendor\\illuminate\\database\\Connectors\\ConnectionFactory.php(184): Illuminate\\Database\\Connectors\\MySqlConnector->connect(Array)
#4 [internal function]: Illuminate\\Database\\Connectors\\ConnectionFactory->Illuminate\\Database\\Connectors\\{closure}()
#5 D:\\Code\\api.gejia.com\\vendor\\illuminate\\database\\Connection.php(926): call_user_func(Object(Closure))
#6 D:\\Code\\api.gejia.com\\vendor\\illuminate\\database\\Connection.php(961): Illuminate\\Database\\Connection->getPdo()
#7 D:\\Code\\api.gejia.com\\vendor\\illuminate\\database\\Connection.php(405): Illuminate\\Database\\Connection->getReadPdo()
#8 D:\\Code\\api.gejia.com\\vendor\\illuminate\\database\\Connection.php(331): Illuminate\\Database\\Connection->getPdoForSelect(true)
#9 D:\\Code\\api.gejia.com\\vendor\\illuminate\\database\\Connection.php(664): Illuminate\\Database\\Connection->Illuminate\\Database\\{closure}('select * from `...', Array)
#10 D:\\Code\\api.gejia.com\\vendor\\illuminate\\database\\Connection.php(631): Illuminate\\Database\\Connection->runQueryCallback('select * from `...', Array, Object(Closure))
#11 D:\\Code\\api.gejia.com\\vendor\\illuminate\\database\\Connection.php(339): Illuminate\\Database\\Connection->run('select * from `...', Array, Object(Closure))
#12 D:\\Code\\api.gejia.com\\vendor\\illuminate\\database\\Query\\Builder.php(2260): Illuminate\\Database\\Connection->select('select * from `...', Array, true)
#13 D:\\Code\\api.gejia.com\\vendor\\illuminate\\database\\Query\\Builder.php(2248): Illuminate\\Database\\Query\\Builder->runSelect()
#14 D:\\Code\\api.gejia.com\\vendor\\illuminate\\database\\Query\\Builder.php(2743): Illuminate\\Database\\Query\\Builder->Illuminate\\Database\\Query\\{closure}()
#15 D:\\Code\\api.gejia.com\\vendor\\illuminate\\database\\Query\\Builder.php(2249): Illuminate\\Database\\Query\\Builder->onceWithColumns(Array, Object(Closure))
#16 D:\\Code\\api.gejia.com\\vendor\\illuminate\\database\\Eloquent\\Builder.php(539): Illuminate\\Database\\Query\\Builder->get(Array)
#17 D:\\Code\\api.gejia.com\\vendor\\illuminate\\database\\Eloquent\\Builder.php(523): Illuminate\\Database\\Eloquent\\Builder->getModels(Array)
#18 D:\\Code\\api.gejia.com\\vendor\\illuminate\\support\\Traits\\ForwardsCalls.php(23): Illuminate\\Database\\Eloquent\\Builder->get()
#19 D:\\Code\\api.gejia.com\\vendor\\illuminate\\database\\Eloquent\\Model.php(1734): Illuminate\\Database\\Eloquent\\Model->forwardCallTo(Object(Illuminate\\Database\\Eloquent\\Builder), 'get', Array)
#20 D:\\Code\\api.gejia.com\\app\\Http\\Controllers\\Agent\\AgentController.php(28): Illuminate\\Database\\Eloquent\\Model->__call('get', Array)
#21 [internal function]: App\\Http\\Controllers\\Agent\\AgentController->getAgentList(Object(Laravel\\Lumen\\Http\\Request))
#22 D:\\Code\\api.gejia.com\\vendor\\illuminate\\container\\BoundMethod.php(37): call_user_func_array(Array, Array)
#23 D:\\Code\\api.gejia.com\\vendor\\illuminate\\container\\Util.php(37): Illuminate\\Container\\BoundMethod::Illuminate\\Container\\{closure}()
#24 D:\\Code\\api.gejia.com\\vendor\\illuminate\\container\\BoundMethod.php(95): Illuminate\\Container\\Util::unwrapIfClosure(Object(Closure))
#25 D:\\Code\\api.gejia.com\\vendor\\illuminate\\container\\BoundMethod.php(39): Illuminate\\Container\\BoundMethod::callBoundMethod(Object(Laravel\\Lumen\\Application), Array, Object(Closure))
#26 D:\\Code\\api.gejia.com\\vendor\\illuminate\\container\\Container.php(596): Illuminate\\Container\\BoundMethod::call(Object(Laravel\\Lumen\\Application), Array, Array, NULL)
#27 D:\\Code\\api.gejia.com\\vendor\\laravel\\lumen-framework\\src\\Concerns\\RoutesRequests.php(386): Illuminate\\Container\\Container->call(Array, Array)
#28 D:\\Code\\api.gejia.com\\vendor\\laravel\\lumen-framework\\src\\Concerns\\RoutesRequests.php(352): Laravel\\Lumen\\Application->callControllerCallable(Array, Array)
#29 D:\\Code\\api.gejia.com\\vendor\\laravel\\lumen-framework\\src\\Concerns\\RoutesRequests.php(326): Laravel\\Lumen\\Application->callLumenController(Object(App\\Http\\Controllers\\Agent\\AgentController), 'getAgentList', Array)
#30 D:\\Code\\api.gejia.com\\vendor\\laravel\\lumen-framework\\src\\Concerns\\RoutesRequests.php(279): Laravel\\Lumen\\Application->callControllerAction(Array)
#31 D:\\Code\\api.gejia.com\\vendor\\laravel\\lumen-framework\\src\\Concerns\\RoutesRequests.php(264): Laravel\\Lumen\\Application->callActionOnArrayBasedRoute(Array)
#32 D:\\Code\\api.gejia.com\\vendor\\laravel\\lumen-framework\\src\\Concerns\\RoutesRequests.php(166): Laravel\\Lumen\\Application->handleFoundRoute(Array)
#33 D:\\Code\\api.gejia.com\\vendor\\laravel\\lumen-framework\\src\\Concerns\\RoutesRequests.php(426): Laravel\\Lumen\\Application->Laravel\\Lumen\\Concerns\\{closure}(Object(Laravel\\Lumen\\Http\\Request))
#34 D:\\Code\\api.gejia.com\\vendor\\laravel\\lumen-framework\\src\\Concerns\\RoutesRequests.php(172): Laravel\\Lumen\\Application->sendThroughPipeline(Array, Object(Closure))
#35 D:\\Code\\api.gejia.com\\vendor\\laravel\\lumen-framework\\src\\Concerns\\RoutesRequests.php(109): Laravel\\Lumen\\Application->dispatch(NULL)
#36 D:\\Code\\api.gejia.com\\public\\index.php(28): Laravel\\Lumen\\Application->run()
#37 {main}
"} 
[2020-08-18 10:04:51] local.ERROR: Error: Call to undefined method App\Http\Controllers\Agent\AgentController::ajaxReturn() in D:\Code\api.gejia.com\app\Http\Controllers\Agent\AgentController.php:30
Stack trace:
#0 [internal function]: App\Http\Controllers\Agent\AgentController->getAgentList(Object(Laravel\Lumen\Http\Request))
#1 D:\Code\api.gejia.com\vendor\illuminate\container\BoundMethod.php(37): call_user_func_array(Array, Array)
#2 D:\Code\api.gejia.com\vendor\illuminate\container\Util.php(37): Illuminate\Container\BoundMethod::Illuminate\Container\{closure}()
#3 D:\Code\api.gejia.com\vendor\illuminate\container\BoundMethod.php(95): Illuminate\Container\Util::unwrapIfClosure(Object(Closure))
#4 D:\Code\api.gejia.com\vendor\illuminate\container\BoundMethod.php(39): Illuminate\Container\BoundMethod::callBoundMethod(Object(Laravel\Lumen\Application), Array, Object(Closure))
#5 D:\Code\api.gejia.com\vendor\illuminate\container\Container.php(596): Illuminate\Container\BoundMethod::call(Object(Laravel\Lumen\Application), Array, Array, NULL)
#6 D:\Code\api.gejia.com\vendor\laravel\lumen-framework\src\Concerns\RoutesRequests.php(386): Illuminate\Container\Container->call(Array, Array)
#7 D:\Code\api.gejia.com\vendor\laravel\lumen-framework\src\Concerns\RoutesRequests.php(352): Laravel\Lumen\Application->callControllerCallable(Array, Array)
#8 D:\Code\api.gejia.com\vendor\laravel\lumen-framework\src\Concerns\RoutesRequests.php(326): Laravel\Lumen\Application->callLumenController(Object(App\Http\Controllers\Agent\AgentController), 'getAgentList', Array)
#9 D:\Code\api.gejia.com\vendor\laravel\lumen-framework\src\Concerns\RoutesRequests.php(279): Laravel\Lumen\Application->callControllerAction(Array)
#10 D:\Code\api.gejia.com\vendor\laravel\lumen-framework\src\Concerns\RoutesRequests.php(264): Laravel\Lumen\Application->callActionOnArrayBasedRoute(Array)
#11 D:\Code\api.gejia.com\vendor\laravel\lumen-framework\src\Concerns\RoutesRequests.php(166): Laravel\Lumen\Application->handleFoundRoute(Array)
#12 D:\Code\api.gejia.com\vendor\laravel\lumen-framework\src\Concerns\RoutesRequests.php(426): Laravel\Lumen\Application->Laravel\Lumen\Concerns\{closure}(Object(Laravel\Lumen\Http\Request))
#13 D:\Code\api.gejia.com\vendor\laravel\lumen-framework\src\Concerns\RoutesRequests.php(172): Laravel\Lumen\Application->sendThroughPipeline(Array, Object(Closure))
#14 D:\Code\api.gejia.com\vendor\laravel\lumen-framework\src\Concerns\RoutesRequests.php(109): Laravel\Lumen\Application->dispatch(NULL)
#15 D:\Code\api.gejia.com\public\index.php(28): Laravel\Lumen\Application->run()
#16 {main} {"exception":"[object] (Error(code: 0): Call to undefined method App\\Http\\Controllers\\Agent\\AgentController::ajaxReturn() at D:\\Code\\api.gejia.com\\app\\Http\\Controllers\\Agent\\AgentController.php:30)
[stacktrace]
#0 [internal function]: App\\Http\\Controllers\\Agent\\AgentController->getAgentList(Object(Laravel\\Lumen\\Http\\Request))
#1 D:\\Code\\api.gejia.com\\vendor\\illuminate\\container\\BoundMethod.php(37): call_user_func_array(Array, Array)
#2 D:\\Code\\api.gejia.com\\vendor\\illuminate\\container\\Util.php(37): Illuminate\\Container\\BoundMethod::Illuminate\\Container\\{closure}()
#3 D:\\Code\\api.gejia.com\\vendor\\illuminate\\container\\BoundMethod.php(95): Illuminate\\Container\\Util::unwrapIfClosure(Object(Closure))
#4 D:\\Code\\api.gejia.com\\vendor\\illuminate\\container\\BoundMethod.php(39): Illuminate\\Container\\BoundMethod::callBoundMethod(Object(Laravel\\Lumen\\Application), Array, Object(Closure))
#5 D:\\Code\\api.gejia.com\\vendor\\illuminate\\container\\Container.php(596): Illuminate\\Container\\BoundMethod::call(Object(Laravel\\Lumen\\Application), Array, Array, NULL)
#6 D:\\Code\\api.gejia.com\\vendor\\laravel\\lumen-framework\\src\\Concerns\\RoutesRequests.php(386): Illuminate\\Container\\Container->call(Array, Array)
#7 D:\\Code\\api.gejia.com\\vendor\\laravel\\lumen-framework\\src\\Concerns\\RoutesRequests.php(352): Laravel\\Lumen\\Application->callControllerCallable(Array, Array)
#8 D:\\Code\\api.gejia.com\\vendor\\laravel\\lumen-framework\\src\\Concerns\\RoutesRequests.php(326): Laravel\\Lumen\\Application->callLumenController(Object(App\\Http\\Controllers\\Agent\\AgentController), 'getAgentList', Array)
#9 D:\\Code\\api.gejia.com\\vendor\\laravel\\lumen-framework\\src\\Concerns\\RoutesRequests.php(279): Laravel\\Lumen\\Application->callControllerAction(Array)
#10 D:\\Code\\api.gejia.com\\vendor\\laravel\\lumen-framework\\src\\Concerns\\RoutesRequests.php(264): Laravel\\Lumen\\Application->callActionOnArrayBasedRoute(Array)
#11 D:\\Code\\api.gejia.com\\vendor\\laravel\\lumen-framework\\src\\Concerns\\RoutesRequests.php(166): Laravel\\Lumen\\Application->handleFoundRoute(Array)
#12 D:\\Code\\api.gejia.com\\vendor\\laravel\\lumen-framework\\src\\Concerns\\RoutesRequests.php(426): Laravel\\Lumen\\Application->Laravel\\Lumen\\Concerns\\{closure}(Object(Laravel\\Lumen\\Http\\Request))
#13 D:\\Code\\api.gejia.com\\vendor\\laravel\\lumen-framework\\src\\Concerns\\RoutesRequests.php(172): Laravel\\Lumen\\Application->sendThroughPipeline(Array, Object(Closure))
#14 D:\\Code\\api.gejia.com\\vendor\\laravel\\lumen-framework\\src\\Concerns\\RoutesRequests.php(109): Laravel\\Lumen\\Application->dispatch(NULL)
#15 D:\\Code\\api.gejia.com\\public\\index.php(28): Laravel\\Lumen\\Application->run()
#16 {main}
"} 
